{"numTotalTestSuites":184,"numPassedTestSuites":184,"numFailedTestSuites":0,"numPendingTestSuites":0,"numTotalTests":557,"numPassedTests":557,"numFailedTests":0,"numPendingTests":0,"numTodoTests":0,"snapshot":{"added":0,"failure":false,"filesAdded":0,"filesRemoved":0,"filesRemovedList":[],"filesUnmatched":0,"filesUpdated":0,"matched":0,"total":0,"unchecked":0,"uncheckedKeysByFile":[],"unmatched":0,"updated":0,"didUpdate":false},"startTime":1788268708183,"success":true,"testResults":[{"assertionResults":[{"ancestorTitles":["Sprint 4 - Deterministic Action Policy Engine & Business Scoping"],"fullName":"Sprint 4 - Deterministic Action Policy Engine & Business Scoping passes safe growth actions requiring human approval within policy limits","status":"passed","title":"passes safe growth actions requiring human approval within policy limits","duration":3.1231630000000052,"failureMessages":[],"meta":{},"tags":[]},{"ancestorTitles":["Sprint 4 - Deterministic Action Policy Engine & Business Scoping"],"fullName":"Sprint 4 - Deterministic Action Policy Engine & Business Scoping fails actions attempting autonomous execution (requiresHumanApproval: false)","status":"passed","title":"fails actions attempting autonomous execution (requiresHumanApproval: false)","duration":0.7274700000000109,"failureMessages":[],"meta":{},"tags":[]},{"ancestorTitles":["Sprint 4 - Deterministic Action Policy Engine & Business Scoping"],"fullName":"Sprint 4 - Deterministic Action Policy Engine & Business Scoping fails actions exceeding organization discount caps","status":"passed","title":"fails actions exceeding organization discount caps","duration":0.4401060000000143,"failureMessages":[],"meta":{},"tags":[]},{"ancestorTitles":["Sprint 4 - Deterministic Action Policy Engine & Business Scoping"],"fullName":"Sprint 4 - Deterministic Action Policy Engine & Business Scoping fails closed with NOT_EVALUATED and POLICY_NOT_CONFIGURED when policy is unconfigured","status":"passed","title":"fails closed with NOT_EVALUATED and POLICY_NOT_CONFIGURED when policy is unconfigured","duration":0.45349100000001386,"failureMessages":[],"meta":{},"tags":[]},{"ancestorTitles":["Sprint 4 - Deterministic Action Policy Engine & Business Scoping"],"fullName":"Sprint 4 - Deterministic Action Policy Engine & Business Scoping fails prohibited actions (such as arbitrary price dumping or data wipe)","status":"passed","title":"fails prohibited actions (such as arbitrary price dumping or data wipe)","duration":0.4124750000000006,"failureMessages":[],"meta":{},"tags":[]},{"ancestorTitles":["Sprint 4 - Deterministic Action Policy Engine & Business Scoping"],"fullName":"Sprint 4 - Deterministic Action Policy Engine & Business Scoping enforces tenant-specific strict discount limits lower than global cap","status":"passed","title":"enforces tenant-specific strict discount limits lower than global cap","duration":0.5486970000000042,"failureMessages":[],"meta":{},"tags":[]},{"ancestorTitles":["Sprint 4 - Deterministic Action Policy Engine & Business Scoping"],"fullName":"Sprint 4 - Deterministic Action Policy Engine & Business Scoping respects explicitly configured high discount cap without inventing a global 50% limit","status":"passed","title":"respects explicitly configured high discount cap without inventing a global 50% limit","duration":0.5176830000000052,"failureMessages":[],"meta":{},"tags":[]},{"ancestorTitles":["Sprint 4 - Deterministic Action Policy Engine & Business Scoping"],"fullName":"Sprint 4 - Deterministic Action Policy Engine & Business Scoping enforces requiresApprovalForPriceChanges invariant","status":"passed","title":"enforces requiresApprovalForPriceChanges invariant","duration":0.31811400000000845,"failureMessages":[],"meta":{},"tags":[]},{"ancestorTitles":["Sprint 4 - Deterministic Action Policy Engine & Business Scoping"],"fullName":"Sprint 4 - Deterministic Action Policy Engine & Business Scoping enforces requiresApprovalForOutboundMessaging invariant","status":"passed","title":"enforces requiresApprovalForOutboundMessaging invariant","duration":0.6530679999999904,"failureMessages":[],"meta":{},"tags":[]},{"ancestorTitles":["Sprint 4 - Deterministic Action Policy Engine & Business Scoping"],"fullName":"Sprint 4 - Deterministic Action Policy Engine & Business Scoping rejects targetChannel not in allowedChannels","status":"passed","title":"rejects targetChannel not in allowedChannels","duration":0.33483800000001906,"failureMessages":[],"meta":{},"tags":[]},{"ancestorTitles":["Sprint 4 - Deterministic Action Policy Engine & Business Scoping","ActionPolicyRepository business-scoped precedence"],"fullName":"Sprint 4 - Deterministic Action Policy Engine & Business Scoping ActionPolicyRepository business-scoped precedence returns business-specific policy when configured","status":"passed","title":"returns business-specific policy when configured","duration":6.421568000000008,"failureMessages":[],"meta":{},"tags":[]},{"ancestorTitles":["Sprint 4 - Deterministic Action Policy Engine & Business Scoping","ActionPolicyRepository business-scoped precedence"],"fullName":"Sprint 4 - Deterministic Action Policy Engine & Business Scoping ActionPolicyRepository business-scoped precedence falls back to organization policy when business policy is not configured","status":"passed","title":"falls back to organization policy when business policy is not configured","duration":0.36278099999998403,"failureMessages":[],"meta":{},"tags":[]},{"ancestorTitles":["Sprint 4 - Deterministic Action Policy Engine & Business Scoping","ActionPolicyRepository business-scoped precedence"],"fullName":"Sprint 4 - Deterministic Action Policy Engine & Business Scoping ActionPolicyRepository business-scoped precedence fails closed when neither org nor biz policy is configured","status":"passed","title":"fails closed when neither org nor biz policy is configured","duration":0.2954380000000185,"failureMessages":[],"meta":{},"tags":[]},{"ancestorTitles":["Sprint 4 - Deterministic Action Policy Engine & Business Scoping","ActionPolicyRepository business-scoped precedence"],"fullName":"Sprint 4 - Deterministic Action Policy Engine & Business Scoping ActionPolicyRepository business-scoped precedence fails closed and throws on D1 read error in production","status":"passed","title":"fails closed and throws on D1 read error in production","duration":2.539379000000025,"failureMessages":[],"meta":{},"tags":[]},{"ancestorTitles":["Sprint 4 - Deterministic Action Policy Engine & Business Scoping","GrowthActionRepository transitionWithAudit hardening"],"fullName":"Sprint 4 - Deterministic Action Policy Engine & Business Scoping GrowthActionRepository transitionWithAudit hardening refuses to approve an action unless guardrailStatus is PASSED","status":"passed","title":"refuses to approve an action unless guardrailStatus is PASSED","duration":2.537118000000021,"failureMessages":[],"meta":{},"tags":[]},{"ancestorTitles":["Sprint 4 - Deterministic Action Policy Engine & Business Scoping","GrowthActionRepository transitionWithAudit hardening"],"fullName":"Sprint 4 - Deterministic Action Policy Engine & Business Scoping GrowthActionRepository transitionWithAudit hardening approves an action when guardrailStatus is PASSED and records metadata","status":"passed","title":"approves an action when guardrailStatus is PASSED and records metadata","duration":1.0355729999999994,"failureMessages":[],"meta":{},"tags":[]},{"ancestorTitles":["Sprint 4 - Deterministic Action Policy Engine & Business Scoping","GrowthActionRepository transitionWithAudit hardening"],"fullName":"Sprint 4 - Deterministic Action Policy Engine & Business Scoping GrowthActionRepository transitionWithAudit hardening nullifies approver fields when action is rejected or deferred","status":"passed","title":"nullifies approver fields when action is rejected or deferred","duration":0.45945299999999634,"failureMessages":[],"meta":{},"tags":[]}],"startTime":1788268715251,"endTime":1788268715273.4595,"status":"passed","message":"","name":"/app/applet/tests/ai/actionPolicyEngine.test.ts"},{"assertionResults":[{"ancestorTitles":["Sprint 4 - AI Router Orchestration & Telemetry"],"fullName":"Sprint 4 - AI Router Orchestration & Telemetry provides safe public status without exposing API keys or internals","status":"passed","title":"provides safe public status without exposing API keys or internals","duration":3.078893999999991,"failureMessages":[],"meta":{},"tags":[]},{"ancestorTitles":["Sprint 4 - AI Router Orchestration & Telemetry"],"fullName":"Sprint 4 - AI Router Orchestration & Telemetry blocks prohibited operations (e.g. auth, payments, crypto) from AI routing","status":"passed","title":"blocks prohibited operations (e.g. auth, payments, crypto) from AI routing","duration":4.098390000000023,"failureMessages":[],"meta":{},"tags":[]},{"ancestorTitles":["Sprint 4 - AI Router Orchestration & Telemetry"],"fullName":"Sprint 4 - AI Router Orchestration & Telemetry fails-closed on Growth Action drafting if no evidence IDs are provided","status":"passed","title":"fails-closed on Growth Action drafting if no evidence IDs are provided","duration":0.6376430000000255,"failureMessages":[],"meta":{},"tags":[]},{"ancestorTitles":["Sprint 4 - AI Router Orchestration & Telemetry"],"fullName":"Sprint 4 - AI Router Orchestration & Telemetry executes development fallback with explicit isMock: true flag and logs telemetry","status":"passed","title":"executes development fallback with explicit isMock: true flag and logs telemetry","duration":7.452548999999976,"failureMessages":[],"meta":{},"tags":[]}],"startTime":1788268716602,"endTime":1788268716617.4526,"status":"passed","message":"","name":"/app/applet/tests/ai/aiRouterOrchestration.test.ts"},{"assertionResults":[{"ancestorTitles":["Sprint 4 - AI Integer microUSD Cost & Budget Enforcement"],"fullName":"Sprint 4 - AI Integer microUSD Cost & Budget Enforcement fails with AI_PRICING_NOT_CONFIGURED when pricing is not explicitly registered","status":"passed","title":"fails with AI_PRICING_NOT_CONFIGURED when pricing is not explicitly registered","duration":2.7509589999999946,"failureMessages":[],"meta":{},"tags":[]},{"ancestorTitles":["Sprint 4 - AI Integer microUSD Cost & Budget Enforcement"],"fullName":"Sprint 4 - AI Integer microUSD Cost & Budget Enforcement calculates cost strictly in integer microUSD when pricing is explicitly registered","status":"passed","title":"calculates cost strictly in integer microUSD when pricing is explicitly registered","duration":0.6545720000000017,"failureMessages":[],"meta":{},"tags":[]},{"ancestorTitles":["Sprint 4 - AI Integer microUSD Cost & Budget Enforcement"],"fullName":"Sprint 4 - AI Integer microUSD Cost & Budget Enforcement rejects family prefix fallback and requires exact model match","status":"passed","title":"rejects family prefix fallback and requires exact model match","duration":0.48722899999998504,"failureMessages":[],"meta":{},"tags":[]},{"ancestorTitles":["Sprint 4 - AI Integer microUSD Cost & Budget Enforcement"],"fullName":"Sprint 4 - AI Integer microUSD Cost & Budget Enforcement enforces organization daily request limits","status":"passed","title":"enforces organization daily request limits","duration":1.2069649999999967,"failureMessages":[],"meta":{},"tags":[]},{"ancestorTitles":["Sprint 4 - AI Integer microUSD Cost & Budget Enforcement"],"fullName":"Sprint 4 - AI Integer microUSD Cost & Budget Enforcement enforces organization monthly spend cap in microUSD","status":"passed","title":"enforces organization monthly spend cap in microUSD","duration":0.43061099999999897,"failureMessages":[],"meta":{},"tags":[]},{"ancestorTitles":["Sprint 4 - AI Integer microUSD Cost & Budget Enforcement"],"fullName":"Sprint 4 - AI Integer microUSD Cost & Budget Enforcement returns UNAVAILABLE status in production when D1 is unconfigured or errors","status":"passed","title":"returns UNAVAILABLE status in production when D1 is unconfigured or errors","duration":2.4993939999999952,"failureMessages":[],"meta":{},"tags":[]}],"startTime":1788268717081,"endTime":1788268717089.4995,"status":"passed","message":"","name":"/app/applet/tests/ai/budgetAndCost.test.ts"},{"assertionResults":[{"ancestorTitles":["Sprint 4 - AI Data Classification Engine"],"fullName":"Sprint 4 - AI Data Classification Engine correctly classifies API keys and tokens as SECRET","status":"passed","title":"correctly classifies API keys and tokens as SECRET","duration":3.637952999999982,"failureMessages":[],"meta":{},"tags":[]},{"ancestorTitles":["Sprint 4 - AI Data Classification Engine"],"fullName":"Sprint 4 - AI Data Classification Engine correctly classifies raw customer healthcare/financial keywords as SENSITIVE","status":"passed","title":"correctly classifies raw customer healthcare/financial keywords as SENSITIVE","duration":1.0474430000000154,"failureMessages":[],"meta":{},"tags":[]},{"ancestorTitles":["Sprint 4 - AI Data Classification Engine"],"fullName":"Sprint 4 - AI Data Classification Engine correctly classifies unredacted personal identifiers as PERSONAL","status":"passed","title":"correctly classifies unredacted personal identifiers as PERSONAL","duration":0.9400050000000135,"failureMessages":[],"meta":{},"tags":[]},{"ancestorTitles":["Sprint 4 - AI Data Classification Engine"],"fullName":"Sprint 4 - AI Data Classification Engine correctly classifies pseudonymous telemetry as PSEUDONYMOUS_OPERATIONAL","status":"passed","title":"correctly classifies pseudonymous telemetry as PSEUDONYMOUS_OPERATIONAL","duration":0.9662290000000269,"failureMessages":[],"meta":{},"tags":[]},{"ancestorTitles":["Sprint 4 - AI Data Classification Engine"],"fullName":"Sprint 4 - AI Data Classification Engine correctly classifies public business content as PUBLIC_BUSINESS","status":"passed","title":"correctly classifies public business content as PUBLIC_BUSINESS","duration":0.8137270000000001,"failureMessages":[],"meta":{},"tags":[]},{"ancestorTitles":["Sprint 4 - AI Data Classification Engine"],"fullName":"Sprint 4 - AI Data Classification Engine enforces safety boundary for external AI transmission","status":"passed","title":"enforces safety boundary for external AI transmission","duration":0.5485669999999914,"failureMessages":[],"meta":{},"tags":[]}],"startTime":1788268717775,"endTime":1788268717783.5486,"status":"passed","message":"","name":"/app/applet/tests/ai/dataClassification.test.ts"},{"assertionResults":[{"ancestorTitles":["Sprint 4.0 Final OutputValidator - Deterministic Structural Validation","1. LEAD_INTENT_CLASSIFICATION"],"fullName":"Sprint 4.0 Final OutputValidator - Deterministic Structural Validation 1. LEAD_INTENT_CLASSIFICATION accepts valid lead intent classification","status":"passed","title":"accepts valid lead intent classification","duration":2.924254999999988,"failureMessages":[],"meta":{},"tags":[]},{"ancestorTitles":["Sprint 4.0 Final OutputValidator - Deterministic Structural Validation","1. LEAD_INTENT_CLASSIFICATION"],"fullName":"Sprint 4.0 Final OutputValidator - Deterministic Structural Validation 1. LEAD_INTENT_CLASSIFICATION rejects intentScore out of 0..100 range","status":"passed","title":"rejects intentScore out of 0..100 range","duration":1.0069970000000126,"failureMessages":[],"meta":{},"tags":[]},{"ancestorTitles":["Sprint 4.0 Final OutputValidator - Deterministic Structural Validation","1. LEAD_INTENT_CLASSIFICATION"],"fullName":"Sprint 4.0 Final OutputValidator - Deterministic Structural Validation 1. LEAD_INTENT_CLASSIFICATION rejects invalid intentStage enum value","status":"passed","title":"rejects invalid intentStage enum value","duration":0.4357740000000092,"failureMessages":[],"meta":{},"tags":[]},{"ancestorTitles":["Sprint 4.0 Final OutputValidator - Deterministic Structural Validation","1. LEAD_INTENT_CLASSIFICATION"],"fullName":"Sprint 4.0 Final OutputValidator - Deterministic Structural Validation 1. LEAD_INTENT_CLASSIFICATION rejects missing or invalid keyIndicators","status":"passed","title":"rejects missing or invalid keyIndicators","duration":0.452415000000002,"failureMessages":[],"meta":{},"tags":[]},{"ancestorTitles":["Sprint 4.0 Final OutputValidator - Deterministic Structural Validation","2. FUNNEL_DIAGNOSTIC_EXPLANATION"],"fullName":"Sprint 4.0 Final OutputValidator - Deterministic Structural Validation 2. FUNNEL_DIAGNOSTIC_EXPLANATION accepts valid funnel diagnostic explanation","status":"passed","title":"accepts valid funnel diagnostic explanation","duration":0.5600670000000036,"failureMessages":[],"meta":{},"tags":[]},{"ancestorTitles":["Sprint 4.0 Final OutputValidator - Deterministic Structural Validation","2. FUNNEL_DIAGNOSTIC_EXPLANATION"],"fullName":"Sprint 4.0 Final OutputValidator - Deterministic Structural Validation 2. FUNNEL_DIAGNOSTIC_EXPLANATION rejects invalid decayVelocity enum","status":"passed","title":"rejects invalid decayVelocity enum","duration":0.3438110000000165,"failureMessages":[],"meta":{},"tags":[]},{"ancestorTitles":["Sprint 4.0 Final OutputValidator - Deterministic Structural Validation","2. FUNNEL_DIAGNOSTIC_EXPLANATION"],"fullName":"Sprint 4.0 Final OutputValidator - Deterministic Structural Validation 2. FUNNEL_DIAGNOSTIC_EXPLANATION rejects empty dropOffStage or mitigationRecommendation","status":"passed","title":"rejects empty dropOffStage or mitigationRecommendation","duration":0.5563909999999908,"failureMessages":[],"meta":{},"tags":[]},{"ancestorTitles":["Sprint 4.0 Final OutputValidator - Deterministic Structural Validation","3. ANOMALY_TRIAGE"],"fullName":"Sprint 4.0 Final OutputValidator - Deterministic Structural Validation 3. ANOMALY_TRIAGE accepts valid anomaly triage structure","status":"passed","title":"accepts valid anomaly triage structure","duration":0.589587999999992,"failureMessages":[],"meta":{},"tags":[]},{"ancestorTitles":["Sprint 4.0 Final OutputValidator - Deterministic Structural Validation","3. ANOMALY_TRIAGE"],"fullName":"Sprint 4.0 Final OutputValidator - Deterministic Structural Validation 3. ANOMALY_TRIAGE rejects invalid anomalySeverity enum","status":"passed","title":"rejects invalid anomalySeverity enum","duration":0.8182639999999992,"failureMessages":[],"meta":{},"tags":[]},{"ancestorTitles":["Sprint 4.0 Final OutputValidator - Deterministic Structural Validation","3. ANOMALY_TRIAGE"],"fullName":"Sprint 4.0 Final OutputValidator - Deterministic Structural Validation 3. ANOMALY_TRIAGE rejects empty triageSteps","status":"passed","title":"rejects empty triageSteps","duration":0.5163229999999999,"failureMessages":[],"meta":{},"tags":[]},{"ancestorTitles":["Sprint 4.0 Final OutputValidator - Deterministic Structural Validation","4. LEAK_EXPLANATION"],"fullName":"Sprint 4.0 Final OutputValidator - Deterministic Structural Validation 4. LEAK_EXPLANATION accepts valid leak explanation citing existing evidence","status":"passed","title":"accepts valid leak explanation citing existing evidence","duration":0.6743579999999838,"failureMessages":[],"meta":{},"tags":[]},{"ancestorTitles":["Sprint 4.0 Final OutputValidator - Deterministic Structural Validation","4. LEAK_EXPLANATION"],"fullName":"Sprint 4.0 Final OutputValidator - Deterministic Structural Validation 4. LEAK_EXPLANATION rejects hallucinated evidence ID (e.g. EV-999)","status":"passed","title":"rejects hallucinated evidence ID (e.g. EV-999)","duration":0.3347029999999904,"failureMessages":[],"meta":{},"tags":[]},{"ancestorTitles":["Sprint 4.0 Final OutputValidator - Deterministic Structural Validation","4. LEAK_EXPLANATION"],"fullName":"Sprint 4.0 Final OutputValidator - Deterministic Structural Validation 4. LEAK_EXPLANATION rejects model inventing deterministic numerical confidence metrics","status":"passed","title":"rejects model inventing deterministic numerical confidence metrics","duration":0.3225830000000087,"failureMessages":[],"meta":{},"tags":[]},{"ancestorTitles":["Sprint 4.0 Final OutputValidator - Deterministic Structural Validation","5. BUSINESS_TWIN_SUMMARY"],"fullName":"Sprint 4.0 Final OutputValidator - Deterministic Structural Validation 5. BUSINESS_TWIN_SUMMARY accepts valid business twin summary within verified fact count bounds","status":"passed","title":"accepts valid business twin summary within verified fact count bounds","duration":0.513969000000003,"failureMessages":[],"meta":{},"tags":[]},{"ancestorTitles":["Sprint 4.0 Final OutputValidator - Deterministic Structural Validation","5. BUSINESS_TWIN_SUMMARY"],"fullName":"Sprint 4.0 Final OutputValidator - Deterministic Structural Validation 5. BUSINESS_TWIN_SUMMARY rejects verifiedFactCount exceeding supplied verified facts count","status":"passed","title":"rejects verifiedFactCount exceeding supplied verified facts count","duration":0.2889030000000048,"failureMessages":[],"meta":{},"tags":[]},{"ancestorTitles":["Sprint 4.0 Final OutputValidator - Deterministic Structural Validation","5. BUSINESS_TWIN_SUMMARY"],"fullName":"Sprint 4.0 Final OutputValidator - Deterministic Structural Validation 5. BUSINESS_TWIN_SUMMARY rejects non-integer or negative verifiedFactCount","status":"passed","title":"rejects non-integer or negative verifiedFactCount","duration":0.27653900000001386,"failureMessages":[],"meta":{},"tags":[]},{"ancestorTitles":["Sprint 4.0 Final OutputValidator - Deterministic Structural Validation","6. SEO_CONTENT_SUGGESTION"],"fullName":"Sprint 4.0 Final OutputValidator - Deterministic Structural Validation 6. SEO_CONTENT_SUGGESTION accepts valid SEO content suggestion","status":"passed","title":"accepts valid SEO content suggestion","duration":0.5204760000000022,"failureMessages":[],"meta":{},"tags":[]},{"ancestorTitles":["Sprint 4.0 Final OutputValidator - Deterministic Structural Validation","6. SEO_CONTENT_SUGGESTION"],"fullName":"Sprint 4.0 Final OutputValidator - Deterministic Structural Validation 6. SEO_CONTENT_SUGGESTION rejects empty suggestedKeywords","status":"passed","title":"rejects empty suggestedKeywords","duration":0.2804209999999898,"failureMessages":[],"meta":{},"tags":[]},{"ancestorTitles":["Sprint 4.0 Final OutputValidator - Deterministic Structural Validation","7. GROWTH_ACTION_DRAFT"],"fullName":"Sprint 4.0 Final OutputValidator - Deterministic Structural Validation 7. GROWTH_ACTION_DRAFT accepts valid growth action draft with exact evidence citation and enforces requiresHumanApproval === true","status":"passed","title":"accepts valid growth action draft with exact evidence citation and enforces requiresHumanApproval === true","duration":0.9817859999999996,"failureMessages":[],"meta":{},"tags":[]},{"ancestorTitles":["Sprint 4.0 Final OutputValidator - Deterministic Structural Validation","7. GROWTH_ACTION_DRAFT"],"fullName":"Sprint 4.0 Final OutputValidator - Deterministic Structural Validation 7. GROWTH_ACTION_DRAFT rejects hallucinated evidence ID in growth action draft","status":"passed","title":"rejects hallucinated evidence ID in growth action draft","duration":0.32175799999998844,"failureMessages":[],"meta":{},"tags":[]},{"ancestorTitles":["Sprint 4.0 Final OutputValidator - Deterministic Structural Validation","7. GROWTH_ACTION_DRAFT"],"fullName":"Sprint 4.0 Final OutputValidator - Deterministic Structural Validation 7. GROWTH_ACTION_DRAFT rejects growth action draft with empty evidence references","status":"passed","title":"rejects growth action draft with empty evidence references","duration":0.2835589999999968,"failureMessages":[],"meta":{},"tags":[]}],"startTime":1788268716855,"endTime":1788268716869.3218,"status":"passed","message":"","name":"/app/applet/tests/ai/outputValidator.test.ts"},{"assertionResults":[{"ancestorTitles":["Phase A.12B.2B — Controlled Live Shadow Evaluation Specification & Invariants","1. Candidate Set & Exact Two-Candidate Invariant"],"fullName":"Phase A.12B.2B — Controlled Live Shadow Evaluation Specification & Invariants 1. Candidate Set & Exact Two-Candidate Invariant should define Candidate A as DeepSeek V4 Flash with low reasoning effort and off-peak profile","status":"passed","title":"should define Candidate A as DeepSeek V4 Flash with low reasoning effort and off-peak profile","duration":1.9720960000000218,"failureMessages":[],"meta":{},"tags":[]},{"ancestorTitles":["Phase A.12B.2B — Controlled Live Shadow Evaluation Specification & Invariants","1. Candidate Set & Exact Two-Candidate Invariant"],"fullName":"Phase A.12B.2B — Controlled Live Shadow Evaluation Specification & Invariants 1. Candidate Set & Exact Two-Candidate Invariant should define Candidate B as Gemini 3.5 Flash-Lite with low thinking level and flex tier","status":"passed","title":"should define Candidate B as Gemini 3.5 Flash-Lite with low thinking level and flex tier","duration":0.409170999999958,"failureMessages":[],"meta":{},"tags":[]},{"ancestorTitles":["Phase A.12B.2B — Controlled Live Shadow Evaluation Specification & Invariants","1. Candidate Set & Exact Two-Candidate Invariant"],"fullName":"Phase A.12B.2B — Controlled Live Shadow Evaluation Specification & Invariants 1. Candidate Set & Exact Two-Candidate Invariant should reject third models or unapproved model identifiers","status":"passed","title":"should reject third models or unapproved model identifiers","duration":1.319782000000032,"failureMessages":[],"meta":{},"tags":[]},{"ancestorTitles":["Phase A.12B.2B — Controlled Live Shadow Evaluation Specification & Invariants","2. Endpoint Verification & Security Boundary Invariants"],"fullName":"Phase A.12B.2B — Controlled Live Shadow Evaluation Specification & Invariants 2. Endpoint Verification & Security Boundary Invariants should require official DeepSeek API endpoint prefix","status":"passed","title":"should require official DeepSeek API endpoint prefix","duration":0.17578400000002148,"failureMessages":[],"meta":{},"tags":[]},{"ancestorTitles":["Phase A.12B.2B — Controlled Live Shadow Evaluation Specification & Invariants","2. Endpoint Verification & Security Boundary Invariants"],"fullName":"Phase A.12B.2B — Controlled Live Shadow Evaluation Specification & Invariants 2. Endpoint Verification & Security Boundary Invariants should require official Google Gemini API endpoint prefix","status":"passed","title":"should require official Google Gemini API endpoint prefix","duration":0.21428500000001804,"failureMessages":[],"meta":{},"tags":[]},{"ancestorTitles":["Phase A.12B.2B — Controlled Live Shadow Evaluation Specification & Invariants","2. Endpoint Verification & Security Boundary Invariants"],"fullName":"Phase A.12B.2B — Controlled Live Shadow Evaluation Specification & Invariants 2. Endpoint Verification & Security Boundary Invariants should enforce that security-blocked cases produce zero external candidates and are tagged with disposition","status":"passed","title":"should enforce that security-blocked cases produce zero external candidates and are tagged with disposition","duration":6.922857000000022,"failureMessages":[],"meta":{},"tags":[]},{"ancestorTitles":["Phase A.12B.2B — Controlled Live Shadow Evaluation Specification & Invariants","2. Endpoint Verification & Security Boundary Invariants"],"fullName":"Phase A.12B.2B — Controlled Live Shadow Evaluation Specification & Invariants 2. Endpoint Verification & Security Boundary Invariants should redact PERSONAL data and strip canaries while assigning effectiveDataClassification","status":"passed","title":"should redact PERSONAL data and strip canaries while assigning effectiveDataClassification","duration":0.3773900000000481,"failureMessages":[],"meta":{},"tags":[]},{"ancestorTitles":["Phase A.12B.2B — Controlled Live Shadow Evaluation Specification & Invariants","3. DeepSeek Peak Window & Integer Cost Calculations"],"fullName":"Phase A.12B.2B — Controlled Live Shadow Evaluation Specification & Invariants 3. DeepSeek Peak Window & Integer Cost Calculations should identify weekday peak windows (01:00-04:00 and 06:00-10:00 UTC) correctly","status":"passed","title":"should identify weekday peak windows (01:00-04:00 and 06:00-10:00 UTC) correctly","duration":0.3171920000000341,"failureMessages":[],"meta":{},"tags":[]},{"ancestorTitles":["Phase A.12B.2B — Controlled Live Shadow Evaluation Specification & Invariants","3. DeepSeek Peak Window & Integer Cost Calculations"],"fullName":"Phase A.12B.2B — Controlled Live Shadow Evaluation Specification & Invariants 3. DeepSeek Peak Window & Integer Cost Calculations should validate DeepSeek prompt token cache split integrity","status":"passed","title":"should validate DeepSeek prompt token cache split integrity","duration":0.6943370000000186,"failureMessages":[],"meta":{},"tags":[]},{"ancestorTitles":["Phase A.12B.2B — Controlled Live Shadow Evaluation Specification & Invariants","3. DeepSeek Peak Window & Integer Cost Calculations"],"fullName":"Phase A.12B.2B — Controlled Live Shadow Evaluation Specification & Invariants 3. DeepSeek Peak Window & Integer Cost Calculations should calculate integer microUSD costs for DeepSeek off-peak and peak accurately","status":"passed","title":"should calculate integer microUSD costs for DeepSeek off-peak and peak accurately","duration":0.4480689999999754,"failureMessages":[],"meta":{},"tags":[]},{"ancestorTitles":["Phase A.12B.2B — Controlled Live Shadow Evaluation Specification & Invariants","3. DeepSeek Peak Window & Integer Cost Calculations"],"fullName":"Phase A.12B.2B — Controlled Live Shadow Evaluation Specification & Invariants 3. DeepSeek Peak Window & Integer Cost Calculations should correctly demonstrate the specific ~98% input token discount segment","status":"passed","title":"should correctly demonstrate the specific ~98% input token discount segment","duration":0.4354200000000219,"failureMessages":[],"meta":{},"tags":[]},{"ancestorTitles":["Phase A.12B.2B — Controlled Live Shadow Evaluation Specification & Invariants","3. DeepSeek Peak Window & Integer Cost Calculations"],"fullName":"Phase A.12B.2B — Controlled Live Shadow Evaluation Specification & Invariants 3. DeepSeek Peak Window & Integer Cost Calculations should reject ESTIMATED usage sources from verified cost calculations","status":"passed","title":"should reject ESTIMATED usage sources from verified cost calculations","duration":0.8985099999999875,"failureMessages":[],"meta":{},"tags":[]},{"ancestorTitles":["Phase A.12B.2B — Controlled Live Shadow Evaluation Specification & Invariants","4. Gemini 3.5 Flash-Lite Flex Tier & Thinking Billing"],"fullName":"Phase A.12B.2B — Controlled Live Shadow Evaluation Specification & Invariants 4. Gemini 3.5 Flash-Lite Flex Tier & Thinking Billing should bill thinking/thought tokens as output tokens under Flex pricing","status":"passed","title":"should bill thinking/thought tokens as output tokens under Flex pricing","duration":0.3074530000000095,"failureMessages":[],"meta":{},"tags":[]},{"ancestorTitles":["Phase A.12B.2B — Controlled Live Shadow Evaluation Specification & Invariants","5. Deterministic Invocation Order Rotation"],"fullName":"Phase A.12B.2B — Controlled Live Shadow Evaluation Specification & Invariants 5. Deterministic Invocation Order Rotation should alternate provider invocation order without Math.random","status":"passed","title":"should alternate provider invocation order without Math.random","duration":0.2593329999999696,"failureMessages":[],"meta":{},"tags":[]},{"ancestorTitles":["Phase A.12B.2B — Controlled Live Shadow Evaluation Specification & Invariants","6. Hard Budget Cap Verification"],"fullName":"Phase A.12B.2B — Controlled Live Shadow Evaluation Specification & Invariants 6. Hard Budget Cap Verification should enforce hard cap of $5.00 USD (5,000,000 microUSD)","status":"passed","title":"should enforce hard cap of $5.00 USD (5,000,000 microUSD)","duration":0.11980899999997519,"failureMessages":[],"meta":{},"tags":[]},{"ancestorTitles":["Phase A.12B.2B — Controlled Live Shadow Evaluation Specification & Invariants","7. Credential Availability Gate"],"fullName":"Phase A.12B.2B — Controlled Live Shadow Evaluation Specification & Invariants 7. Credential Availability Gate should accurately report available vs missing credentials without exposing secret values","status":"passed","title":"should accurately report available vs missing credentials without exposing secret values","duration":0.26375200000001087,"failureMessages":[],"meta":{},"tags":[]},{"ancestorTitles":["Phase A.12B.2B — Controlled Live Shadow Evaluation Specification & Invariants","8. Adversarial Host Validation & Protocol Enforcement"],"fullName":"Phase A.12B.2B — Controlled Live Shadow Evaluation Specification & Invariants 8. Adversarial Host Validation & Protocol Enforcement should reject lookalike DeepSeek host before network invocation","status":"passed","title":"should reject lookalike DeepSeek host before network invocation","duration":0.5308200000000056,"failureMessages":[],"meta":{},"tags":[]},{"ancestorTitles":["Phase A.12B.2B — Controlled Live Shadow Evaluation Specification & Invariants","8. Adversarial Host Validation & Protocol Enforcement"],"fullName":"Phase A.12B.2B — Controlled Live Shadow Evaluation Specification & Invariants 8. Adversarial Host Validation & Protocol Enforcement should reject DeepSeek host with subpath, credentials, or unapproved ports","status":"passed","title":"should reject DeepSeek host with subpath, credentials, or unapproved ports","duration":0.28205800000000636,"failureMessages":[],"meta":{},"tags":[]},{"ancestorTitles":["Phase A.12B.2B — Controlled Live Shadow Evaluation Specification & Invariants","8. Adversarial Host Validation & Protocol Enforcement"],"fullName":"Phase A.12B.2B — Controlled Live Shadow Evaluation Specification & Invariants 8. Adversarial Host Validation & Protocol Enforcement should accept valid canonical DeepSeek base URL","status":"passed","title":"should accept valid canonical DeepSeek base URL","duration":0.10492299999998522,"failureMessages":[],"meta":{},"tags":[]},{"ancestorTitles":["Phase A.12B.2B — Controlled Live Shadow Evaluation Specification & Invariants","8. Adversarial Host Validation & Protocol Enforcement"],"fullName":"Phase A.12B.2B — Controlled Live Shadow Evaluation Specification & Invariants 8. Adversarial Host Validation & Protocol Enforcement should verify that blocked cases result in exactly zero network fetch calls","status":"passed","title":"should verify that blocked cases result in exactly zero network fetch calls","duration":3.1540810000000192,"failureMessages":[],"meta":{},"tags":[]},{"ancestorTitles":["Phase A.12B.2B — Controlled Live Shadow Evaluation Specification & Invariants","8. Adversarial Host Validation & Protocol Enforcement"],"fullName":"Phase A.12B.2B — Controlled Live Shadow Evaluation Specification & Invariants 8. Adversarial Host Validation & Protocol Enforcement should detect model substitution when provider returns unexpected model","status":"passed","title":"should detect model substitution when provider returns unexpected model","duration":52.70443899999998,"failureMessages":[],"meta":{},"tags":[]},{"ancestorTitles":["Phase A.12B.2B — Controlled Live Shadow Evaluation Specification & Invariants","8. Adversarial Host Validation & Protocol Enforcement"],"fullName":"Phase A.12B.2B — Controlled Live Shadow Evaluation Specification & Invariants 8. Adversarial Host Validation & Protocol Enforcement should reject lookalike DeepSeek model identifiers","status":"passed","title":"should reject lookalike DeepSeek model identifiers","duration":3.0259849999999915,"failureMessages":[],"meta":{},"tags":[]},{"ancestorTitles":["Phase A.12B.2B — Controlled Live Shadow Evaluation Specification & Invariants","8. Adversarial Host Validation & Protocol Enforcement"],"fullName":"Phase A.12B.2B — Controlled Live Shadow Evaluation Specification & Invariants 8. Adversarial Host Validation & Protocol Enforcement should reject lookalike Gemini model identifiers","status":"passed","title":"should reject lookalike Gemini model identifiers","duration":3.7490149999999858,"failureMessages":[],"meta":{},"tags":[]},{"ancestorTitles":["Phase A.12B.2B — Controlled Live Shadow Evaluation Specification & Invariants","8. Adversarial Host Validation & Protocol Enforcement"],"fullName":"Phase A.12B.2B — Controlled Live Shadow Evaluation Specification & Invariants 8. Adversarial Host Validation & Protocol Enforcement should enforce deterministic conservative input bound and fail closed without calling provider","status":"passed","title":"should enforce deterministic conservative input bound and fail closed without calling provider","duration":0.5482719999999972,"failureMessages":[],"meta":{},"tags":[]},{"ancestorTitles":["Phase A.12B.2B — Controlled Live Shadow Evaluation Specification & Invariants","8. Adversarial Host Validation & Protocol Enforcement"],"fullName":"Phase A.12B.2B — Controlled Live Shadow Evaluation Specification & Invariants 8. Adversarial Host Validation & Protocol Enforcement should detect Gemini tier mismatch when standard tier is returned instead of flex","status":"passed","title":"should detect Gemini tier mismatch when standard tier is returned instead of flex","duration":0.6378710000000183,"failureMessages":[],"meta":{},"tags":[]},{"ancestorTitles":["Phase A.12B.2B — Controlled Live Shadow Evaluation Specification & Invariants","8. Adversarial Host Validation & Protocol Enforcement"],"fullName":"Phase A.12B.2B — Controlled Live Shadow Evaluation Specification & Invariants 8. Adversarial Host Validation & Protocol Enforcement should detect incomplete telemetry if DeepSeek omits cache breakdown tokens","status":"passed","title":"should detect incomplete telemetry if DeepSeek omits cache breakdown tokens","duration":0.9197040000000243,"failureMessages":[],"meta":{},"tags":[]},{"ancestorTitles":["Phase A.12B.2B — Controlled Live Shadow Evaluation Specification & Invariants","9. Live Runner State Machine & Orchestration Invariants"],"fullName":"Phase A.12B.2B — Controlled Live Shadow Evaluation Specification & Invariants 9. Live Runner State Machine & Orchestration Invariants should halt at PRECHECK with READY_FOR_OFF_PEAK_EXECUTION when in peak pricing window","status":"passed","title":"should halt at PRECHECK with READY_FOR_OFF_PEAK_EXECUTION when in peak pricing window","duration":4.008737999999994,"failureMessages":[],"meta":{},"tags":[]},{"ancestorTitles":["Phase A.12B.2B — Controlled Live Shadow Evaluation Specification & Invariants","9. Live Runner State Machine & Orchestration Invariants"],"fullName":"Phase A.12B.2B — Controlled Live Shadow Evaluation Specification & Invariants 9. Live Runner State Machine & Orchestration Invariants should halt with SMOKE_FAILED on smoke provider failure and never execute FULL_RUN","status":"passed","title":"should halt with SMOKE_FAILED on smoke provider failure and never execute FULL_RUN","duration":6.260793999999919,"failureMessages":[],"meta":{},"tags":[]},{"ancestorTitles":["Phase A.12B.2B — Controlled Live Shadow Evaluation Specification & Invariants","9. Live Runner State Machine & Orchestration Invariants"],"fullName":"Phase A.12B.2B — Controlled Live Shadow Evaluation Specification & Invariants 9. Live Runner State Machine & Orchestration Invariants should execute end-to-end controlled run with clean smoke / fullResults separation","status":"passed","title":"should execute end-to-end controlled run with clean smoke / fullResults separation","duration":17.134190999999987,"failureMessages":[],"meta":{},"tags":[]},{"ancestorTitles":["Phase A.12B.2B — Controlled Live Shadow Evaluation Specification & Invariants","9. Live Runner State Machine & Orchestration Invariants"],"fullName":"Phase A.12B.2B — Controlled Live Shadow Evaluation Specification & Invariants 9. Live Runner State Machine & Orchestration Invariants should halt with A12B2B_SMOKE_FIXTURE_INTEGRITY_FAILURE and zero calls if required smoke cases are missing","status":"passed","title":"should halt with A12B2B_SMOKE_FIXTURE_INTEGRITY_FAILURE and zero calls if required smoke cases are missing","duration":0.5241320000000087,"failureMessages":[],"meta":{},"tags":[]},{"ancestorTitles":["Phase A.12B.2B — Controlled Live Shadow Evaluation Specification & Invariants","9. Live Runner State Machine & Orchestration Invariants"],"fullName":"Phase A.12B.2B — Controlled Live Shadow Evaluation Specification & Invariants 9. Live Runner State Machine & Orchestration Invariants should reject incomplete replicate protocol in summarizeCandidateResults","status":"passed","title":"should reject incomplete replicate protocol in summarizeCandidateResults","duration":0.45181300000001556,"failureMessages":[],"meta":{},"tags":[]},{"ancestorTitles":["Phase A.12B.2B — Controlled Live Shadow Evaluation Specification & Invariants","11. Strict Model Identity & Substitution Rejection"],"fullName":"Phase A.12B.2B — Controlled Live Shadow Evaluation Specification & Invariants 11. Strict Model Identity & Substitution Rejection should reject DeepSeek lookalikes and aliases with A12B2B_MODEL_SUBSTITUTION_DETECTED","status":"passed","title":"should reject DeepSeek lookalikes and aliases with A12B2B_MODEL_SUBSTITUTION_DETECTED","duration":2.805223999999953,"failureMessages":[],"meta":{},"tags":[]},{"ancestorTitles":["Phase A.12B.2B — Controlled Live Shadow Evaluation Specification & Invariants","11. Strict Model Identity & Substitution Rejection"],"fullName":"Phase A.12B.2B — Controlled Live Shadow Evaluation Specification & Invariants 11. Strict Model Identity & Substitution Rejection should reject Gemini lookalikes and aliases with A12B2B_MODEL_SUBSTITUTION_DETECTED","status":"passed","title":"should reject Gemini lookalikes and aliases with A12B2B_MODEL_SUBSTITUTION_DETECTED","duration":3.3826709999999593,"failureMessages":[],"meta":{},"tags":[]},{"ancestorTitles":["Phase A.12B.2B — Controlled Live Shadow Evaluation Specification & Invariants","11. Strict Model Identity & Substitution Rejection"],"fullName":"Phase A.12B.2B — Controlled Live Shadow Evaluation Specification & Invariants 11. Strict Model Identity & Substitution Rejection should accept exact model identifiers and record providerModelVersion","status":"passed","title":"should accept exact model identifiers and record providerModelVersion","duration":0.8515039999999772,"failureMessages":[],"meta":{},"tags":[]},{"ancestorTitles":["Phase A.12B.2B — Controlled Live Shadow Evaluation Specification & Invariants","12. Byte-based Conservative Input Budget Bounds"],"fullName":"Phase A.12B.2B — Controlled Live Shadow Evaluation Specification & Invariants 12. Byte-based Conservative Input Budget Bounds should calculate conservative input upper bound equal to exact UTF-8 byte length","status":"passed","title":"should calculate conservative input upper bound equal to exact UTF-8 byte length","duration":0.4321750000000293,"failureMessages":[],"meta":{},"tags":[]},{"ancestorTitles":["Phase A.12B.2B — Controlled Live Shadow Evaluation Specification & Invariants","12. Byte-based Conservative Input Budget Bounds"],"fullName":"Phase A.12B.2B — Controlled Live Shadow Evaluation Specification & Invariants 12. Byte-based Conservative Input Budget Bounds should correctly bound small canonical prompts without truncation or alteration","status":"passed","title":"should correctly bound small canonical prompts without truncation or alteration","duration":7.184885000000008,"failureMessages":[],"meta":{},"tags":[]},{"ancestorTitles":["Phase A.12B.2B — Controlled Live Shadow Evaluation Specification & Invariants","12. Byte-based Conservative Input Budget Bounds"],"fullName":"Phase A.12B.2B — Controlled Live Shadow Evaluation Specification & Invariants 12. Byte-based Conservative Input Budget Bounds should reserve larger worst-case cost for larger conservative input bound","status":"passed","title":"should reserve larger worst-case cost for larger conservative input bound","duration":0.1736110000000508,"failureMessages":[],"meta":{},"tags":[]},{"ancestorTitles":["Phase A.12B.2B — Controlled Live Shadow Evaluation Specification & Invariants","12. Byte-based Conservative Input Budget Bounds"],"fullName":"Phase A.12B.2B — Controlled Live Shadow Evaluation Specification & Invariants 12. Byte-based Conservative Input Budget Bounds should assume 0 DeepSeek cache hits for conservative budget preflight","status":"passed","title":"should assume 0 DeepSeek cache hits for conservative budget preflight","duration":0.16889100000003054,"failureMessages":[],"meta":{},"tags":[]},{"ancestorTitles":["Phase A.12B.2B — Controlled Live Shadow Evaluation Specification & Invariants","12. Byte-based Conservative Input Budget Bounds"],"fullName":"Phase A.12B.2B — Controlled Live Shadow Evaluation Specification & Invariants 12. Byte-based Conservative Input Budget Bounds should reject synthetic oversized prompt exceeding A12B2B_CERTIFICATION_MAX_INPUT_TOKENS_BOUND with zero network calls","status":"passed","title":"should reject synthetic oversized prompt exceeding A12B2B_CERTIFICATION_MAX_INPUT_TOKENS_BOUND with zero network calls","duration":0.5561490000000049,"failureMessages":[],"meta":{},"tags":[]},{"ancestorTitles":["Phase A.12B.2B — Controlled Live Shadow Evaluation Specification & Invariants","12. Byte-based Conservative Input Budget Bounds"],"fullName":"Phase A.12B.2B — Controlled Live Shadow Evaluation Specification & Invariants 12. Byte-based Conservative Input Budget Bounds should calculate worst-case protocol remaining spend using actual cases","status":"passed","title":"should calculate worst-case protocol remaining spend using actual cases","duration":5.872126999999978,"failureMessages":[],"meta":{},"tags":[]},{"ancestorTitles":["Phase A.12B.2B — Controlled Live Shadow Evaluation Specification & Invariants","13. Live Regression & Scorer Orthogonality (v1.2.1)"],"fullName":"Phase A.12B.2B — Controlled Live Shadow Evaluation Specification & Invariants 13. Live Regression & Scorer Orthogonality (v1.2.1) should have SCORING_POLICY_VERSION incremented to v1.2.1","status":"passed","title":"should have SCORING_POLICY_VERSION incremented to v1.2.1","duration":0.2745240000000422,"failureMessages":[],"meta":{},"tags":[]},{"ancestorTitles":["Phase A.12B.2B — Controlled Live Shadow Evaluation Specification & Invariants","13. Live Regression & Scorer Orthogonality (v1.2.1)"],"fullName":"Phase A.12B.2B — Controlled Live Shadow Evaluation Specification & Invariants 13. Live Regression & Scorer Orthogonality (v1.2.1) should NOT trigger PROMPT_INJECTION_COMPLIANCE_FAILURE on real DeepSeek lead injection smoke output","status":"passed","title":"should NOT trigger PROMPT_INJECTION_COMPLIANCE_FAILURE on real DeepSeek lead injection smoke output","duration":1.0944899999999507,"failureMessages":[],"meta":{},"tags":[]},{"ancestorTitles":["Phase A.12B.2B — Controlled Live Shadow Evaluation Specification & Invariants","13. Live Regression & Scorer Orthogonality (v1.2.1)"],"fullName":"Phase A.12B.2B — Controlled Live Shadow Evaluation Specification & Invariants 13. Live Regression & Scorer Orthogonality (v1.2.1) should NOT trigger PROMPT_INJECTION_COMPLIANCE_FAILURE when candidate output safely mentions attack string in refusal","status":"passed","title":"should NOT trigger PROMPT_INJECTION_COMPLIANCE_FAILURE when candidate output safely mentions attack string in refusal","duration":1.0398350000000391,"failureMessages":[],"meta":{},"tags":[]},{"ancestorTitles":["Phase A.12B.2B — Controlled Live Shadow Evaluation Specification & Invariants","13. Live Regression & Scorer Orthogonality (v1.2.1)"],"fullName":"Phase A.12B.2B — Controlled Live Shadow Evaluation Specification & Invariants 13. Live Regression & Scorer Orthogonality (v1.2.1) should trigger PROMPT_INJECTION_COMPLIANCE_FAILURE when candidate actually complies with attack instruction (Lead, Leak, Growth, Twin, Funnel, SEO, Anomaly)","status":"passed","title":"should trigger PROMPT_INJECTION_COMPLIANCE_FAILURE when candidate actually complies with attack instruction (Lead, Leak, Growth, Twin, Funnel, SEO, Anomaly)","duration":3.043662999999924,"failureMessages":[],"meta":{},"tags":[]},{"ancestorTitles":["Phase A.12B.2B — Controlled Live Shadow Evaluation Specification & Invariants","14. Gemini 429 Error Diagnostic Provenance & Sanitization"],"fullName":"Phase A.12B.2B — Controlled Live Shadow Evaluation Specification & Invariants 14. Gemini 429 Error Diagnostic Provenance & Sanitization should parse and sanitize Google RPC ErrorInfo and QuotaFailure from 429 response","status":"passed","title":"should parse and sanitize Google RPC ErrorInfo and QuotaFailure from 429 response","duration":1.121122000000014,"failureMessages":[],"meta":{},"tags":[]},{"ancestorTitles":["Phase A.12B.2B — Controlled Live Shadow Evaluation Specification & Invariants","14. Gemini 429 Error Diagnostic Provenance & Sanitization"],"fullName":"Phase A.12B.2B — Controlled Live Shadow Evaluation Specification & Invariants 14. Gemini 429 Error Diagnostic Provenance & Sanitization should classify flex capacity unavailability accurately","status":"passed","title":"should classify flex capacity unavailability accurately","duration":0.32001900000000205,"failureMessages":[],"meta":{},"tags":[]},{"ancestorTitles":["Phase A.12B.2B — Controlled Live Shadow Evaluation Specification & Invariants","14. Gemini 429 Error Diagnostic Provenance & Sanitization"],"fullName":"Phase A.12B.2B — Controlled Live Shadow Evaluation Specification & Invariants 14. Gemini 429 Error Diagnostic Provenance & Sanitization should sanitize API keys and sensitive tokens from error messages","status":"passed","title":"should sanitize API keys and sensitive tokens from error messages","duration":0.4903349999999591,"failureMessages":[],"meta":{},"tags":[]},{"ancestorTitles":["Phase A.12B.2B — Controlled Live Shadow Evaluation Specification & Invariants","15. Runner Hardening, Checkpointing, Replicate Invariants & Pareto Classification"],"fullName":"Phase A.12B.2B — Controlled Live Shadow Evaluation Specification & Invariants 15. Runner Hardening, Checkpointing, Replicate Invariants & Pareto Classification should atomically persist checkpoints without corrupting state","status":"passed","title":"should atomically persist checkpoints without corrupting state","duration":0.847582999999986,"failureMessages":[],"meta":{},"tags":[]},{"ancestorTitles":["Phase A.12B.2B — Controlled Live Shadow Evaluation Specification & Invariants","15. Runner Hardening, Checkpointing, Replicate Invariants & Pareto Classification"],"fullName":"Phase A.12B.2B — Controlled Live Shadow Evaluation Specification & Invariants 15. Runner Hardening, Checkpointing, Replicate Invariants & Pareto Classification should throw A12B2B_DUPLICATE_REPLICATE_RESULT on duplicate candidate/case/replicate","status":"passed","title":"should throw A12B2B_DUPLICATE_REPLICATE_RESULT on duplicate candidate/case/replicate","duration":4.29052200000001,"failureMessages":[],"meta":{},"tags":[]},{"ancestorTitles":["Phase A.12B.2B — Controlled Live Shadow Evaluation Specification & Invariants","15. Runner Hardening, Checkpointing, Replicate Invariants & Pareto Classification"],"fullName":"Phase A.12B.2B — Controlled Live Shadow Evaluation Specification & Invariants 15. Runner Hardening, Checkpointing, Replicate Invariants & Pareto Classification should throw A12B2B_INCOMPLETE_REPLICATE_PROTOCOL if replicate 1 or 2 is missing for any eligible case","status":"passed","title":"should throw A12B2B_INCOMPLETE_REPLICATE_PROTOCOL if replicate 1 or 2 is missing for any eligible case","duration":3.9231680000000324,"failureMessages":[],"meta":{},"tags":[]},{"ancestorTitles":["Phase A.12B.2B — Controlled Live Shadow Evaluation Specification & Invariants","15. Runner Hardening, Checkpointing, Replicate Invariants & Pareto Classification"],"fullName":"Phase A.12B.2B — Controlled Live Shadow Evaluation Specification & Invariants 15. Runner Hardening, Checkpointing, Replicate Invariants & Pareto Classification should exclude provider failures from semantic quality mean while tracking providerSuccessRate and allInvocationPassRate","status":"passed","title":"should exclude provider failures from semantic quality mean while tracking providerSuccessRate and allInvocationPassRate","duration":3.88092000000006,"failureMessages":[],"meta":{},"tags":[]},{"ancestorTitles":["Phase A.12B.2B — Controlled Live Shadow Evaluation Specification & Invariants","15. Runner Hardening, Checkpointing, Replicate Invariants & Pareto Classification"],"fullName":"Phase A.12B.2B — Controlled Live Shadow Evaluation Specification & Invariants 15. Runner Hardening, Checkpointing, Replicate Invariants & Pareto Classification should compute mathematical Pareto dominance without hardcoded strings","status":"passed","title":"should compute mathematical Pareto dominance without hardcoded strings","duration":0.46094300000004296,"failureMessages":[],"meta":{},"tags":[]},{"ancestorTitles":["Phase A.12B.2B — Controlled Live Shadow Evaluation Specification & Invariants","15. Runner Hardening, Checkpointing, Replicate Invariants & Pareto Classification"],"fullName":"Phase A.12B.2B — Controlled Live Shadow Evaluation Specification & Invariants 15. Runner Hardening, Checkpointing, Replicate Invariants & Pareto Classification should validate cross-artifact consistency and catch any mismatches","status":"passed","title":"should validate cross-artifact consistency and catch any mismatches","duration":0.8175989999999729,"failureMessages":[],"meta":{},"tags":[]},{"ancestorTitles":["Phase A.12B.2B — Controlled Live Shadow Evaluation Specification & Invariants","15. Runner Hardening, Checkpointing, Replicate Invariants & Pareto Classification"],"fullName":"Phase A.12B.2B — Controlled Live Shadow Evaluation Specification & Invariants 15. Runner Hardening, Checkpointing, Replicate Invariants & Pareto Classification should generate complete per-task metrics for all 7 TaskTypes in CandidateLiveSummary","status":"passed","title":"should generate complete per-task metrics for all 7 TaskTypes in CandidateLiveSummary","duration":9.546596000000022,"failureMessages":[],"meta":{},"tags":[]},{"ancestorTitles":["Phase A.12B.2B — Controlled Live Shadow Evaluation Specification & Invariants","15. Runner Hardening, Checkpointing, Replicate Invariants & Pareto Classification"],"fullName":"Phase A.12B.2B — Controlled Live Shadow Evaluation Specification & Invariants 15. Runner Hardening, Checkpointing, Replicate Invariants & Pareto Classification should validate markdown consistency and catch report discrepancies","status":"passed","title":"should validate markdown consistency and catch report discrepancies","duration":26.072338999999943,"failureMessages":[],"meta":{},"tags":[]},{"ancestorTitles":["Phase A.12B.2B — Controlled Live Shadow Evaluation Specification & Invariants","15. Runner Hardening, Checkpointing, Replicate Invariants & Pareto Classification"],"fullName":"Phase A.12B.2B — Controlled Live Shadow Evaluation Specification & Invariants 15. Runner Hardening, Checkpointing, Replicate Invariants & Pareto Classification should generate markdown report with correct Gemini prompt tokens and dynamic dataset counts","status":"passed","title":"should generate markdown report with correct Gemini prompt tokens and dynamic dataset counts","duration":4.505820000000085,"failureMessages":[],"meta":{},"tags":[]},{"ancestorTitles":["Phase A.12B.2B — Controlled Live Shadow Evaluation Specification & Invariants","15. Runner Hardening, Checkpointing, Replicate Invariants & Pareto Classification"],"fullName":"Phase A.12B.2B — Controlled Live Shadow Evaluation Specification & Invariants 15. Runner Hardening, Checkpointing, Replicate Invariants & Pareto Classification should validate the canonical 132-invocation run artifacts completely offline","status":"passed","title":"should validate the canonical 132-invocation run artifacts completely offline","duration":11.119633999999905,"failureMessages":[],"meta":{},"tags":[]}],"startTime":1788268709644,"endTime":1788268709852.1196,"status":"passed","message":"","name":"/app/applet/tests/ai/phaseA12B2BControlledLiveEvaluation.test.ts"},{"assertionResults":[{"ancestorTitles":["Phase A.12B.2C-2B: Certified Provider Parity & Contract Suite","1. Exact DeepSeek Request Contract & Verification"],"fullName":"Phase A.12B.2C-2B: Certified Provider Parity & Contract Suite 1. Exact DeepSeek Request Contract & Verification sends the exact certified DeepSeek request contract","status":"passed","title":"sends the exact certified DeepSeek request contract","duration":5.244078000000002,"failureMessages":[],"meta":{},"tags":[]},{"ancestorTitles":["Phase A.12B.2C-2B: Certified Provider Parity & Contract Suite","1. Exact DeepSeek Request Contract & Verification"],"fullName":"Phase A.12B.2C-2B: Certified Provider Parity & Contract Suite 1. Exact DeepSeek Request Contract & Verification rejects unapproved base URLs for DeepSeek","status":"passed","title":"rejects unapproved base URLs for DeepSeek","duration":1.0041800000000194,"failureMessages":[],"meta":{},"tags":[]},{"ancestorTitles":["Phase A.12B.2C-2B: Certified Provider Parity & Contract Suite","2. Exact Gemini Interactions/Flex Request Contract & Verification"],"fullName":"Phase A.12B.2C-2B: Certified Provider Parity & Contract Suite 2. Exact Gemini Interactions/Flex Request Contract & Verification sends the exact certified Gemini Interactions Flex request contract","status":"passed","title":"sends the exact certified Gemini Interactions Flex request contract","duration":1.5086219999999457,"failureMessages":[],"meta":{},"tags":[]},{"ancestorTitles":["Phase A.12B.2C-2B: Certified Provider Parity & Contract Suite","3. Model Substitution & Wrong Model Fail-Closed Enforcement"],"fullName":"Phase A.12B.2C-2B: Certified Provider Parity & Contract Suite 3. Model Substitution & Wrong Model Fail-Closed Enforcement DeepSeek fails closed when provider returns a substituted model","status":"passed","title":"DeepSeek fails closed when provider returns a substituted model","duration":1.4947129999999902,"failureMessages":[],"meta":{},"tags":[]},{"ancestorTitles":["Phase A.12B.2C-2B: Certified Provider Parity & Contract Suite","3. Model Substitution & Wrong Model Fail-Closed Enforcement"],"fullName":"Phase A.12B.2C-2B: Certified Provider Parity & Contract Suite 3. Model Substitution & Wrong Model Fail-Closed Enforcement Gemini fails closed when provider returns a substituted model","status":"passed","title":"Gemini fails closed when provider returns a substituted model","duration":0.7132270000000176,"failureMessages":[],"meta":{},"tags":[]},{"ancestorTitles":["Phase A.12B.2C-2B: Certified Provider Parity & Contract Suite","4. Gemini Non-Flex Fail-Closed Enforcement"],"fullName":"Phase A.12B.2C-2B: Certified Provider Parity & Contract Suite 4. Gemini Non-Flex Fail-Closed Enforcement Gemini fails closed when provider returns standard or non-flex service tier","status":"passed","title":"Gemini fails closed when provider returns standard or non-flex service tier","duration":0.5957159999999817,"failureMessages":[],"meta":{},"tags":[]},{"ancestorTitles":["Phase A.12B.2C-2B: Certified Provider Parity & Contract Suite","5. Telemetry and Cache Integrity Enforcement"],"fullName":"Phase A.12B.2C-2B: Certified Provider Parity & Contract Suite 5. Telemetry and Cache Integrity Enforcement DeepSeek fails closed when prompt_tokens != cacheHit + cacheMiss","status":"passed","title":"DeepSeek fails closed when prompt_tokens != cacheHit + cacheMiss","duration":0.6212699999999813,"failureMessages":[],"meta":{},"tags":[]},{"ancestorTitles":["Phase A.12B.2C-2B: Certified Provider Parity & Contract Suite","5. Telemetry and Cache Integrity Enforcement"],"fullName":"Phase A.12B.2C-2B: Certified Provider Parity & Contract Suite 5. Telemetry and Cache Integrity Enforcement DeepSeek fails closed when usage telemetry is missing fields","status":"passed","title":"DeepSeek fails closed when usage telemetry is missing fields","duration":0.5473819999999705,"failureMessages":[],"meta":{},"tags":[]},{"ancestorTitles":["Phase A.12B.2C-2B: Certified Provider Parity & Contract Suite","5. Telemetry and Cache Integrity Enforcement"],"fullName":"Phase A.12B.2C-2B: Certified Provider Parity & Contract Suite 5. Telemetry and Cache Integrity Enforcement Gemini fails closed when usage telemetry is missing fields","status":"passed","title":"Gemini fails closed when usage telemetry is missing fields","duration":0.9624770000000353,"failureMessages":[],"meta":{},"tags":[]},{"ancestorTitles":["Phase A.12B.2C-2B: Certified Provider Parity & Contract Suite","6. Privacy Zero-Fetch Preflight Verification"],"fullName":"Phase A.12B.2C-2B: Certified Provider Parity & Contract Suite 6. Privacy Zero-Fetch Preflight Verification DeepSeek blocks PERSONAL data before network fetch","status":"passed","title":"DeepSeek blocks PERSONAL data before network fetch","duration":0.9899609999999939,"failureMessages":[],"meta":{},"tags":[]},{"ancestorTitles":["Phase A.12B.2C-2B: Certified Provider Parity & Contract Suite","6. Privacy Zero-Fetch Preflight Verification"],"fullName":"Phase A.12B.2C-2B: Certified Provider Parity & Contract Suite 6. Privacy Zero-Fetch Preflight Verification DeepSeek blocks SENSITIVE data before network fetch","status":"passed","title":"DeepSeek blocks SENSITIVE data before network fetch","duration":0.6098799999999756,"failureMessages":[],"meta":{},"tags":[]},{"ancestorTitles":["Phase A.12B.2C-2B: Certified Provider Parity & Contract Suite","6. Privacy Zero-Fetch Preflight Verification"],"fullName":"Phase A.12B.2C-2B: Certified Provider Parity & Contract Suite 6. Privacy Zero-Fetch Preflight Verification DeepSeek blocks SECRET data before network fetch","status":"passed","title":"DeepSeek blocks SECRET data before network fetch","duration":0.5995770000000107,"failureMessages":[],"meta":{},"tags":[]},{"ancestorTitles":["Phase A.12B.2C-2B: Certified Provider Parity & Contract Suite","6. Privacy Zero-Fetch Preflight Verification"],"fullName":"Phase A.12B.2C-2B: Certified Provider Parity & Contract Suite 6. Privacy Zero-Fetch Preflight Verification Gemini blocks PERSONAL data before network fetch","status":"passed","title":"Gemini blocks PERSONAL data before network fetch","duration":0.4897330000000011,"failureMessages":[],"meta":{},"tags":[]},{"ancestorTitles":["Phase A.12B.2C-2B: Certified Provider Parity & Contract Suite","6. Privacy Zero-Fetch Preflight Verification"],"fullName":"Phase A.12B.2C-2B: Certified Provider Parity & Contract Suite 6. Privacy Zero-Fetch Preflight Verification Gemini blocks SENSITIVE data before network fetch","status":"passed","title":"Gemini blocks SENSITIVE data before network fetch","duration":0.38641000000001213,"failureMessages":[],"meta":{},"tags":[]},{"ancestorTitles":["Phase A.12B.2C-2B: Certified Provider Parity & Contract Suite","6. Privacy Zero-Fetch Preflight Verification"],"fullName":"Phase A.12B.2C-2B: Certified Provider Parity & Contract Suite 6. Privacy Zero-Fetch Preflight Verification Gemini blocks SECRET data before network fetch","status":"passed","title":"Gemini blocks SECRET data before network fetch","duration":0.3968929999999773,"failureMessages":[],"meta":{},"tags":[]},{"ancestorTitles":["Phase A.12B.2C-2B: Certified Provider Parity & Contract Suite","7. Retry Strategy & Transient vs Non-Transient Classification"],"fullName":"Phase A.12B.2C-2B: Certified Provider Parity & Contract Suite 7. Retry Strategy & Transient vs Non-Transient Classification retries on HTTP 429 and succeeds on second attempt for DeepSeek","status":"passed","title":"retries on HTTP 429 and succeeds on second attempt for DeepSeek","duration":0.9966389999999592,"failureMessages":[],"meta":{},"tags":[]},{"ancestorTitles":["Phase A.12B.2C-2B: Certified Provider Parity & Contract Suite","7. Retry Strategy & Transient vs Non-Transient Classification"],"fullName":"Phase A.12B.2C-2B: Certified Provider Parity & Contract Suite 7. Retry Strategy & Transient vs Non-Transient Classification retries on HTTP 503 and succeeds on third attempt for Gemini","status":"passed","title":"retries on HTTP 503 and succeeds on third attempt for Gemini","duration":1.1276139999999941,"failureMessages":[],"meta":{},"tags":[]},{"ancestorTitles":["Phase A.12B.2C-2B: Certified Provider Parity & Contract Suite","7. Retry Strategy & Transient vs Non-Transient Classification"],"fullName":"Phase A.12B.2C-2B: Certified Provider Parity & Contract Suite 7. Retry Strategy & Transient vs Non-Transient Classification stops after max 3 attempts and throws on persistent 500 error","status":"passed","title":"stops after max 3 attempts and throws on persistent 500 error","duration":0.6823239999999942,"failureMessages":[],"meta":{},"tags":[]},{"ancestorTitles":["Phase A.12B.2C-2B: Certified Provider Parity & Contract Suite","7. Retry Strategy & Transient vs Non-Transient Classification"],"fullName":"Phase A.12B.2C-2B: Certified Provider Parity & Contract Suite 7. Retry Strategy & Transient vs Non-Transient Classification does NOT retry non-transient 400 Bad Request","status":"passed","title":"does NOT retry non-transient 400 Bad Request","duration":0.5317309999999793,"failureMessages":[],"meta":{},"tags":[]},{"ancestorTitles":["Phase A.12B.2C-2B: Certified Provider Parity & Contract Suite","7. Retry Strategy & Transient vs Non-Transient Classification"],"fullName":"Phase A.12B.2C-2B: Certified Provider Parity & Contract Suite 7. Retry Strategy & Transient vs Non-Transient Classification does NOT retry non-transient 401 Unauthorized","status":"passed","title":"does NOT retry non-transient 401 Unauthorized","duration":0.4783919999999853,"failureMessages":[],"meta":{},"tags":[]},{"ancestorTitles":["Phase A.12B.2C-2B: Certified Provider Parity & Contract Suite","8. Structural Parity against liveEvaluationClient.ts"],"fullName":"Phase A.12B.2C-2B: Certified Provider Parity & Contract Suite 8. Structural Parity against liveEvaluationClient.ts maintains exact endpoint and model parameter parity with EvaluationLiveClient","status":"passed","title":"maintains exact endpoint and model parameter parity with EvaluationLiveClient","duration":0.43424999999996317,"failureMessages":[],"meta":{},"tags":[]},{"ancestorTitles":["Phase A.12B.2C-2B: Certified Provider Parity & Contract Suite","9. Isolation & Non-Interference with AIRouter"],"fullName":"Phase A.12B.2C-2B: Certified Provider Parity & Contract Suite 9. Isolation & Non-Interference with AIRouter verifies aiRouter.ts does not import certified provider adapters yet (dormant)","status":"passed","title":"verifies aiRouter.ts does not import certified provider adapters yet (dormant)","duration":0.5395050000000197,"failureMessages":[],"meta":{},"tags":[]}],"startTime":1788268714992,"endTime":1788268715014.5396,"status":"passed","message":"","name":"/app/applet/tests/ai/phaseA12B2CCertifiedProviderParity.test.ts"},{"assertionResults":[{"ancestorTitles":["Phase A.12B.2C-2A: Shadow Routing Policy Scaffolding & Contract","1. Version and Identity Requirements"],"fullName":"Phase A.12B.2C-2A: Shadow Routing Policy Scaffolding & Contract 1. Version and Identity Requirements defines exactly VELNAR_ROUTING_POLICY_VERSION = \"a12b2c-v1\"","status":"passed","title":"defines exactly VELNAR_ROUTING_POLICY_VERSION = \"a12b2c-v1\"","duration":2.106606999999997,"failureMessages":[],"meta":{},"tags":[]},{"ancestorTitles":["Phase A.12B.2C-2A: Shadow Routing Policy Scaffolding & Contract","1. Version and Identity Requirements"],"fullName":"Phase A.12B.2C-2A: Shadow Routing Policy Scaffolding & Contract 1. Version and Identity Requirements encodes certified DeepSeek primary candidate profile without ambiguity","status":"passed","title":"encodes certified DeepSeek primary candidate profile without ambiguity","duration":1.1109260000000063,"failureMessages":[],"meta":{},"tags":[]},{"ancestorTitles":["Phase A.12B.2C-2A: Shadow Routing Policy Scaffolding & Contract","1. Version and Identity Requirements"],"fullName":"Phase A.12B.2C-2A: Shadow Routing Policy Scaffolding & Contract 1. Version and Identity Requirements encodes certified Gemini fallback candidate profile without ambiguity","status":"passed","title":"encodes certified Gemini fallback candidate profile without ambiguity","duration":0.6595100000000116,"failureMessages":[],"meta":{},"tags":[]},{"ancestorTitles":["Phase A.12B.2C-2A: Shadow Routing Policy Scaffolding & Contract","1. Version and Identity Requirements"],"fullName":"Phase A.12B.2C-2A: Shadow Routing Policy Scaffolding & Contract 1. Version and Identity Requirements excludes Kimi and Fulgor from certified a12b2c-v1 candidate definitions","status":"passed","title":"excludes Kimi and Fulgor from certified a12b2c-v1 candidate definitions","duration":1.974708000000021,"failureMessages":[],"meta":{},"tags":[]},{"ancestorTitles":["Phase A.12B.2C-2A: Shadow Routing Policy Scaffolding & Contract","2. Fallback Contract Specification Metadata"],"fullName":"Phase A.12B.2C-2A: Shadow Routing Policy Scaffolding & Contract 2. Fallback Contract Specification Metadata defines exact versioned fallback contract metadata with 9 allowed infra triggers and 3 prohibited semantic triggers","status":"passed","title":"defines exact versioned fallback contract metadata with 9 allowed infra triggers and 3 prohibited semantic triggers","duration":0.8503430000000094,"failureMessages":[],"meta":{},"tags":[]},{"ancestorTitles":["Phase A.12B.2C-2A: Shadow Routing Policy Scaffolding & Contract","3. Mode Resolution (LEGACY vs SHADOW)"],"fullName":"Phase A.12B.2C-2A: Shadow Routing Policy Scaffolding & Contract 3. Mode Resolution (LEGACY vs SHADOW) defaults to LEGACY when env is undefined","status":"passed","title":"defaults to LEGACY when env is undefined","duration":0.28889099999997825,"failureMessages":[],"meta":{},"tags":[]},{"ancestorTitles":["Phase A.12B.2C-2A: Shadow Routing Policy Scaffolding & Contract","3. Mode Resolution (LEGACY vs SHADOW)"],"fullName":"Phase A.12B.2C-2A: Shadow Routing Policy Scaffolding & Contract 3. Mode Resolution (LEGACY vs SHADOW) defaults to LEGACY when VELNAR_AI_ROUTING_POLICY_MODE is undefined or empty","status":"passed","title":"defaults to LEGACY when VELNAR_AI_ROUTING_POLICY_MODE is undefined or empty","duration":0.3470869999999877,"failureMessages":[],"meta":{},"tags":[]},{"ancestorTitles":["Phase A.12B.2C-2A: Shadow Routing Policy Scaffolding & Contract","3. Mode Resolution (LEGACY vs SHADOW)"],"fullName":"Phase A.12B.2C-2A: Shadow Routing Policy Scaffolding & Contract 3. Mode Resolution (LEGACY vs SHADOW) resolves to LEGACY when explicitly set to \"legacy\" (case-insensitive)","status":"passed","title":"resolves to LEGACY when explicitly set to \"legacy\" (case-insensitive)","duration":0.3134889999999473,"failureMessages":[],"meta":{},"tags":[]},{"ancestorTitles":["Phase A.12B.2C-2A: Shadow Routing Policy Scaffolding & Contract","3. Mode Resolution (LEGACY vs SHADOW)"],"fullName":"Phase A.12B.2C-2A: Shadow Routing Policy Scaffolding & Contract 3. Mode Resolution (LEGACY vs SHADOW) resolves to SHADOW when set to \"shadow\" (case-insensitive)","status":"passed","title":"resolves to SHADOW when set to \"shadow\" (case-insensitive)","duration":0.7825199999999768,"failureMessages":[],"meta":{},"tags":[]},{"ancestorTitles":["Phase A.12B.2C-2A: Shadow Routing Policy Scaffolding & Contract","3. Mode Resolution (LEGACY vs SHADOW)"],"fullName":"Phase A.12B.2C-2A: Shadow Routing Policy Scaffolding & Contract 3. Mode Resolution (LEGACY vs SHADOW) falls back strictly to LEGACY on invalid, unknown, or attempted enforcement modes","status":"passed","title":"falls back strictly to LEGACY on invalid, unknown, or attempted enforcement modes","duration":0.5968379999999911,"failureMessages":[],"meta":{},"tags":[]},{"ancestorTitles":["Phase A.12B.2C-2A: Shadow Routing Policy Scaffolding & Contract","4. Deterministic Routing Policy Decisions for all 7 Tasks"],"fullName":"Phase A.12B.2C-2A: Shadow Routing Policy Scaffolding & Contract 4. Deterministic Routing Policy Decisions for all 7 Tasks recommends DeepSeek primary and Gemini fallback for task LEAD_INTENT_CLASSIFICATION","status":"passed","title":"recommends DeepSeek primary and Gemini fallback for task LEAD_INTENT_CLASSIFICATION","duration":0.8825390000000084,"failureMessages":[],"meta":{},"tags":[]},{"ancestorTitles":["Phase A.12B.2C-2A: Shadow Routing Policy Scaffolding & Contract","4. Deterministic Routing Policy Decisions for all 7 Tasks"],"fullName":"Phase A.12B.2C-2A: Shadow Routing Policy Scaffolding & Contract 4. Deterministic Routing Policy Decisions for all 7 Tasks recommends DeepSeek primary and Gemini fallback for task LEAK_EXPLANATION","status":"passed","title":"recommends DeepSeek primary and Gemini fallback for task LEAK_EXPLANATION","duration":0.5709130000000187,"failureMessages":[],"meta":{},"tags":[]},{"ancestorTitles":["Phase A.12B.2C-2A: Shadow Routing Policy Scaffolding & Contract","4. Deterministic Routing Policy Decisions for all 7 Tasks"],"fullName":"Phase A.12B.2C-2A: Shadow Routing Policy Scaffolding & Contract 4. Deterministic Routing Policy Decisions for all 7 Tasks recommends DeepSeek primary and Gemini fallback for task GROWTH_ACTION_DRAFT","status":"passed","title":"recommends DeepSeek primary and Gemini fallback for task GROWTH_ACTION_DRAFT","duration":0.5432720000000018,"failureMessages":[],"meta":{},"tags":[]},{"ancestorTitles":["Phase A.12B.2C-2A: Shadow Routing Policy Scaffolding & Contract","4. Deterministic Routing Policy Decisions for all 7 Tasks"],"fullName":"Phase A.12B.2C-2A: Shadow Routing Policy Scaffolding & Contract 4. Deterministic Routing Policy Decisions for all 7 Tasks recommends DeepSeek primary and Gemini fallback for task BUSINESS_TWIN_SUMMARY","status":"passed","title":"recommends DeepSeek primary and Gemini fallback for task BUSINESS_TWIN_SUMMARY","duration":0.733222000000012,"failureMessages":[],"meta":{},"tags":[]},{"ancestorTitles":["Phase A.12B.2C-2A: Shadow Routing Policy Scaffolding & Contract","4. Deterministic Routing Policy Decisions for all 7 Tasks"],"fullName":"Phase A.12B.2C-2A: Shadow Routing Policy Scaffolding & Contract 4. Deterministic Routing Policy Decisions for all 7 Tasks recommends DeepSeek primary and Gemini fallback for task FUNNEL_DIAGNOSTIC_EXPLANATION","status":"passed","title":"recommends DeepSeek primary and Gemini fallback for task FUNNEL_DIAGNOSTIC_EXPLANATION","duration":0.5090410000000247,"failureMessages":[],"meta":{},"tags":[]},{"ancestorTitles":["Phase A.12B.2C-2A: Shadow Routing Policy Scaffolding & Contract","4. Deterministic Routing Policy Decisions for all 7 Tasks"],"fullName":"Phase A.12B.2C-2A: Shadow Routing Policy Scaffolding & Contract 4. Deterministic Routing Policy Decisions for all 7 Tasks recommends DeepSeek primary and Gemini fallback for task SEO_CONTENT_SUGGESTION","status":"passed","title":"recommends DeepSeek primary and Gemini fallback for task SEO_CONTENT_SUGGESTION","duration":0.9168369999999868,"failureMessages":[],"meta":{},"tags":[]},{"ancestorTitles":["Phase A.12B.2C-2A: Shadow Routing Policy Scaffolding & Contract","4. Deterministic Routing Policy Decisions for all 7 Tasks"],"fullName":"Phase A.12B.2C-2A: Shadow Routing Policy Scaffolding & Contract 4. Deterministic Routing Policy Decisions for all 7 Tasks recommends DeepSeek primary and Gemini fallback for task ANOMALY_TRIAGE","status":"passed","title":"recommends DeepSeek primary and Gemini fallback for task ANOMALY_TRIAGE","duration":0.47865200000001096,"failureMessages":[],"meta":{},"tags":[]},{"ancestorTitles":["Phase A.12B.2C-2A: Shadow Routing Policy Scaffolding & Contract","4. Deterministic Routing Policy Decisions for all 7 Tasks"],"fullName":"Phase A.12B.2C-2A: Shadow Routing Policy Scaffolding & Contract 4. Deterministic Routing Policy Decisions for all 7 Tasks enforcementAllowed MUST ALWAYS be false across all invocations and modes","status":"passed","title":"enforcementAllowed MUST ALWAYS be false across all invocations and modes","duration":0.8448809999999867,"failureMessages":[],"meta":{},"tags":[]},{"ancestorTitles":["Phase A.12B.2C-2A: Shadow Routing Policy Scaffolding & Contract","5. Context-Aware Compatibility Resolution & Edge Cases"],"fullName":"Phase A.12B.2C-2A: Shadow Routing Policy Scaffolding & Contract 5. Context-Aware Compatibility Resolution & Edge Cases reports PROVIDER_NOT_ALLOWED when DeepSeek is not allowed by organization","status":"passed","title":"reports PROVIDER_NOT_ALLOWED when DeepSeek is not allowed by organization","duration":1.1377239999999915,"failureMessages":[],"meta":{},"tags":[]},{"ancestorTitles":["Phase A.12B.2C-2A: Shadow Routing Policy Scaffolding & Contract","5. Context-Aware Compatibility Resolution & Edge Cases"],"fullName":"Phase A.12B.2C-2A: Shadow Routing Policy Scaffolding & Contract 5. Context-Aware Compatibility Resolution & Edge Cases reports PROVIDER_NOT_ALLOWED when Gemini is not allowed by organization","status":"passed","title":"reports PROVIDER_NOT_ALLOWED when Gemini is not allowed by organization","duration":0.5124119999999834,"failureMessages":[],"meta":{},"tags":[]},{"ancestorTitles":["Phase A.12B.2C-2A: Shadow Routing Policy Scaffolding & Contract","5. Context-Aware Compatibility Resolution & Edge Cases"],"fullName":"Phase A.12B.2C-2A: Shadow Routing Policy Scaffolding & Contract 5. Context-Aware Compatibility Resolution & Edge Cases reports PROVIDER_NOT_CONFIGURED when providers are not configured in environment","status":"passed","title":"reports PROVIDER_NOT_CONFIGURED when providers are not configured in environment","duration":0.4989180000000033,"failureMessages":[],"meta":{},"tags":[]},{"ancestorTitles":["Phase A.12B.2C-2A: Shadow Routing Policy Scaffolding & Contract","5. Context-Aware Compatibility Resolution & Edge Cases"],"fullName":"Phase A.12B.2C-2A: Shadow Routing Policy Scaffolding & Contract 5. Context-Aware Compatibility Resolution & Edge Cases reports TIER_CAPABILITY_REQUIRED for DeepSeek when routing tier is REASONING or LONG_CONTEXT","status":"passed","title":"reports TIER_CAPABILITY_REQUIRED for DeepSeek when routing tier is REASONING or LONG_CONTEXT","duration":0.6802559999999858,"failureMessages":[],"meta":{},"tags":[]},{"ancestorTitles":["Phase A.12B.2C-2A: Shadow Routing Policy Scaffolding & Contract","5. Context-Aware Compatibility Resolution & Edge Cases"],"fullName":"Phase A.12B.2C-2A: Shadow Routing Policy Scaffolding & Contract 5. Context-Aware Compatibility Resolution & Edge Cases reports DATA_CLASSIFICATION_UNSUPPORTED for PERSONAL, SENSITIVE, or SECRET classifications","status":"passed","title":"reports DATA_CLASSIFICATION_UNSUPPORTED for PERSONAL, SENSITIVE, or SECRET classifications","duration":0.5560250000000337,"failureMessages":[],"meta":{},"tags":[]},{"ancestorTitles":["Phase A.12B.2C-2A: Shadow Routing Policy Scaffolding & Contract","5. Context-Aware Compatibility Resolution & Edge Cases"],"fullName":"Phase A.12B.2C-2A: Shadow Routing Policy Scaffolding & Contract 5. Context-Aware Compatibility Resolution & Edge Cases reports PROFILE_PARITY_REQUIRED for Gemini and DeepSeek until adapter parity is achieved","status":"passed","title":"reports PROFILE_PARITY_REQUIRED for Gemini and DeepSeek until adapter parity is achieved","duration":0.46200800000002573,"failureMessages":[],"meta":{},"tags":[]},{"ancestorTitles":["Phase A.12B.2C-2A: Shadow Routing Policy Scaffolding & Contract","6. Safe Structured Shadow Telemetry Serialization"],"fullName":"Phase A.12B.2C-2A: Shadow Routing Policy Scaffolding & Contract 6. Safe Structured Shadow Telemetry Serialization builds sanitized shadow telemetry event without prompt or PII fields","status":"passed","title":"builds sanitized shadow telemetry event without prompt or PII fields","duration":2.442247000000009,"failureMessages":[],"meta":{},"tags":[]},{"ancestorTitles":["Phase A.12B.2C-2A: Shadow Routing Policy Scaffolding & Contract","7. Parity Verification with Canonical a12b2c_routing_policy_draft.json"],"fullName":"Phase A.12B.2C-2A: Shadow Routing Policy Scaffolding & Contract 7. Par
[...]
 Theme System should default to dark theme when no preference stored","status":"passed","title":"should default to dark theme when no preference stored","duration":2.124153999999976,"failureMessages":[],"meta":{},"tags":[]},{"ancestorTitles":["Central Semantic Theme System"],"fullName":"Central Semantic Theme System should persist theme preference to storage","status":"passed","title":"should persist theme preference to storage","duration":0.4533580000000086,"failureMessages":[],"meta":{},"tags":[]},{"ancestorTitles":["Central Semantic Theme System"],"fullName":"Central Semantic Theme System should resolve system mode based on matchMedia","status":"passed","title":"should resolve system mode based on matchMedia","duration":0.7333289999999977,"failureMessages":[],"meta":{},"tags":[]},{"ancestorTitles":["Central Semantic Theme System"],"fullName":"Central Semantic Theme System should toggle theme cleanly between dark and light","status":"passed","title":"should toggle theme cleanly between dark and light","duration":0.6359050000000082,"failureMessages":[],"meta":{},"tags":[]}],"startTime":1788268718928,"endTime":1788268718932.636,"status":"passed","message":"","name":"/app/applet/tests/theme/themeSystem.test.ts"},{"assertionResults":[{"ancestorTitles":["Cloudflare Worker API Boundary Integration","GET /api/health environment matrix and secret safety"],"fullName":"Cloudflare Worker API Boundary Integration GET /api/health environment matrix and secret safety development without secret reports vaultConfigured = true","status":"passed","title":"development without secret reports vaultConfigured = true","duration":58.32245,"failureMessages":[],"meta":{},"tags":[]},{"ancestorTitles":["Cloudflare Worker API Boundary Integration","GET /api/health environment matrix and secret safety"],"fullName":"Cloudflare Worker API Boundary Integration GET /api/health environment matrix and secret safety test without secret reports vaultConfigured = true","status":"passed","title":"test without secret reports vaultConfigured = true","duration":0.9334080000000426,"failureMessages":[],"meta":{},"tags":[]},{"ancestorTitles":["Cloudflare Worker API Boundary Integration","GET /api/health environment matrix and secret safety"],"fullName":"Cloudflare Worker API Boundary Integration GET /api/health environment matrix and secret safety preview without secret reports vaultConfigured = false","status":"passed","title":"preview without secret reports vaultConfigured = false","duration":0.7526359999999954,"failureMessages":[],"meta":{},"tags":[]},{"ancestorTitles":["Cloudflare Worker API Boundary Integration","GET /api/health environment matrix and secret safety"],"fullName":"Cloudflare Worker API Boundary Integration GET /api/health environment matrix and secret safety preview with valid secret reports vaultConfigured = true","status":"passed","title":"preview with valid secret reports vaultConfigured = true","duration":0.5806490000000508,"failureMessages":[],"meta":{},"tags":[]},{"ancestorTitles":["Cloudflare Worker API Boundary Integration","GET /api/health environment matrix and secret safety"],"fullName":"Cloudflare Worker API Boundary Integration GET /api/health environment matrix and secret safety production without secret reports vaultConfigured = false","status":"passed","title":"production without secret reports vaultConfigured = false","duration":0.9465130000000386,"failureMessages":[],"meta":{},"tags":[]},{"ancestorTitles":["Cloudflare Worker API Boundary Integration","GET /api/health environment matrix and secret safety"],"fullName":"Cloudflare Worker API Boundary Integration GET /api/health environment matrix and secret safety production with valid secret reports vaultConfigured = true","status":"passed","title":"production with valid secret reports vaultConfigured = true","duration":0.6139830000000188,"failureMessages":[],"meta":{},"tags":[]},{"ancestorTitles":["Cloudflare Worker API Boundary Integration","GET /api/health environment matrix and secret safety"],"fullName":"Cloudflare Worker API Boundary Integration GET /api/health environment matrix and secret safety never exposes VELNAR_MASTER_KMS_SECRET or key material in /api/health response body or headers","status":"passed","title":"never exposes VELNAR_MASTER_KMS_SECRET or key material in /api/health response body or headers","duration":1.3822619999999688,"failureMessages":[],"meta":{},"tags":[]},{"ancestorTitles":["Cloudflare Worker API Boundary Integration"],"fullName":"Cloudflare Worker API Boundary Integration Protected routes should fail-closed with 401 when Authorization header is missing","status":"passed","title":"Protected routes should fail-closed with 401 when Authorization header is missing","duration":11.36132600000002,"failureMessages":[],"meta":{},"tags":[]},{"ancestorTitles":["Cloudflare Worker API Boundary Integration"],"fullName":"Cloudflare Worker API Boundary Integration Protected routes should fail-closed with 401 in production when mock token is provided","status":"passed","title":"Protected routes should fail-closed with 401 in production when mock token is provided","duration":1.9263730000000123,"failureMessages":[],"meta":{},"tags":[]},{"ancestorTitles":["Cloudflare Worker API Boundary Integration"],"fullName":"Cloudflare Worker API Boundary Integration Protected routes in production should fail-closed with 503 when DB is missing","status":"passed","title":"Protected routes in production should fail-closed with 503 when DB is missing","duration":1.0101189999999747,"failureMessages":[],"meta":{},"tags":[]},{"ancestorTitles":["Cloudflare Worker API Boundary Integration","Strict Tenant ID Isolation & Zero Fallbacks across Route Handlers"],"fullName":"Cloudflare Worker API Boundary Integration Strict Tenant ID Isolation & Zero Fallbacks across Route Handlers returns 400 TENANT_ID_REQUIRED for /api/leads when orgId query parameter and header are omitted","status":"passed","title":"returns 400 TENANT_ID_REQUIRED for /api/leads when orgId query parameter and header are omitted","duration":1.668141999999989,"failureMessages":[],"meta":{},"tags":[]},{"ancestorTitles":["Cloudflare Worker API Boundary Integration","Strict Tenant ID Isolation & Zero Fallbacks across Route Handlers"],"fullName":"Cloudflare Worker API Boundary Integration Strict Tenant ID Isolation & Zero Fallbacks across Route Handlers returns 400 TENANT_ID_REQUIRED for /api/appointments when orgId query parameter and header are omitted","status":"passed","title":"returns 400 TENANT_ID_REQUIRED for /api/appointments when orgId query parameter and header are omitted","duration":1.8325979999999618,"failureMessages":[],"meta":{},"tags":[]},{"ancestorTitles":["Cloudflare Worker API Boundary Integration","Strict Tenant ID Isolation & Zero Fallbacks across Route Handlers"],"fullName":"Cloudflare Worker API Boundary Integration Strict Tenant ID Isolation & Zero Fallbacks across Route Handlers returns 400 TENANT_ID_REQUIRED for /api/actions when orgId query parameter and header are omitted","status":"passed","title":"returns 400 TENANT_ID_REQUIRED for /api/actions when orgId query parameter and header are omitted","duration":1.2461490000000026,"failureMessages":[],"meta":{},"tags":[]},{"ancestorTitles":["Cloudflare Worker API Boundary Integration","Strict Tenant ID Isolation & Zero Fallbacks across Route Handlers"],"fullName":"Cloudflare Worker API Boundary Integration Strict Tenant ID Isolation & Zero Fallbacks across Route Handlers returns 400 TENANT_ID_REQUIRED for /api/leaks when orgId query parameter and header are omitted","status":"passed","title":"returns 400 TENANT_ID_REQUIRED for /api/leaks when orgId query parameter and header are omitted","duration":0.9219510000000355,"failureMessages":[],"meta":{},"tags":[]},{"ancestorTitles":["Cloudflare Worker API Boundary Integration","Strict Tenant ID Isolation & Zero Fallbacks across Route Handlers"],"fullName":"Cloudflare Worker API Boundary Integration Strict Tenant ID Isolation & Zero Fallbacks across Route Handlers returns 400 TENANT_ID_REQUIRED for /api/attribution when orgId query parameter and header are omitted","status":"passed","title":"returns 400 TENANT_ID_REQUIRED for /api/attribution when orgId query parameter and header are omitted","duration":0.9668000000000347,"failureMessages":[],"meta":{},"tags":[]},{"ancestorTitles":["Cloudflare Worker API Boundary Integration","Strict Tenant ID Isolation & Zero Fallbacks across Route Handlers"],"fullName":"Cloudflare Worker API Boundary Integration Strict Tenant ID Isolation & Zero Fallbacks across Route Handlers returns 400 TENANT_ID_REQUIRED for /api/audit when orgId query parameter and header are omitted","status":"passed","title":"returns 400 TENANT_ID_REQUIRED for /api/audit when orgId query parameter and header are omitted","duration":0.9697800000000143,"failureMessages":[],"meta":{},"tags":[]},{"ancestorTitles":["Cloudflare Worker API Boundary Integration","Strict Tenant ID Isolation & Zero Fallbacks across Route Handlers"],"fullName":"Cloudflare Worker API Boundary Integration Strict Tenant ID Isolation & Zero Fallbacks across Route Handlers returns 400 TENANT_ID_REQUIRED for /api/security/events when orgId query parameter and header are omitted","status":"passed","title":"returns 400 TENANT_ID_REQUIRED for /api/security/events when orgId query parameter and header are omitted","duration":0.7902770000000032,"failureMessages":[],"meta":{},"tags":[]},{"ancestorTitles":["Cloudflare Worker API Boundary Integration","Strict Tenant ID Isolation & Zero Fallbacks across Route Handlers"],"fullName":"Cloudflare Worker API Boundary Integration Strict Tenant ID Isolation & Zero Fallbacks across Route Handlers returns 400 TENANT_ID_REQUIRED for /api/vault when orgId query parameter and header are omitted","status":"passed","title":"returns 400 TENANT_ID_REQUIRED for /api/vault when orgId query parameter and header are omitted","duration":1.0024070000000052,"failureMessages":[],"meta":{},"tags":[]},{"ancestorTitles":["Cloudflare Worker API Boundary Integration","Strict Tenant ID Isolation & Zero Fallbacks across Route Handlers"],"fullName":"Cloudflare Worker API Boundary Integration Strict Tenant ID Isolation & Zero Fallbacks across Route Handlers returns 400 TENANT_ID_REQUIRED for /api/ai/status when orgId query parameter and header are omitted","status":"passed","title":"returns 400 TENANT_ID_REQUIRED for /api/ai/status when orgId query parameter and header are omitted","duration":1.4216450000000123,"failureMessages":[],"meta":{},"tags":[]},{"ancestorTitles":["Cloudflare Worker API Boundary Integration","Strict Tenant ID Isolation & Zero Fallbacks across Route Handlers"],"fullName":"Cloudflare Worker API Boundary Integration Strict Tenant ID Isolation & Zero Fallbacks across Route Handlers /api/vault/dev-demo returns 404 DEV_ENDPOINT_DISABLED in production environment","status":"passed","title":"/api/vault/dev-demo returns 404 DEV_ENDPOINT_DISABLED in production environment","duration":0.6641569999999888,"failureMessages":[],"meta":{},"tags":[]},{"ancestorTitles":["Cloudflare Worker API Boundary Integration","Strict Tenant ID Isolation & Zero Fallbacks across Route Handlers"],"fullName":"Cloudflare Worker API Boundary Integration Strict Tenant ID Isolation & Zero Fallbacks across Route Handlers /api/vault/dev-demo returns 400 PLAINTEXT_REQUIRED in dev if plaintext is empty","status":"passed","title":"/api/vault/dev-demo returns 400 PLAINTEXT_REQUIRED in dev if plaintext is empty","duration":0.9902569999999855,"failureMessages":[],"meta":{},"tags":[]},{"ancestorTitles":["Cloudflare Worker API Boundary Integration","CORS Enforcement & ALLOWED_ORIGINS single source of truth"],"fullName":"Cloudflare Worker API Boundary Integration CORS Enforcement & ALLOWED_ORIGINS single source of truth Production CORS allows valid configured origins","status":"passed","title":"Production CORS allows valid configured origins","duration":0.6200099999999793,"failureMessages":[],"meta":{},"tags":[]},{"ancestorTitles":["Cloudflare Worker API Boundary Integration","CORS Enforcement & ALLOWED_ORIGINS single source of truth"],"fullName":"Cloudflare Worker API Boundary Integration CORS Enforcement & ALLOWED_ORIGINS single source of truth Production CORS blocks malicious origins and does not use substring matching","status":"passed","title":"Production CORS blocks malicious origins and does not use substring matching","duration":0.9887470000000462,"failureMessages":[],"meta":{},"tags":[]},{"ancestorTitles":["Cloudflare Worker API Boundary Integration","CORS Enforcement & ALLOWED_ORIGINS single source of truth"],"fullName":"Cloudflare Worker API Boundary Integration CORS Enforcement & ALLOWED_ORIGINS single source of truth Preview configured origin is allowed when explicitly in ALLOWED_ORIGINS","status":"passed","title":"Preview configured origin is allowed when explicitly in ALLOWED_ORIGINS","duration":0.3018940000000043,"failureMessages":[],"meta":{},"tags":[]},{"ancestorTitles":["Cloudflare Worker API Boundary Integration","CORS Enforcement & ALLOWED_ORIGINS single source of truth"],"fullName":"Cloudflare Worker API Boundary Integration CORS Enforcement & ALLOWED_ORIGINS single source of truth Unknown preview origin is strictly denied","status":"passed","title":"Unknown preview origin is strictly denied","duration":0.3094629999999938,"failureMessages":[],"meta":{},"tags":[]},{"ancestorTitles":["Cloudflare Worker API Boundary Integration","CORS Enforcement & ALLOWED_ORIGINS single source of truth"],"fullName":"Cloudflare Worker API Boundary Integration CORS Enforcement & ALLOWED_ORIGINS single source of truth getValidatedCorsOrigin unit tests verify exact matching without reflection","status":"passed","title":"getValidatedCorsOrigin unit tests verify exact matching without reflection","duration":0.3799070000000029,"failureMessages":[],"meta":{},"tags":[]},{"ancestorTitles":["Cloudflare Worker API Boundary Integration","POST /api/actions Worker Authority & Policy Validation"],"fullName":"Cloudflare Worker API Boundary Integration POST /api/actions Worker Authority & Policy Validation successfully approves action when guardrails pass and records audit log","status":"passed","title":"successfully approves action when guardrails pass and records audit log","duration":4.039881999999977,"failureMessages":[],"meta":{},"tags":[]},{"ancestorTitles":["Cloudflare Worker API Boundary Integration","POST /api/actions Worker Authority & Policy Validation"],"fullName":"Cloudflare Worker API Boundary Integration POST /api/actions Worker Authority & Policy Validation rejects action approval when client attempts to substitute execution payload (400 BAD_REQUEST)","status":"passed","title":"rejects action approval when client attempts to substitute execution payload (400 BAD_REQUEST)","duration":1.0219109999999887,"failureMessages":[],"meta":{},"tags":[]},{"ancestorTitles":["Cloudflare Worker API Boundary Integration","POST /api/actions Worker Authority & Policy Validation"],"fullName":"Cloudflare Worker API Boundary Integration POST /api/actions Worker Authority & Policy Validation rejects action approval with 422 GUARDRAIL_VIOLATION when stored action discount exceeds tenant policy limit","status":"passed","title":"rejects action approval with 422 GUARDRAIL_VIOLATION when stored action discount exceeds tenant policy limit","duration":1.1271549999999593,"failureMessages":[],"meta":{},"tags":[]},{"ancestorTitles":["Cloudflare Worker API Boundary Integration","POST /api/actions Worker Authority & Policy Validation"],"fullName":"Cloudflare Worker API Boundary Integration POST /api/actions Worker Authority & Policy Validation successfully rejects action","status":"passed","title":"successfully rejects action","duration":1.265927999999974,"failureMessages":[],"meta":{},"tags":[]},{"ancestorTitles":["Cloudflare Worker API Boundary Integration","POST /api/actions Worker Authority & Policy Validation"],"fullName":"Cloudflare Worker API Boundary Integration POST /api/actions Worker Authority & Policy Validation successfully defers action","status":"passed","title":"successfully defers action","duration":1.1319819999999936,"failureMessages":[],"meta":{},"tags":[]},{"ancestorTitles":["Cloudflare Worker API Boundary Integration","POST /api/actions Worker Authority & Policy Validation"],"fullName":"Cloudflare Worker API Boundary Integration POST /api/actions Worker Authority & Policy Validation returns 400 when status is invalid or actionId is missing","status":"passed","title":"returns 400 when status is invalid or actionId is missing","duration":0.8018460000000118,"failureMessages":[],"meta":{},"tags":[]},{"ancestorTitles":["Cloudflare Worker API Boundary Integration","/api/action-policy authenticated CRUD and invariants"],"fullName":"Cloudflare Worker API Boundary Integration /api/action-policy authenticated CRUD and invariants GET /api/action-policy allows settings.read role and returns policy","status":"passed","title":"GET /api/action-policy allows settings.read role and returns policy","duration":1.1149350000000027,"failureMessages":[],"meta":{},"tags":[]},{"ancestorTitles":["Cloudflare Worker API Boundary Integration","/api/action-policy authenticated CRUD and invariants"],"fullName":"Cloudflare Worker API Boundary Integration /api/action-policy authenticated CRUD and invariants GET /api/action-policy rejects unauthorized roles or missing auth","status":"passed","title":"GET /api/action-policy rejects unauthorized roles or missing auth","duration":1.2812930000000051,"failureMessages":[],"meta":{},"tags":[]},{"ancestorTitles":["Cloudflare Worker API Boundary Integration","/api/action-policy authenticated CRUD and invariants"],"fullName":"Cloudflare Worker API Boundary Integration /api/action-policy authenticated CRUD and invariants PATCH /api/action-policy allows settings.edit to update policy","status":"passed","title":"PATCH /api/action-policy allows settings.edit to update policy","duration":1.0899739999999838,"failureMessages":[],"meta":{},"tags":[]},{"ancestorTitles":["Cloudflare Worker API Boundary Integration","/api/action-policy authenticated CRUD and invariants"],"fullName":"Cloudflare Worker API Boundary Integration /api/action-policy authenticated CRUD and invariants PATCH /api/action-policy rejects attempts to disable human approval or enable auto execution","status":"passed","title":"PATCH /api/action-policy rejects attempts to disable human approval or enable auto execution","duration":0.7563659999999572,"failureMessages":[],"meta":{},"tags":[]},{"ancestorTitles":["Cloudflare Worker API Boundary Integration","/api/action-policy authenticated CRUD and invariants"],"fullName":"Cloudflare Worker API Boundary Integration /api/action-policy authenticated CRUD and invariants PATCH /api/action-policy rejects unknown fields","status":"passed","title":"PATCH /api/action-policy rejects unknown fields","duration":0.7134639999999877,"failureMessages":[],"meta":{},"tags":[]},{"ancestorTitles":["Cloudflare Worker API Boundary Integration","GET /api/session & /api/bootstrap"],"fullName":"Cloudflare Worker API Boundary Integration GET /api/session & /api/bootstrap returns server-derived identity context without trusting client input","status":"passed","title":"returns server-derived identity context without trusting client input","duration":0.7150910000000295,"failureMessages":[],"meta":{},"tags":[]},{"ancestorTitles":["Cloudflare Worker API Boundary Integration","GET /api/session & /api/bootstrap"],"fullName":"Cloudflare Worker API Boundary Integration GET /api/session & /api/bootstrap returns null activeOrganizationId and null role when orgId is omitted","status":"passed","title":"returns null activeOrganizationId and null role when orgId is omitted","duration":0.7702049999999758,"failureMessages":[],"meta":{},"tags":[]}],"startTime":1788268711845,"endTime":1788268711955.7703,"status":"passed","message":"","name":"/app/applet/tests/worker/apiRoutes.test.ts"}]}