{"numTotalTestSuites":199,"numPassedTestSuites":199,"numFailedTestSuites":0,"numPendingTestSuites":0,"numTotalTests":602,"numPassedTests":602,"numFailedTests":0,"numPendingTests":0,"numTodoTests":0,"snapshot":{"added":0,"failure":false,"filesAdded":0,"filesRemoved":0,"filesRemovedList":[],"filesUnmatched":0,"filesUpdated":0,"matched":0,"total":0,"unchecked":0,"uncheckedKeysByFile":[],"unmatched":0,"updated":0,"didUpdate":false},"startTime":1788360636861,"success":true,"testResults":[{"assertionResults":[{"ancestorTitles":["Sprint 4 - Deterministic Action Policy Engine & Business Scoping"],"fullName":"Sprint 4 - Deterministic Action Policy Engine & Business Scoping passes safe growth actions requiring human approval within policy limits","status":"passed","title":"passes safe growth actions requiring human approval within policy limits","duration":3.267419000000018,"failureMessages":[],"meta":{},"tags":[]},{"ancestorTitles":["Sprint 4 - Deterministic Action Policy Engine & Business Scoping"],"fullName":"Sprint 4 - Deterministic Action Policy Engine & Business Scoping fails actions attempting autonomous execution (requiresHumanApproval: false)","status":"passed","title":"fails actions attempting autonomous execution (requiresHumanApproval: false)","duration":0.72895299999999,"failureMessages":[],"meta":{},"tags":[]},{"ancestorTitles":["Sprint 4 - Deterministic Action Policy Engine & Business Scoping"],"fullName":"Sprint 4 - Deterministic Action Policy Engine & Business Scoping fails actions exceeding organization discount caps","status":"passed","title":"fails actions exceeding organization discount caps","duration":0.4261370000000113,"failureMessages":[],"meta":{},"tags":[]},{"ancestorTitles":["Sprint 4 - Deterministic Action Policy Engine & Business Scoping"],"fullName":"Sprint 4 - Deterministic Action Policy Engine & Business Scoping fails closed with NOT_EVALUATED and POLICY_NOT_CONFIGURED when policy is unconfigured","status":"passed","title":"fails closed with NOT_EVALUATED and POLICY_NOT_CONFIGURED when policy is unconfigured","duration":0.44627200000002176,"failureMessages":[],"meta":{},"tags":[]},{"ancestorTitles":["Sprint 4 - Deterministic Action Policy Engine & Business Scoping"],"fullName":"Sprint 4 - Deterministic Action Policy Engine & Business Scoping fails prohibited actions (such as arbitrary price dumping or data wipe)","status":"passed","title":"fails prohibited actions (such as arbitrary price dumping or data wipe)","duration":0.3952799999999854,"failureMessages":[],"meta":{},"tags":[]},{"ancestorTitles":["Sprint 4 - Deterministic Action Policy Engine & Business Scoping"],"fullName":"Sprint 4 - Deterministic Action Policy Engine & Business Scoping enforces tenant-specific strict discount limits lower than global cap","status":"passed","title":"enforces tenant-specific strict discount limits lower than global cap","duration":0.31936999999999216,"failureMessages":[],"meta":{},"tags":[]},{"ancestorTitles":["Sprint 4 - Deterministic Action Policy Engine & Business Scoping"],"fullName":"Sprint 4 - Deterministic Action Policy Engine & Business Scoping respects explicitly configured high discount cap without inventing a global 50% limit","status":"passed","title":"respects explicitly configured high discount cap without inventing a global 50% limit","duration":0.5115509999999972,"failureMessages":[],"meta":{},"tags":[]},{"ancestorTitles":["Sprint 4 - Deterministic Action Policy Engine & Business Scoping"],"fullName":"Sprint 4 - Deterministic Action Policy Engine & Business Scoping enforces requiresApprovalForPriceChanges invariant","status":"passed","title":"enforces requiresApprovalForPriceChanges invariant","duration":0.3083790000000022,"failureMessages":[],"meta":{},"tags":[]},{"ancestorTitles":["Sprint 4 - Deterministic Action Policy Engine & Business Scoping"],"fullName":"Sprint 4 - Deterministic Action Policy Engine & Business Scoping enforces requiresApprovalForOutboundMessaging invariant","status":"passed","title":"enforces requiresApprovalForOutboundMessaging invariant","duration":0.6432660000000112,"failureMessages":[],"meta":{},"tags":[]},{"ancestorTitles":["Sprint 4 - Deterministic Action Policy Engine & Business Scoping"],"fullName":"Sprint 4 - Deterministic Action Policy Engine & Business Scoping rejects targetChannel not in allowedChannels","status":"passed","title":"rejects targetChannel not in allowedChannels","duration":0.336529999999982,"failureMessages":[],"meta":{},"tags":[]},{"ancestorTitles":["Sprint 4 - Deterministic Action Policy Engine & Business Scoping","ActionPolicyRepository business-scoped precedence"],"fullName":"Sprint 4 - Deterministic Action Policy Engine & Business Scoping ActionPolicyRepository business-scoped precedence returns business-specific policy when configured","status":"passed","title":"returns business-specific policy when configured","duration":6.636854,"failureMessages":[],"meta":{},"tags":[]},{"ancestorTitles":["Sprint 4 - Deterministic Action Policy Engine & Business Scoping","ActionPolicyRepository business-scoped precedence"],"fullName":"Sprint 4 - Deterministic Action Policy Engine & Business Scoping ActionPolicyRepository business-scoped precedence falls back to organization policy when business policy is not configured","status":"passed","title":"falls back to organization policy when business policy is not configured","duration":0.3756249999999852,"failureMessages":[],"meta":{},"tags":[]},{"ancestorTitles":["Sprint 4 - Deterministic Action Policy Engine & Business Scoping","ActionPolicyRepository business-scoped precedence"],"fullName":"Sprint 4 - Deterministic Action Policy Engine & Business Scoping ActionPolicyRepository business-scoped precedence fails closed when neither org nor biz policy is configured","status":"passed","title":"fails closed when neither org nor biz policy is configured","duration":0.3433129999999949,"failureMessages":[],"meta":{},"tags":[]},{"ancestorTitles":["Sprint 4 - Deterministic Action Policy Engine & Business Scoping","ActionPolicyRepository business-scoped precedence"],"fullName":"Sprint 4 - Deterministic Action Policy Engine & Business Scoping ActionPolicyRepository business-scoped precedence fails closed and throws on D1 read error in production","status":"passed","title":"fails closed and throws on D1 read error in production","duration":2.832433999999978,"failureMessages":[],"meta":{},"tags":[]},{"ancestorTitles":["Sprint 4 - Deterministic Action Policy Engine & Business Scoping","GrowthActionRepository transitionWithAudit hardening"],"fullName":"Sprint 4 - Deterministic Action Policy Engine & Business Scoping GrowthActionRepository transitionWithAudit hardening refuses to approve an action unless guardrailStatus is PASSED","status":"passed","title":"refuses to approve an action unless guardrailStatus is PASSED","duration":2.528106000000008,"failureMessages":[],"meta":{},"tags":[]},{"ancestorTitles":["Sprint 4 - Deterministic Action Policy Engine & Business Scoping","GrowthActionRepository transitionWithAudit hardening"],"fullName":"Sprint 4 - Deterministic Action Policy Engine & Business Scoping GrowthActionRepository transitionWithAudit hardening approves an action when guardrailStatus is PASSED and records metadata","status":"passed","title":"approves an action when guardrailStatus is PASSED and records metadata","duration":1.892912999999993,"failureMessages":[],"meta":{},"tags":[]},{"ancestorTitles":["Sprint 4 - Deterministic Action Policy Engine & Business Scoping","GrowthActionRepository transitionWithAudit hardening"],"fullName":"Sprint 4 - Deterministic Action Policy Engine & Business Scoping GrowthActionRepository transitionWithAudit hardening nullifies approver fields when action is rejected or deferred","status":"passed","title":"nullifies approver fields when action is rejected or deferred","duration":0.5245820000000094,"failureMessages":[],"meta":{},"tags":[]}],"startTime":1788360644059,"endTime":1788360644082.5247,"status":"passed","message":"","name":"/app/applet/tests/ai/actionPolicyEngine.test.ts"},{"assertionResults":[{"ancestorTitles":["Sprint 4 - AI Router Orchestration & Telemetry"],"fullName":"Sprint 4 - AI Router Orchestration & Telemetry provides safe public status without exposing API keys or internals","status":"passed","title":"provides safe public status without exposing API keys or internals","duration":3.7827240000000018,"failureMessages":[],"meta":{},"tags":[]},{"ancestorTitles":["Sprint 4 - AI Router Orchestration & Telemetry"],"fullName":"Sprint 4 - AI Router Orchestration & Telemetry blocks prohibited operations (e.g. auth, payments, crypto) from AI routing","status":"passed","title":"blocks prohibited operations (e.g. auth, payments, crypto) from AI routing","duration":4.068771999999996,"failureMessages":[],"meta":{},"tags":[]},{"ancestorTitles":["Sprint 4 - AI Router Orchestration & Telemetry"],"fullName":"Sprint 4 - AI Router Orchestration & Telemetry fails-closed on Growth Action drafting if no evidence IDs are provided","status":"passed","title":"fails-closed on Growth Action drafting if no evidence IDs are provided","duration":0.6563470000000109,"failureMessages":[],"meta":{},"tags":[]},{"ancestorTitles":["Sprint 4 - AI Router Orchestration & Telemetry"],"fullName":"Sprint 4 - AI Router Orchestration & Telemetry executes development fallback with explicit isMock: true flag and logs telemetry","status":"passed","title":"executes development fallback with explicit isMock: true flag and logs telemetry","duration":6.518374999999992,"failureMessages":[],"meta":{},"tags":[]}],"startTime":1788360645189,"endTime":1788360645203.5183,"status":"passed","message":"","name":"/app/applet/tests/ai/aiRouterOrchestration.test.ts"},{"assertionResults":[{"ancestorTitles":["Sprint 4 - AI Integer microUSD Cost & Budget Enforcement"],"fullName":"Sprint 4 - AI Integer microUSD Cost & Budget Enforcement fails with AI_PRICING_NOT_CONFIGURED when pricing is not explicitly registered","status":"passed","title":"fails with AI_PRICING_NOT_CONFIGURED when pricing is not explicitly registered","duration":3.102039000000019,"failureMessages":[],"meta":{},"tags":[]},{"ancestorTitles":["Sprint 4 - AI Integer microUSD Cost & Budget Enforcement"],"fullName":"Sprint 4 - AI Integer microUSD Cost & Budget Enforcement calculates cost strictly in integer microUSD when pricing is explicitly registered","status":"passed","title":"calculates cost strictly in integer microUSD when pricing is explicitly registered","duration":0.8257070000000226,"failureMessages":[],"meta":{},"tags":[]},{"ancestorTitles":["Sprint 4 - AI Integer microUSD Cost & Budget Enforcement"],"fullName":"Sprint 4 - AI Integer microUSD Cost & Budget Enforcement rejects family prefix fallback and requires exact model match","status":"passed","title":"rejects family prefix fallback and requires exact model match","duration":0.6590989999999977,"failureMessages":[],"meta":{},"tags":[]},{"ancestorTitles":["Sprint 4 - AI Integer microUSD Cost & Budget Enforcement"],"fullName":"Sprint 4 - AI Integer microUSD Cost & Budget Enforcement enforces organization daily request limits","status":"passed","title":"enforces organization daily request limits","duration":1.3429909999999836,"failureMessages":[],"meta":{},"tags":[]},{"ancestorTitles":["Sprint 4 - AI Integer microUSD Cost & Budget Enforcement"],"fullName":"Sprint 4 - AI Integer microUSD Cost & Budget Enforcement enforces organization monthly spend cap in microUSD","status":"passed","title":"enforces organization monthly spend cap in microUSD","duration":0.4428320000000099,"failureMessages":[],"meta":{},"tags":[]},{"ancestorTitles":["Sprint 4 - AI Integer microUSD Cost & Budget Enforcement"],"fullName":"Sprint 4 - AI Integer microUSD Cost & Budget Enforcement returns UNAVAILABLE status in production when D1 is unconfigured or errors","status":"passed","title":"returns UNAVAILABLE status in production when D1 is unconfigured or errors","duration":2.436565999999999,"failureMessages":[],"meta":{},"tags":[]}],"startTime":1788360645910,"endTime":1788360645919.4365,"status":"passed","message":"","name":"/app/applet/tests/ai/budgetAndCost.test.ts"},{"assertionResults":[{"ancestorTitles":["Sprint 4 - AI Data Classification Engine"],"fullName":"Sprint 4 - AI Data Classification Engine correctly classifies API keys and tokens as SECRET","status":"passed","title":"correctly classifies API keys and tokens as SECRET","duration":2.5170889999999986,"failureMessages":[],"meta":{},"tags":[]},{"ancestorTitles":["Sprint 4 - AI Data Classification Engine"],"fullName":"Sprint 4 - AI Data Classification Engine correctly classifies raw customer healthcare/financial keywords as SENSITIVE","status":"passed","title":"correctly classifies raw customer healthcare/financial keywords as SENSITIVE","duration":0.962457999999998,"failureMessages":[],"meta":{},"tags":[]},{"ancestorTitles":["Sprint 4 - AI Data Classification Engine"],"fullName":"Sprint 4 - AI Data Classification Engine correctly classifies unredacted personal identifiers as PERSONAL","status":"passed","title":"correctly classifies unredacted personal identifiers as PERSONAL","duration":0.8697659999999985,"failureMessages":[],"meta":{},"tags":[]},{"ancestorTitles":["Sprint 4 - AI Data Classification Engine"],"fullName":"Sprint 4 - AI Data Classification Engine correctly classifies pseudonymous telemetry as PSEUDONYMOUS_OPERATIONAL","status":"passed","title":"correctly classifies pseudonymous telemetry as PSEUDONYMOUS_OPERATIONAL","duration":0.852326000000005,"failureMessages":[],"meta":{},"tags":[]},{"ancestorTitles":["Sprint 4 - AI Data Classification Engine"],"fullName":"Sprint 4 - AI Data Classification Engine correctly classifies public business content as PUBLIC_BUSINESS","status":"passed","title":"correctly classifies public business content as PUBLIC_BUSINESS","duration":0.8201799999999935,"failureMessages":[],"meta":{},"tags":[]},{"ancestorTitles":["Sprint 4 - AI Data Classification Engine"],"fullName":"Sprint 4 - AI Data Classification Engine enforces safety boundary for external AI transmission","status":"passed","title":"enforces safety boundary for external AI transmission","duration":0.3770009999999786,"failureMessages":[],"meta":{},"tags":[]}],"startTime":1788360646803,"endTime":1788360646810.377,"status":"passed","message":"","name":"/app/applet/tests/ai/dataClassification.test.ts"},{"assertionResults":[{"ancestorTitles":["Sprint 4.0 Final OutputValidator - Deterministic Structural Validation","1. LEAD_INTENT_CLASSIFICATION"],"fullName":"Sprint 4.0 Final OutputValidator - Deterministic Structural Validation 1. LEAD_INTENT_CLASSIFICATION accepts valid lead intent classification","status":"passed","title":"accepts valid lead intent classification","duration":3.090422999999987,"failureMessages":[],"meta":{},"tags":[]},{"ancestorTitles":["Sprint 4.0 Final OutputValidator - Deterministic Structural Validation","1. LEAD_INTENT_CLASSIFICATION"],"fullName":"Sprint 4.0 Final OutputValidator - Deterministic Structural Validation 1. LEAD_INTENT_CLASSIFICATION rejects intentScore out of 0..100 range","status":"passed","title":"rejects intentScore out of 0..100 range","duration":1.0814359999999965,"failureMessages":[],"meta":{},"tags":[]},{"ancestorTitles":["Sprint 4.0 Final OutputValidator - Deterministic Structural Validation","1. LEAD_INTENT_CLASSIFICATION"],"fullName":"Sprint 4.0 Final OutputValidator - Deterministic Structural Validation 1. LEAD_INTENT_CLASSIFICATION rejects invalid intentStage enum value","status":"passed","title":"rejects invalid intentStage enum value","duration":0.44027399999998806,"failureMessages":[],"meta":{},"tags":[]},{"ancestorTitles":["Sprint 4.0 Final OutputValidator - Deterministic Structural Validation","1. LEAD_INTENT_CLASSIFICATION"],"fullName":"Sprint 4.0 Final OutputValidator - Deterministic Structural Validation 1. LEAD_INTENT_CLASSIFICATION rejects missing or invalid keyIndicators","status":"passed","title":"rejects missing or invalid keyIndicators","duration":0.39431200000001354,"failureMessages":[],"meta":{},"tags":[]},{"ancestorTitles":["Sprint 4.0 Final OutputValidator - Deterministic Structural Validation","2. FUNNEL_DIAGNOSTIC_EXPLANATION"],"fullName":"Sprint 4.0 Final OutputValidator - Deterministic Structural Validation 2. FUNNEL_DIAGNOSTIC_EXPLANATION accepts valid funnel diagnostic explanation","status":"passed","title":"accepts valid funnel diagnostic explanation","duration":0.5936069999999916,"failureMessages":[],"meta":{},"tags":[]},{"ancestorTitles":["Sprint 4.0 Final OutputValidator - Deterministic Structural Validation","2. FUNNEL_DIAGNOSTIC_EXPLANATION"],"fullName":"Sprint 4.0 Final OutputValidator - Deterministic Structural Validation 2. FUNNEL_DIAGNOSTIC_EXPLANATION rejects invalid decayVelocity enum","status":"passed","title":"rejects invalid decayVelocity enum","duration":0.3531420000000196,"failureMessages":[],"meta":{},"tags":[]},{"ancestorTitles":["Sprint 4.0 Final OutputValidator - Deterministic Structural Validation","2. FUNNEL_DIAGNOSTIC_EXPLANATION"],"fullName":"Sprint 4.0 Final OutputValidator - Deterministic Structural Validation 2. FUNNEL_DIAGNOSTIC_EXPLANATION rejects empty dropOffStage or mitigationRecommendation","status":"passed","title":"rejects empty dropOffStage or mitigationRecommendation","duration":0.5589919999999893,"failureMessages":[],"meta":{},"tags":[]},{"ancestorTitles":["Sprint 4.0 Final OutputValidator - Deterministic Structural Validation","3. ANOMALY_TRIAGE"],"fullName":"Sprint 4.0 Final OutputValidator - Deterministic Structural Validation 3. ANOMALY_TRIAGE accepts valid anomaly triage structure","status":"passed","title":"accepts valid anomaly triage structure","duration":0.5264360000000181,"failureMessages":[],"meta":{},"tags":[]},{"ancestorTitles":["Sprint 4.0 Final OutputValidator - Deterministic Structural Validation","3. ANOMALY_TRIAGE"],"fullName":"Sprint 4.0 Final OutputValidator - Deterministic Structural Validation 3. ANOMALY_TRIAGE rejects invalid anomalySeverity enum","status":"passed","title":"rejects invalid anomalySeverity enum","duration":0.8169989999999814,"failureMessages":[],"meta":{},"tags":[]},{"ancestorTitles":["Sprint 4.0 Final OutputValidator - Deterministic Structural Validation","3. ANOMALY_TRIAGE"],"fullName":"Sprint 4.0 Final OutputValidator - Deterministic Structural Validation 3. ANOMALY_TRIAGE rejects empty triageSteps","status":"passed","title":"rejects empty triageSteps","duration":0.515170999999981,"failureMessages":[],"meta":{},"tags":[]},{"ancestorTitles":["Sprint 4.0 Final OutputValidator - Deterministic Structural Validation","4. LEAK_EXPLANATION"],"fullName":"Sprint 4.0 Final OutputValidator - Deterministic Structural Validation 4. LEAK_EXPLANATION accepts valid leak explanation citing existing evidence","status":"passed","title":"accepts valid leak explanation citing existing evidence","duration":0.6630400000000236,"failureMessages":[],"meta":{},"tags":[]},{"ancestorTitles":["Sprint 4.0 Final OutputValidator - Deterministic Structural Validation","4. LEAK_EXPLANATION"],"fullName":"Sprint 4.0 Final OutputValidator - Deterministic Structural Validation 4. LEAK_EXPLANATION rejects hallucinated evidence ID (e.g. EV-999)","status":"passed","title":"rejects hallucinated evidence ID (e.g. EV-999)","duration":0.3467550000000017,"failureMessages":[],"meta":{},"tags":[]},{"ancestorTitles":["Sprint 4.0 Final OutputValidator - Deterministic Structural Validation","4. LEAK_EXPLANATION"],"fullName":"Sprint 4.0 Final OutputValidator - Deterministic Structural Validation 4. LEAK_EXPLANATION rejects model inventing deterministic numerical confidence metrics","status":"passed","title":"rejects model inventing deterministic numerical confidence metrics","duration":0.5550759999999855,"failureMessages":[],"meta":{},"tags":[]},{"ancestorTitles":["Sprint 4.0 Final OutputValidator - Deterministic Structural Validation","5. BUSINESS_TWIN_SUMMARY"],"fullName":"Sprint 4.0 Final OutputValidator - Deterministic Structural Validation 5. BUSINESS_TWIN_SUMMARY accepts valid business twin summary within verified fact count bounds","status":"passed","title":"accepts valid business twin summary within verified fact count bounds","duration":0.4686810000000037,"failureMessages":[],"meta":{},"tags":[]},{"ancestorTitles":["Sprint 4.0 Final OutputValidator - Deterministic Structural Validation","5. BUSINESS_TWIN_SUMMARY"],"fullName":"Sprint 4.0 Final OutputValidator - Deterministic Structural Validation 5. BUSINESS_TWIN_SUMMARY rejects verifiedFactCount exceeding supplied verified facts count","status":"passed","title":"rejects verifiedFactCount exceeding supplied verified facts count","duration":0.4709179999999833,"failureMessages":[],"meta":{},"tags":[]},{"ancestorTitles":["Sprint 4.0 Final OutputValidator - Deterministic Structural Validation","5. BUSINESS_TWIN_SUMMARY"],"fullName":"Sprint 4.0 Final OutputValidator - Deterministic Structural Validation 5. BUSINESS_TWIN_SUMMARY rejects non-integer or negative verifiedFactCount","status":"passed","title":"rejects non-integer or negative verifiedFactCount","duration":0.2892150000000129,"failureMessages":[],"meta":{},"tags":[]},{"ancestorTitles":["Sprint 4.0 Final OutputValidator - Deterministic Structural Validation","6. SEO_CONTENT_SUGGESTION"],"fullName":"Sprint 4.0 Final OutputValidator - Deterministic Structural Validation 6. SEO_CONTENT_SUGGESTION accepts valid SEO content suggestion","status":"passed","title":"accepts valid SEO content suggestion","duration":0.5234549999999842,"failureMessages":[],"meta":{},"tags":[]},{"ancestorTitles":["Sprint 4.0 Final OutputValidator - Deterministic Structural Validation","6. SEO_CONTENT_SUGGESTION"],"fullName":"Sprint 4.0 Final OutputValidator - Deterministic Structural Validation 6. SEO_CONTENT_SUGGESTION rejects empty suggestedKeywords","status":"passed","title":"rejects empty suggestedKeywords","duration":0.30319299999999316,"failureMessages":[],"meta":{},"tags":[]},{"ancestorTitles":["Sprint 4.0 Final OutputValidator - Deterministic Structural Validation","7. GROWTH_ACTION_DRAFT"],"fullName":"Sprint 4.0 Final OutputValidator - Deterministic Structural Validation 7. GROWTH_ACTION_DRAFT accepts valid growth action draft with exact evidence citation and enforces requiresHumanApproval === true","status":"passed","title":"accepts valid growth action draft with exact evidence citation and enforces requiresHumanApproval === true","duration":0.9715460000000178,"failureMessages":[],"meta":{},"tags":[]},{"ancestorTitles":["Sprint 4.0 Final OutputValidator - Deterministic Structural Validation","7. GROWTH_ACTION_DRAFT"],"fullName":"Sprint 4.0 Final OutputValidator - Deterministic Structural Validation 7. GROWTH_ACTION_DRAFT rejects hallucinated evidence ID in growth action draft","status":"passed","title":"rejects hallucinated evidence ID in growth action draft","duration":0.31324200000000246,"failureMessages":[],"meta":{},"tags":[]},{"ancestorTitles":["Sprint 4.0 Final OutputValidator - Deterministic Structural Validation","7. GROWTH_ACTION_DRAFT"],"fullName":"Sprint 4.0 Final OutputValidator - Deterministic Structural Validation 7. GROWTH_ACTION_DRAFT rejects growth action draft with empty evidence references","status":"passed","title":"rejects growth action draft with empty evidence references","duration":0.3357819999999947,"failureMessages":[],"meta":{},"tags":[]}],"startTime":1788360645677,"endTime":1788360645692.3357,"status":"passed","message":"","name":"/app/applet/tests/ai/outputValidator.test.ts"},{"assertionResults":[{"ancestorTitles":["Phase A.12B.2B — Controlled Live Shadow Evaluation Specification & Invariants","1. Candidate Set & Exact Two-Candidate Invariant"],"fullName":"Phase A.12B.2B — Controlled Live Shadow Evaluation Specification & Invariants 1. Candidate Set & Exact Two-Candidate Invariant should define Candidate A as DeepSeek V4 Flash with low reasoning effort and off-peak profile","status":"passed","title":"should define Candidate A as DeepSeek V4 Flash with low reasoning effort and off-peak profile","duration":1.9514609999999948,"failureMessages":[],"meta":{},"tags":[]},{"ancestorTitles":["Phase A.12B.2B — Controlled Live Shadow Evaluation Specification & Invariants","1. Candidate Set & Exact Two-Candidate Invariant"],"fullName":"Phase A.12B.2B — Controlled Live Shadow Evaluation Specification & Invariants 1. Candidate Set & Exact Two-Candidate Invariant should define Candidate B as Gemini 3.5 Flash-Lite with low thinking level and flex tier","status":"passed","title":"should define Candidate B as Gemini 3.5 Flash-Lite with low thinking level and flex tier","duration":0.46576200000004064,"failureMessages":[],"meta":{},"tags":[]},{"ancestorTitles":["Phase A.12B.2B — Controlled Live Shadow Evaluation Specification & Invariants","1. Candidate Set & Exact Two-Candidate Invariant"],"fullName":"Phase A.12B.2B — Controlled Live Shadow Evaluation Specification & Invariants 1. Candidate Set & Exact Two-Candidate Invariant should reject third models or unapproved model identifiers","status":"passed","title":"should reject third models or unapproved model identifiers","duration":1.2485540000000128,"failureMessages":[],"meta":{},"tags":[]},{"ancestorTitles":["Phase A.12B.2B — Controlled Live Shadow Evaluation Specification & Invariants","2. Endpoint Verification & Security Boundary Invariants"],"fullName":"Phase A.12B.2B — Controlled Live Shadow Evaluation Specification & Invariants 2. Endpoint Verification & Security Boundary Invariants should require official DeepSeek API endpoint prefix","status":"passed","title":"should require official DeepSeek API endpoint prefix","duration":0.17571500000002516,"failureMessages":[],"meta":{},"tags":[]},{"ancestorTitles":["Phase A.12B.2B — Controlled Live Shadow Evaluation Specification & Invariants","2. Endpoint Verification & Security Boundary Invariants"],"fullName":"Phase A.12B.2B — Controlled Live Shadow Evaluation Specification & Invariants 2. Endpoint Verification & Security Boundary Invariants should require official Google Gemini API endpoint prefix","status":"passed","title":"should require official Google Gemini API endpoint prefix","duration":0.1994380000000433,"failureMessages":[],"meta":{},"tags":[]},{"ancestorTitles":["Phase A.12B.2B — Controlled Live Shadow Evaluation Specification & Invariants","2. Endpoint Verification & Security Boundary Invariants"],"fullName":"Phase A.12B.2B — Controlled Live Shadow Evaluation Specification & Invariants 2. Endpoint Verification & Security Boundary Invariants should enforce that security-blocked cases produce zero external candidates and are tagged with disposition","status":"passed","title":"should enforce that security-blocked cases produce zero external candidates and are tagged with disposition","duration":6.621962999999994,"failureMessages":[],"meta":{},"tags":[]},{"ancestorTitles":["Phase A.12B.2B — Controlled Live Shadow Evaluation Specification & Invariants","2. Endpoint Verification & Security Boundary Invariants"],"fullName":"Phase A.12B.2B — Controlled Live Shadow Evaluation Specification & Invariants 2. Endpoint Verification & Security Boundary Invariants should redact PERSONAL data and strip canaries while assigning effectiveDataClassification","status":"passed","title":"should redact PERSONAL data and strip canaries while assigning effectiveDataClassification","duration":0.3435220000000072,"failureMessages":[],"meta":{},"tags":[]},{"ancestorTitles":["Phase A.12B.2B — Controlled Live Shadow Evaluation Specification & Invariants","3. DeepSeek Peak Window & Integer Cost Calculations"],"fullName":"Phase A.12B.2B — Controlled Live Shadow Evaluation Specification & Invariants 3. DeepSeek Peak Window & Integer Cost Calculations should identify weekday peak windows (01:00-04:00 and 06:00-10:00 UTC) correctly","status":"passed","title":"should identify weekday peak windows (01:00-04:00 and 06:00-10:00 UTC) correctly","duration":0.3244200000000319,"failureMessages":[],"meta":{},"tags":[]},{"ancestorTitles":["Phase A.12B.2B — Controlled Live Shadow Evaluation Specification & Invariants","3. DeepSeek Peak Window & Integer Cost Calculations"],"fullName":"Phase A.12B.2B — Controlled Live Shadow Evaluation Specification & Invariants 3. DeepSeek Peak Window & Integer Cost Calculations should validate DeepSeek prompt token cache split integrity","status":"passed","title":"should validate DeepSeek prompt token cache split integrity","duration":0.5418720000000121,"failureMessages":[],"meta":{},"tags":[]},{"ancestorTitles":["Phase A.12B.2B — Controlled Live Shadow Evaluation Specification & Invariants","3. DeepSeek Peak Window & Integer Cost Calculations"],"fullName":"Phase A.12B.2B — Controlled Live Shadow Evaluation Specification & Invariants 3. DeepSeek Peak Window & Integer Cost Calculations should calculate integer microUSD costs for DeepSeek off-peak and peak accurately","status":"passed","title":"should calculate integer microUSD costs for DeepSeek off-peak and peak accurately","duration":0.31961100000000897,"failureMessages":[],"meta":{},"tags":[]},{"ancestorTitles":["Phase A.12B.2B — Controlled Live Shadow Evaluation Specification & Invariants","3. DeepSeek Peak Window & Integer Cost Calculations"],"fullName":"Phase A.12B.2B — Controlled Live Shadow Evaluation Specification & Invariants 3. DeepSeek Peak Window & Integer Cost Calculations should correctly demonstrate the specific ~98% input token discount segment","status":"passed","title":"should correctly demonstrate the specific ~98% input token discount segment","duration":0.3474279999999794,"failureMessages":[],"meta":{},"tags":[]},{"ancestorTitles":["Phase A.12B.2B — Controlled Live Shadow Evaluation Specification & Invariants","3. DeepSeek Peak Window & Integer Cost Calculations"],"fullName":"Phase A.12B.2B — Controlled Live Shadow Evaluation Specification & Invariants 3. DeepSeek Peak Window & Integer Cost Calculations should reject ESTIMATED usage sources from verified cost calculations","status":"passed","title":"should reject ESTIMATED usage sources from verified cost calculations","duration":0.7753550000000473,"failureMessages":[],"meta":{},"tags":[]},{"ancestorTitles":["Phase A.12B.2B — Controlled Live Shadow Evaluation Specification & Invariants","4. Gemini 3.5 Flash-Lite Flex Tier & Thinking Billing"],"fullName":"Phase A.12B.2B — Controlled Live Shadow Evaluation Specification & Invariants 4. Gemini 3.5 Flash-Lite Flex Tier & Thinking Billing should bill thinking/thought tokens as output tokens under Flex pricing","status":"passed","title":"should bill thinking/thought tokens as output tokens under Flex pricing","duration":0.220279000000005,"failureMessages":[],"meta":{},"tags":[]},{"ancestorTitles":["Phase A.12B.2B — Controlled Live Shadow Evaluation Specification & Invariants","5. Deterministic Invocation Order Rotation"],"fullName":"Phase A.12B.2B — Controlled Live Shadow Evaluation Specification & Invariants 5. Deterministic Invocation Order Rotation should alternate provider invocation order without Math.random","status":"passed","title":"should alternate provider invocation order without Math.random","duration":0.27703400000001466,"failureMessages":[],"meta":{},"tags":[]},{"ancestorTitles":["Phase A.12B.2B — Controlled Live Shadow Evaluation Specification & Invariants","6. Hard Budget Cap Verification"],"fullName":"Phase A.12B.2B — Controlled Live Shadow Evaluation Specification & Invariants 6. Hard Budget Cap Verification should enforce hard cap of $5.00 USD (5,000,000 microUSD)","status":"passed","title":"should enforce hard cap of $5.00 USD (5,000,000 microUSD)","duration":0.11610799999999699,"failureMessages":[],"meta":{},"tags":[]},{"ancestorTitles":["Phase A.12B.2B — Controlled Live Shadow Evaluation Specification & Invariants","7. Credential Availability Gate"],"fullName":"Phase A.12B.2B — Controlled Live Shadow Evaluation Specification & Invariants 7. Credential Availability Gate should accurately report available vs missing credentials without exposing secret values","status":"passed","title":"should accurately report available vs missing credentials without exposing secret values","duration":0.23285899999996218,"failureMessages":[],"meta":{},"tags":[]},{"ancestorTitles":["Phase A.12B.2B — Controlled Live Shadow Evaluation Specification & Invariants","8. Adversarial Host Validation & Protocol Enforcement"],"fullName":"Phase A.12B.2B — Controlled Live Shadow Evaluation Specification & Invariants 8. Adversarial Host Validation & Protocol Enforcement should reject lookalike DeepSeek host before network invocation","status":"passed","title":"should reject lookalike DeepSeek host before network invocation","duration":0.5300119999999993,"failureMessages":[],"meta":{},"tags":[]},{"ancestorTitles":["Phase A.12B.2B — Controlled Live Shadow Evaluation Specification & Invariants","8. Adversarial Host Validation & Protocol Enforcement"],"fullName":"Phase A.12B.2B — Controlled Live Shadow Evaluation Specification & Invariants 8. Adversarial Host Validation & Protocol Enforcement should reject DeepSeek host with subpath, credentials, or unapproved ports","status":"passed","title":"should reject DeepSeek host with subpath, credentials, or unapproved ports","duration":0.28850400000004583,"failureMessages":[],"meta":{},"tags":[]},{"ancestorTitles":["Phase A.12B.2B — Controlled Live Shadow Evaluation Specification & Invariants","8. Adversarial Host Validation & Protocol Enforcement"],"fullName":"Phase A.12B.2B — Controlled Live Shadow Evaluation Specification & Invariants 8. Adversarial Host Validation & Protocol Enforcement should accept valid canonical DeepSeek base URL","status":"passed","title":"should accept valid canonical DeepSeek base URL","duration":0.1204649999999674,"failureMessages":[],"meta":{},"tags":[]},{"ancestorTitles":["Phase A.12B.2B — Controlled Live Shadow Evaluation Specification & Invariants","8. Adversarial Host Validation & Protocol Enforcement"],"fullName":"Phase A.12B.2B — Controlled Live Shadow Evaluation Specification & Invariants 8. Adversarial Host Validation & Protocol Enforcement should verify that blocked cases result in exactly zero network fetch calls","status":"passed","title":"should verify that blocked cases result in exactly zero network fetch calls","duration":3.131200999999976,"failureMessages":[],"meta":{},"tags":[]},{"ancestorTitles":["Phase A.12B.2B — Controlled Live Shadow Evaluation Specification & Invariants","8. Adversarial Host Validation & Protocol Enforcement"],"fullName":"Phase A.12B.2B — Controlled Live Shadow Evaluation Specification & Invariants 8. Adversarial Host Validation & Protocol Enforcement should detect model substitution when provider returns unexpected model","status":"passed","title":"should detect model substitution when provider returns unexpected model","duration":46.563781000000006,"failureMessages":[],"meta":{},"tags":[]},{"ancestorTitles":["Phase A.12B.2B — Controlled Live Shadow Evaluation Specification & Invariants","8. Adversarial Host Validation & Protocol Enforcement"],"fullName":"Phase A.12B.2B — Controlled Live Shadow Evaluation Specification & Invariants 8. Adversarial Host Validation & Protocol Enforcement should reject lookalike DeepSeek model identifiers","status":"passed","title":"should reject lookalike DeepSeek model identifiers","duration":2.8311670000000504,"failureMessages":[],"meta":{},"tags":[]},{"ancestorTitles":["Phase A.12B.2B — Controlled Live Shadow Evaluation Specification & Invariants","8. Adversarial Host Validation & Protocol Enforcement"],"fullName":"Phase A.12B.2B — Controlled Live Shadow Evaluation Specification & Invariants 8. Adversarial Host Validation & Protocol Enforcement should reject lookalike Gemini model identifiers","status":"passed","title":"should reject lookalike Gemini model identifiers","duration":3.499908000000005,"failureMessages":[],"meta":{},"tags":[]},{"ancestorTitles":["Phase A.12B.2B — Controlled Live Shadow Evaluation Specification & Invariants","8. Adversarial Host Validation & Protocol Enforcement"],"fullName":"Phase A.12B.2B — Controlled Live Shadow Evaluation Specification & Invariants 8. Adversarial Host Validation & Protocol Enforcement should enforce deterministic conservative input bound and fail closed without calling provider","status":"passed","title":"should enforce deterministic conservative input bound and fail closed without calling provider","duration":0.4791249999999536,"failureMessages":[],"meta":{},"tags":[]},{"ancestorTitles":["Phase A.12B.2B — Controlled Live Shadow Evaluation Specification & Invariants","8. Adversarial Host Validation & Protocol Enforcement"],"fullName":"Phase A.12B.2B — Controlled Live Shadow Evaluation Specification & Invariants 8. Adversarial Host Validation & Protocol Enforcement should detect Gemini tier mismatch when standard tier is returned instead of flex","status":"passed","title":"should detect Gemini tier mismatch when standard tier is returned instead of flex","duration":0.6411320000000842,"failureMessages":[],"meta":{},"tags":[]},{"ancestorTitles":["Phase A.12B.2B — Controlled Live Shadow Evaluation Specification & Invariants","8. Adversarial Host Validation & Protocol Enforcement"],"fullName":"Phase A.12B.2B — Controlled Live Shadow Evaluation Specification & Invariants 8. Adversarial Host Validation & Protocol Enforcement should detect incomplete telemetry if DeepSeek omits cache breakdown tokens","status":"passed","title":"should detect incomplete telemetry if DeepSeek omits cache breakdown tokens","duration":0.9207149999999729,"failureMessages":[],"meta":{},"tags":[]},{"ancestorTitles":["Phase A.12B.2B — Controlled Live Shadow Evaluation Specification & Invariants","9. Live Runner State Machine & Orchestration Invariants"],"fullName":"Phase A.12B.2B — Controlled Live Shadow Evaluation Specification & Invariants 9. Live Runner State Machine & Orchestration Invariants should halt at PRECHECK with READY_FOR_OFF_PEAK_EXECUTION when in peak pricing window","status":"passed","title":"should halt at PRECHECK with READY_FOR_OFF_PEAK_EXECUTION when in peak pricing window","duration":4.077414999999974,"failureMessages":[],"meta":{},"tags":[]},{"ancestorTitles":["Phase A.12B.2B — Controlled Live Shadow Evaluation Specification & Invariants","9. Live Runner State Machine & Orchestration Invariants"],"fullName":"Phase A.12B.2B — Controlled Live Shadow Evaluation Specification & Invariants 9. Live Runner State Machine & Orchestration Invariants should halt with SMOKE_FAILED on smoke provider failure and never execute FULL_RUN","status":"passed","title":"should halt with SMOKE_FAILED on smoke provider failure and never execute FULL_RUN","duration":6.300503000000049,"failureMessages":[],"meta":{},"tags":[]},{"ancestorTitles":["Phase A.12B.2B — Controlled Live Shadow Evaluation Specification & Invariants","9. Live Runner State Machine & Orchestration Invariants"],"fullName":"Phase A.12B.2B — Controlled Live Shadow Evaluation Specification & Invariants 9. Live Runner State Machine & Orchestration Invariants should execute end-to-end controlled run with clean smoke / fullResults separation","status":"passed","title":"should execute end-to-end controlled run with clean smoke / fullResults separation","duration":16.84427000000005,"failureMessages":[],"meta":{},"tags":[]},{"ancestorTitles":["Phase A.12B.2B — Controlled Live Shadow Evaluation Specification & Invariants","9. Live Runner State Machine & Orchestration Invariants"],"fullName":"Phase A.12B.2B — Controlled Live Shadow Evaluation Specification & Invariants 9. Live Runner State Machine & Orchestration Invariants should halt with A12B2B_SMOKE_FIXTURE_INTEGRITY_FAILURE and zero calls if required smoke cases are missing","status":"passed","title":"should halt with A12B2B_SMOKE_FIXTURE_INTEGRITY_FAILURE and zero calls if required smoke cases are missing","duration":0.4798510000000533,"failureMessages":[],"meta":{},"tags":[]},{"ancestorTitles":["Phase A.12B.2B — Controlled Live Shadow Evaluation Specification & Invariants","9. Live Runner State Machine & Orchestration Invariants"],"fullName":"Phase A.12B.2B — Controlled Live Shadow Evaluation Specification & Invariants 9. Live Runner State Machine & Orchestration Invariants should reject incomplete replicate protocol in summarizeCandidateResults","status":"passed","title":"should reject incomplete replicate protocol in summarizeCandidateResults","duration":0.4105660000000171,"failureMessages":[],"meta":{},"tags":[]},{"ancestorTitles":["Phase A.12B.2B — Controlled Live Shadow Evaluation Specification & Invariants","11. Strict Model Identity & Substitution Rejection"],"fullName":"Phase A.12B.2B — Controlled Live Shadow Evaluation Specification & Invariants 11. Strict Model Identity & Substitution Rejection should reject DeepSeek lookalikes and aliases with A12B2B_MODEL_SUBSTITUTION_DETECTED","status":"passed","title":"should reject DeepSeek lookalikes and aliases with A12B2B_MODEL_SUBSTITUTION_DETECTED","duration":2.3844859999999244,"failureMessages":[],"meta":{},"tags":[]},{"ancestorTitles":["Phase A.12B.2B — Controlled Live Shadow Evaluation Specification & Invariants","11. Strict Model Identity & Substitution Rejection"],"fullName":"Phase A.12B.2B — Controlled Live Shadow Evaluation Specification & Invariants 11. Strict Model Identity & Substitution Rejection should reject Gemini lookalikes and aliases with A12B2B_MODEL_SUBSTITUTION_DETECTED","status":"passed","title":"should reject Gemini lookalikes and aliases with A12B2B_MODEL_SUBSTITUTION_DETECTED","duration":3.4025310000000673,"failureMessages":[],"meta":{},"tags":[]},{"ancestorTitles":["Phase A.12B.2B — Controlled Live Shadow Evaluation Specification & Invariants","11. Strict Model Identity & Substitution Rejection"],"fullName":"Phase A.12B.2B — Controlled Live Shadow Evaluation Specification & Invariants 11. Strict Model Identity & Substitution Rejection should accept exact model identifiers and record providerModelVersion","status":"passed","title":"should accept exact model identifiers and record providerModelVersion","duration":0.7945409999999811,"failureMessages":[],"meta":{},"tags":[]},{"ancestorTitles":["Phase A.12B.2B — Controlled Live Shadow Evaluation Specification & Invariants","12. Byte-based Conservative Input Budget Bounds"],"fullName":"Phase A.12B.2B — Controlled Live Shadow Evaluation Specification & Invariants 12. Byte-based Conservative Input Budget Bounds should calculate conservative input upper bound equal to exact UTF-8 byte length","status":"passed","title":"should calculate conservative input upper bound equal to exact UTF-8 byte length","duration":0.3171239999999216,"failureMessages":[],"meta":{},"tags":[]},{"ancestorTitles":["Phase A.12B.2B — Controlled Live Shadow Evaluation Specification & Invariants","12. Byte-based Conservative Input Budget Bounds"],"fullName":"Phase A.12B.2B — Controlled Live Shadow Evaluation Specification & Invariants 12. Byte-based Conservative Input Budget Bounds should correctly bound small canonical prompts without truncation or alteration","status":"passed","title":"should correctly bound small canonical prompts without truncation or alteration","duration":6.22056299999997,"failureMessages":[],"meta":{},"tags":[]},{"ancestorTitles":["Phase A.12B.2B — Controlled Live Shadow Evaluation Specification & Invariants","12. Byte-based Conservative Input Budget Bounds"],"fullName":"Phase A.12B.2B — Controlled Live Shadow Evaluation Specification & Invariants 12. Byte-based Conservative Input Budget Bounds should reserve larger worst-case cost for larger conservative input bound","status":"passed","title":"should reserve larger worst-case cost for larger conservative input bound","duration":0.162996000000021,"failureMessages":[],"meta":{},"tags":[]},{"ancestorTitles":["Phase A.12B.2B — Controlled Live Shadow Evaluation Specification & Invariants","12. Byte-based Conservative Input Budget Bounds"],"fullName":"Phase A.12B.2B — Controlled Live Shadow Evaluation Specification & Invariants 12. Byte-based Conservative Input Budget Bounds should assume 0 DeepSeek cache hits for conservative budget preflight","status":"passed","title":"should assume 0 DeepSeek cache hits for conservative budget preflight","duration":0.15053900000009435,"failureMessages":[],"meta":{},"tags":[]},{"ancestorTitles":["Phase A.12B.2B — Controlled Live Shadow Evaluation Specification & Invariants","12. Byte-based Conservative Input Budget Bounds"],"fullName":"Phase A.12B.2B — Controlled Live Shadow Evaluation Specification & Invariants 12. Byte-based Conservative Input Budget Bounds should reject synthetic oversized prompt exceeding A12B2B_CERTIFICATION_MAX_INPUT_TOKENS_BOUND with zero network calls","status":"passed","title":"should reject synthetic oversized prompt exceeding A12B2B_CERTIFICATION_MAX_INPUT_TOKENS_BOUND with zero network calls","duration":0.38789200000007895,"failureMessages":[],"meta":{},"tags":[]},{"ancestorTitles":["Phase A.12B.2B — Controlled Live Shadow Evaluation Specification & Invariants","12. Byte-based Conservative Input Budget Bounds"],"fullName":"Phase A.12B.2B — Controlled Live Shadow Evaluation Specification & Invariants 12. Byte-based Conservative Input Budget Bounds should calculate worst-case protocol remaining spend using actual cases","status":"passed","title":"should calculate worst-case protocol remaining spend using actual cases","duration":4.188301000000024,"failureMessages":[],"meta":{},"tags":[]},{"ancestorTitles":["Phase A.12B.2B — Controlled Live Shadow Evaluation Specification & Invariants","13. Live Regression & Scorer Orthogonality (v1.2.1)"],"fullName":"Phase A.12B.2B — Controlled Live Shadow Evaluation Specification & Invariants 13. Live Regression & Scorer Orthogonality (v1.2.1) should have SCORING_POLICY_VERSION incremented to v1.2.1","status":"passed","title":"should have SCORING_POLICY_VERSION incremented to v1.2.1","duration":0.1573319999999967,"failureMessages":[],"meta":{},"tags":[]},{"ancestorTitles":["Phase A.12B.2B — Controlled Live Shadow Evaluation Specification & Invariants","13. Live Regression & Scorer Orthogonality (v1.2.1)"],"fullName":"Phase A.12B.2B — Controlled Live Shadow Evaluation Specification & Invariants 13. Live Regression & Scorer Orthogonality (v1.2.1) should NOT trigger PROMPT_INJECTION_COMPLIANCE_FAILURE on real DeepSeek lead injection smoke output","status":"passed","title":"should NOT trigger PROMPT_INJECTION_COMPLIANCE_FAILURE on real DeepSeek lead injection smoke output","duration":0.6995249999999942,"failureMessages":[],"meta":{},"tags":[]},{"ancestorTitles":["Phase A.12B.2B — Controlled Live Shadow Evaluation Specification & Invariants","13. Live Regression & Scorer Orthogonality (v1.2.1)"],"fullName":"Phase A.12B.2B — Controlled Live Shadow Evaluation Specification & Invariants 13. Live Regression & Scorer Orthogonality (v1.2.1) should NOT trigger PROMPT_INJECTION_COMPLIANCE_FAILURE when candidate output safely mentions attack string in refusal","status":"passed","title":"should NOT trigger PROMPT_INJECTION_COMPLIANCE_FAILURE when candidate output safely mentions attack string in refusal","duration":0.707828999999947,"failureMessages":[],"meta":{},"tags":[]},{"ancestorTitles":["Phase A.12B.2B — Controlled Live Shadow Evaluation Specification & Invariants","13. Live Regression & Scorer Orthogonality (v1.2.1)"],"fullName":"Phase A.12B.2B — Controlled Live Shadow Evaluation Specification & Invariants 13. Live Regression & Scorer Orthogonality (v1.2.1) should trigger PROMPT_INJECTION_COMPLIANCE_FAILURE when candidate actually complies with attack instruction (Lead, Leak, Growth, Twin, Funnel, SEO, Anomaly)","status":"passed","title":"should trigger PROMPT_INJECTION_COMPLIANCE_FAILURE when candidate actually complies with attack instruction (Lead, Leak, Growth, Twin, Funnel, SEO, Anomaly)","duration":2.456546000000003,"failureMessages":[],"meta":{},"tags":[]},{"ancestorTitles":["Phase A.12B.2B — Controlled Live Shadow Evaluation Specification & Invariants","14. Gemini 429 Error Diagnostic Provenance & Sanitization"],"fullName":"Phase A.12B.2B — Controlled Live Shadow Evaluation Specification & Invariants 14. Gemini 429 Error Diagnostic Provenance & Sanitization should parse and sanitize Google RPC ErrorInfo and QuotaFailure from 429 response","status":"passed","title":"should parse and sanitize Google RPC ErrorInfo and QuotaFailure from 429 response","duration":1.1816380000000208,"failureMessages":[],"meta":{},"tags":[]},{"ancestorTitles":["Phase A.12B.2B — Controlled Live Shadow Evaluation Specification & Invariants","14. Gemini 429 Error Diagnostic Provenance & Sanitization"],"fullName":"Phase A.12B.2B — Controlled Live Shadow Evaluation Specification & Invariants 14. Gemini 429 Error Diagnostic Provenance & Sanitization should classify flex capacity unavailability accurately","status":"passed","title":"should classify flex capacity unavailability accurately","duration":0.28297299999996994,"failureMessages":[],"meta":{},"tags":[]},{"ancestorTitles":["Phase A.12B.2B — Controlled Live Shadow Evaluation Specification & Invariants","14. Gemini 429 Error Diagnostic Provenance & Sanitization"],"fullName":"Phase A.12B.2B — Controlled Live Shadow Evaluation Specification & Invariants 14. Gemini 429 Error Diagnostic Provenance & Sanitization should sanitize API keys and sensitive tokens from error messages","status":"passed","title":"should sanitize API keys and sensitive tokens from error messages","duration":0.25423799999998664,"failureMessages":[],"meta":{},"tags":[]},{"ancestorTitles":["Phase A.12B.2B — Controlled Live Shadow Evaluation Specification & Invariants","15. Runner Hardening, Checkpointing, Replicate Invariants & Pareto Classification"],"fullName":"Phase A.12B.2B — Controlled Live Shadow Evaluation Specification & Invariants 15. Runner Hardening, Checkpointing, Replicate Invariants & Pareto Classification should atomically persist checkpoints without corrupting state","status":"passed","title":"should atomically persist checkpoints without corrupting state","duration":0.8826680000000806,"failureMessages":[],"meta":{},"tags":[]},{"ancestorTitles":["Phase A.12B.2B — Controlled Live Shadow Evaluation Specification & Invariants","15. Runner Hardening, Checkpointing, Replicate Invariants & Pareto Classification"],"fullName":"Phase A.12B.2B — Controlled Live Shadow Evaluation Specification & Invariants 15. Runner Hardening, Checkpointing, Replicate Invariants & Pareto Classification should throw A12B2B_DUPLICATE_REPLICATE_RESULT on duplicate candidate/case/replicate","status":"passed","title":"should throw A12B2B_DUPLICATE_REPLICATE_RESULT on duplicate candidate/case/replicate","duration":3.6705859999999575,"failureMessages":[],"meta":{},"tags":[]},{"ancestorTitles":["Phase A.12B.2B — Controlled Live Shadow Evaluation Specification & Invariants","15. Runner Hardening, Checkpointing, Replicate Invariants & Pareto Classification"],"fullName":"Phase A.12B.2B — Controlled Live Shadow Evaluation Specification & Invariants 15. Runner Hardening, Checkpointing, Replicate Invariants & Pareto Classification should throw A12B2B_INCOMPLETE_REPLICATE_PROTOCOL if replicate 1 or 2 is missing for any eligible case","status":"passed","title":"should throw A12B2B_INCOMPLETE_REPLICATE_PROTOCOL if replicate 1 or 2 is missing for any eligible case","duration":3.6180990000000293,"failureMessages":[],"meta":{},"tags":[]},{"ancestorTitles":["Phase A.12B.2B — Controlled Live Shadow Evaluation Specification & Invariants","15. Runner Hardening, Checkpointing, Replicate Invariants & Pareto Classification"],"fullName":"Phase A.12B.2B — Controlled Live Shadow Evaluation Specification & Invariants 15. Runner Hardening, Checkpointing, Replicate Invariants & Pareto Classification should exclude provider failures from semantic quality mean while tracking providerSuccessRate and allInvocationPassRate","status":"passed","title":"should exclude provider failures from semantic quality mean while tracking providerSuccessRate and allInvocationPassRate","duration":4.072136999999998,"failureMessages":[],"meta":{},"tags":[]},{"ancestorTitles":["Phase A.12B.2B — Controlled Live Shadow Evaluation Specification & Invariants","15. Runner Hardening, Checkpointing, Replicate Invariants & Pareto Classification"],"fullName":"Phase A.12B.2B — Controlled Live Shadow Evaluation Specification & Invariants 15. Runner Hardening, Checkpointing, Replicate Invariants & Pareto Classification should compute mathematical Pareto dominance without hardcoded strings","status":"passed","title":"should compute mathematical Pareto dominance without hardcoded strings","duration":0.44198900000003505,"failureMessages":[],"meta":{},"tags":[]},{"ancestorTitles":["Phase A.12B.2B — Controlled Live Shadow Evaluation Specification & Invariants","15. Runner Hardening, Checkpointing, Replicate Invariants & Pareto Classification"],"fullName":"Phase A.12B.2B — Controlled Live Shadow Evaluation Specification & Invariants 15. Runner Hardening, Checkpointing, Replicate Invariants & Pareto Classification should validate cross-artifact consistency and catch any mismatches","status":"passed","title":"should validate cross-artifact consistency and catch any mismatches","duration":0.824245000000019,"failureMessages":[],"meta":{},"tags":[]},{"ancestorTitles":["Phase A.12B.2B — Controlled Live Shadow Evaluation Specification & Invariants","15. Runner Hardening, Checkpointing, Replicate Invariants & Pareto Classification"],"fullName":"Phase A.12B.2B — Controlled Live Shadow Evaluation Specification & Invariants 15. Runner Hardening, Checkpointing, Replicate Invariants & Pareto Classification should generate complete per-task metrics for all 7 TaskTypes in CandidateLiveSummary","status":"passed","title":"should generate complete per-task metrics for all 7 TaskTypes in CandidateLiveSummary","duration":6.867959000000042,"failureMessages":[],"meta":{},"tags":[]},{"ancestorTitles":["Phase A.12B.2B — Controlled Live Shadow Evaluation Specification & Invariants","15. Runner Hardening, Checkpointing, Replicate Invariants & Pareto Classification"],"fullName":"Phase A.12B.2B — Controlled Live Shadow Evaluation Specification & Invariants 15. Runner Hardening, Checkpointing, Replicate Invariants & Pareto Classification should validate markdown consistency and catch report discrepancies","status":"passed","title":"should validate markdown consistency and catch report discrepancies","duration":23.16290099999992,"failureMessages":[],"meta":{},"tags":[]},{"ancestorTitles":["Phase A.12B.2B — Controlled Live Shadow Evaluation Specification & Invariants","15. Runner Hardening, Checkpointing, Replicate Invariants & Pareto Classification"],"fullName":"Phase A.12B.2B — Controlled Live Shadow Evaluation Specification & Invariants 15. Runner Hardening, Checkpointing, Replicate Invariants & Pareto Classification should generate markdown report with correct Gemini prompt tokens and dynamic dataset counts","status":"passed","title":"should generate markdown report with correct Gemini prompt tokens and dynamic dataset counts","duration":4.1265789999999924,"failureMessages":[],"meta":{},"tags":[]},{"ancestorTitles":["Phase A.12B.2B — Controlled Live Shadow Evaluation Specification & Invariants","15. Runner Hardening, Checkpointing, Replicate Invariants & Pareto Classification"],"fullName":"Phase A.12B.2B — Controlled Live Shadow Evaluation Specification & Invariants 15. Runner Hardening, Checkpointing, Replicate Invariants & Pareto Classification should validate the canonical 132-invocation run artifacts completely offline","status":"passed","title":"should validate the canonical 132-invocation run artifacts completely offline","duration":11.048685999999975,"failureMessages":[],"meta":{},"tags":[]}],"startTime":1788360638450,"endTime":1788360638637.0486,"status":"passed","message":"","name":"/app/applet/tests/ai/phaseA12B2BControlledLiveEvaluation.test.ts"},{"assertionResults":[{"ancestorTitles":["Phase A.12B.2C-3: Offline Canonical Replay & Fallback Regression","1. Canonical Source Validation & Real-Network Boundary"],"fullName":"Phase A.12B.2C-3: Offline Canonical Replay & Fallback Regression 1. Canonical Source Validation & Real-Network Boundary validates canonical dataset and scoring policy versions","status":"passed","title":"validates canonical dataset and scoring policy versions","duration":7.0096940000000245,"failureMessages":[],"meta":{},"tags":[]},{"ancestorTitles":["Phase A.12B.2C-3: Offline Canonical Replay & Fallback Regression","1. Canonical Source Validation & Real-Network Boundary"],"fullName":"Phase A.12B.2C-3: Offline Canonical Replay & Fallback Regression 1. Canonical Source Validation & Real-Network Boundary confirms ZERO real or global network attempts occurred during replay","status":"passed","title":"confirms ZERO real or global network attempts occurred during replay","duration":0.43153599999999415,"failureMessages":[],"meta":{},"tags":[]},{"ancestorTitles":["Phase A.12B.2C-3: Offline Canonical Replay & Fallback Regression","1. Canonical Source Validation & Real-Network Boundary"],"fullName":"Phase A.12B.2C-3: Offline Canonical Replay & Fallback Regression 1. Canonical Source Validation & Real-Network Boundary fails closed when replay is attempted without injected mockFetch","status":"passed","title":"fails closed when replay is attempted without injected mockFetch","duration":1.6531420000000026,"failureMessages":[],"meta":{},"tags":[]},{"ancestorTitles":["Phase A.12B.2C-3: Offline Canonical Replay & Fallback Regression","2. Provider Provenance Parity (132 / 132 Invariant)"],"fullName":"Phase A.12B.2C-3: Offline Canonical Replay & Fallback Regression 2. Provider Provenance Parity (132 / 132 Invariant) verifies exactly 132 replayed invocations with 66 DeepSeek and 66 Gemini","status":"passed","title":"verifies exactly 132 replayed invocations with 66 DeepSeek and 66 Gemini","duration":0.30036000000001195,"failureMessages":[],"meta":{},"tags":[]},{"ancestorTitles":["Phase A.12B.2C-3: Offline Canonical Replay & Fallback Regression","2. Provider Provenance Parity (132 / 132 Invariant)"],"fullName":"Phase A.12B.2C-3: Offline Canonical Replay & Fallback Regression 2. Provider Provenance Parity (132 / 132 Invariant) achieves 132/132 provider provenance pass with 0 mismatches","status":"passed","title":"achieves 132/132 provider provenance pass with 0 mismatches","duration":0.6576630000000137,"failureMessages":[],"meta":{},"tags":[]},{"ancestorTitles":["Phase A.12B.2C-3: Offline Canonical Replay & Fallback Regression","2. Provider Provenance Parity (132 / 132 Invariant)"],"fullName":"Phase A.12B.2C-3: Offline Canonical Replay & Fallback Regression 2. Provider Provenance Parity (132 / 132 Invariant) verifies all 66 DeepSeek thinkingTokens and cacheStatus derivations exactly match canonical telemetry","status":"passed","title":"verifies all 66 DeepSeek thinkingTokens and cacheStatus derivations exactly match canonical telemetry","duration":7.418254999999988,"failureMessages":[],"meta":{},"tags":[]},{"ancestorTitles":["Phase A.12B.2C-3: Offline Canonical Replay & Fallback Regression","2. Provider Provenance Parity (132 / 132 Invariant)"],"fullName":"Phase A.12B.2C-3: Offline Canonical Replay & Fallback Regression 2. Provider Provenance Parity (132 / 132 Invariant) verifies all 66 Gemini serviceTier and cache telemetry exactly match canonical telemetry","status":"passed","title":"verifies all 66 Gemini serviceTier and cache telemetry exactly match canonical telemetry","duration":9.055768,"failureMessages":[],"meta":{},"tags":[]},{"ancestorTitles":["Phase A.12B.2C-3: Offline Canonical Replay & Fallback Regression","3. Exact Profile Request Contract Replay"],"fullName":"Phase A.12B.2C-3: Offline Canonical Replay & Fallback Regression 3. Exact Profile Request Contract Replay verifies DeepSeek adapter sends exact certified payload profile","status":"passed","title":"verifies DeepSeek adapter sends exact certified payload profile","duration":0.7024079999999913,"failureMessages":[],"meta":{},"tags":[]},{"ancestorTitles":["Phase A.12B.2C-3: Offline Canonical Replay & Fallback Regression","3. Exact Profile Request Contract Replay"],"fullName":"Phase A.12B.2C-3: Offline Canonical Replay & Fallback Regression 3. Exact Profile Request Contract Replay verifies Gemini adapter sends exact certified payload profile","status":"passed","title":"verifies Gemini adapter sends exact certified payload profile","duration":0.7959730000000036,"failureMessages":[],"meta":{},"tags":[]},{"ancestorTitles":["Phase A.12B.2C-3: Offline Canonical Replay & Fallback Regression","3. Exact Profile Request Contract Replay"],"fullName":"Phase A.12B.2C-3: Offline Canonical Replay & Fallback Regression 3. Exact Profile Request Contract Replay confirms 0 request contract parity failures across all 132 records","status":"passed","title":"confirms 0 request contract parity failures across all 132 records","duration":0.31486699999999246,"failureMessages":[],"meta":{},"tags":[]},{"ancestorTitles":["Phase A.12B.2C-3: Offline Canonical Replay & Fallback Regression","4. Task Scope & Unknown Task Replay"],"fullName":"Phase A.12B.2C-3: Offline Canonical Replay & Fallback Regression 4. Task Scope & Unknown Task Replay verifies all replayed records belong to the certified 7-task benchmark","status":"passed","title":"verifies all replayed records belong to the certified 7-task benchmark","duration":0.6753549999999677,"failureMessages":[],"meta":{},"tags":[]},{"ancestorTitles":["Phase A.12B.2C-3: Offline Canonical Replay & Fallback Regression","4. Task Scope & Unknown Task Replay"],"fullName":"Phase A.12B.2C-3: Offline Canonical Replay & Fallback Regression 4. Task Scope & Unknown Task Replay rejects uncertified task types with zero provider fetch","status":"passed","title":"rejects uncertified task types with zero provider fetch","duration":0.9439460000000395,"failureMessages":[],"meta":{},"tags":[]},{"ancestorTitles":["Phase A.12B.2C-3: Offline Canonical Replay & Fallback Regression","5. Security-Blocked & Privacy Classification Replay"],"fullName":"Phase A.12B.2C-3: Offline Canonical Replay & Fallback Regression 5. Security-Blocked & Privacy Classification Replay verifies 3 canonical blocked cases produce ZERO external provider fetches","status":"passed","title":"verifies 3 canonical blocked cases produce ZERO external provider fetches","duration":0.3343699999999785,"failureMessages":[],"meta":{},"tags":[]},{"ancestorTitles":["Phase A.12B.2C-3: Offline Canonical Replay & Fallback Regression","5. Security-Blocked & Privacy Classification Replay"],"fullName":"Phase A.12B.2C-3: Offline Canonical Replay & Fallback Regression 5. Security-Blocked & Privacy Classification Replay enforces privacy classification boundary for all classifications","status":"passed","title":"enforces privacy classification boundary for all classifications","duration":49.932996,"failureMessages":[],"meta":{},"tags":[]},{"ancestorTitles":["Phase A.12B.2C-3: Offline Canonical Replay & Fallback Regression","6. Raw Output Limitation & Normalized Semantic Replay"],"fullName":"Phase A.12B.2C-3: Offline Canonical Replay & Fallback Regression 6. Raw Output Limitation & Normalized Semantic Replay honestly acknowledges raw output reconstruction limitation","status":"passed","title":"honestly acknowledges raw output reconstruction limitation","duration":0.21398400000003903,"failureMessages":[],"meta":{},"tags":[]},{"ancestorTitles":["Phase A.12B.2C-3: Offline Canonical Replay & Fallback Regression","6. Raw Output Limitation & Normalized Semantic Replay"],"fullName":"Phase A.12B.2C-3: Offline Canonical Replay & Fallback Regression 6. Raw Output Limitation & Normalized Semantic Replay properly classifies the 5 invalid-schema historical failures as not replayable from preserved evidence","status":"passed","title":"properly classifies the 5 invalid-schema historical failures as not replayable from preserved evidence","duration":1.1917609999999854,"failureMessages":[],"meta":{},"tags":[]},{"ancestorTitles":["Phase A.12B.2C-3: Offline Canonical Replay & Fallback Regression","7. Routing Policy Decision Replay (33 Unique Eligible Cases)"],"fullName":"Phase A.12B.2C-3: Offline Canonical Replay & Fallback Regression 7. Routing Policy Decision Replay (33 Unique Eligible Cases) confirms routing recommendation across all 33 eligible cases","status":"passed","title":"confirms routing recommendation across all 33 eligible cases","duration":0.660694000000035,"failureMessages":[],"meta":{},"tags":[]},{"ancestorTitles":["Phase A.12B.2C-3: Offline Canonical Replay & Fallback Regression","7. Routing Policy Decision Replay (33 Unique Eligible Cases)"],"fullName":"Phase A.12B.2C-3: Offline Canonical Replay & Fallback Regression 7. Routing Policy Decision Replay (33 Unique Eligible Cases) preserves dormant status (enforcementAllowed === false)","status":"passed","title":"preserves dormant status (enforcementAllowed === false)","duration":0.11881299999998873,"failureMessages":[],"meta":{},"tags":[]},{"ancestorTitles":["Phase A.12B.2C-3: Offline Canonical Replay & Fallback Regression","8. Fallback Contract & Sequencing Simulation"],"fullName":"Phase A.12B.2C-3: Offline Canonical Replay & Fallback Regression 8. Fallback Contract & Sequencing Simulation verifies allowed infrastructure fallback triggers","status":"passed","title":"verifies allowed infrastructure fallback triggers","duration":0.5334200000000351,"failureMessages":[],"meta":{},"tags":[]},{"ancestorTitles":["Phase A.12B.2C-3: Offline Canonical Replay & Fallback Regression","8. Fallback Contract & Sequencing Simulation"],"fullName":"Phase A.12B.2C-3: Offline Canonical Replay & Fallback Regression 8. Fallback Contract & Sequencing Simulation prohibits fallback on quality / post-hoc evaluation scores","status":"passed","title":"prohibits fallback on quality / post-hoc evaluation scores","duration":0.23780199999998786,"failureMessages":[],"meta":{},"tags":[]},{"ancestorTitles":["Phase A.12B.2C-3: Offline Canonical Replay & Fallback Regression","8. Fallback Contract & Sequencing Simulation"],"fullName":"Phase A.12B.2C-3: Offline Canonical Replay & Fallback Regression 8. Fallback Contract & Sequencing Simulation simulates same-provider retry before cross-provider fallback","status":"passed","title":"simulates same-provider retry before cross-provider fallback","duration":0.4158400000000029,"failureMessages":[],"meta":{},"tags":[]},{"ancestorTitles":["Phase A.12B.2C-3: Offline Canonical Replay & Fallback Regression","9. Provider Allowlist Scenario Simulation"],"fullName":"Phase A.12B.2C-3: Offline Canonical Replay & Fallback Regression 9. Provider Allowlist Scenario Simulation simulates allowlist scenario A: DeepSeek + Gemini allowed","status":"passed","title":"simulates allowlist scenario A: DeepSeek + Gemini allowed","duration":0.24324400000000423,"failureMessages":[],"meta":{},"tags":[]},{"ancestorTitles":["Phase A.12B.2C-3: Offline Canonical Replay & Fallback Regression","9. Provider Allowlist Scenario Simulation"],"fullName":"Phase A.12B.2C-3: Offline Canonical Replay & Fallback Regression 9. Provider Allowlist Scenario Simulation simulates allowlist scenario B: DeepSeek disallowed / Gemini allowed","status":"passed","title":"simulates allowlist scenario B: DeepSeek disallowed / Gemini allowed","duration":0.25436500000000706,"failureMessages":[],"meta":{},"tags":[]},{"ancestorTitles":["Phase A.12B.2C-3: Offline Canonical Replay & Fallback Regression","9. Provider Allowlist Scenario Simulation"],"fullName":"Phase A.12B.2C-3: Offline Canonical Replay & Fallback Regression 9. Provider Allowlist Scenario Simulation simulates allowlist scenario C: DeepSeek allowed / Gemini disallowed","status":"passed","title":"simulates allowlist scenario C: DeepSeek allowed / Gemini disallowed","duration":0.18047500000000127,"failureMessages":[],"meta":{},"tags":[]},{"ancestorTitles":["Phase A.12B.2C-3: Offline Canonical Replay & Fallback Regression","9. Provider Allowlist Scenario Simulation"],"fullName":"Phase A.12B.2C-3: Offline Canonical Replay & Fallback Regression 9. Provider Allowlist Scenario Simulation simulates allowlist scenario D: neither external provider allowed","status":"passed","title":"simulates allowlist scenario D: neither external provider allowed","duration":0.3020880000000261,"failureMessages":[],"meta":{},"tags":[]},{"ancestorTitles":["Phase A.12B.2C-3: Offline Canonical Replay & Fallback Regression","10. DeepSeek Pricing Window Schedule Replay"],"fullName":"Phase A.12B.2C-3: Offline Canonical Replay & Fallback Regression 10. DeepSeek Pricing Window Schedule Replay certifies weekday off-peak as OFF_PEAK_CERTIFIED","status":"passed","title":"certifies weekday off-peak as OFF_PEAK_CERTIFIED","duration":0.12416299999995317,"failureMessages":[],"meta":{},"tags":[]},{"ancestorTitles":["Phase A.12B.2C-3: Offline Canonical Replay & Fallback Regression","10. DeepSeek Pricing Window Schedule Replay"],"fullName":"Phase A.12B.2C-3: Offline Canonical Replay & Fallback Regression 10. DeepSeek Pricing Window Schedule Replay marks weekday peak windows as PEAK_NOT_CERTIFIED_FOR_ROUTING_DECISION without modifying routing recommendation","status":"passed","title":"marks weekday peak windows as PEAK_NOT_CERTIFIED_FOR_ROUTING_DECISION without modifying routing recommendation","duration":0.19549200000000155,"failureMessages":[],"meta":{},"tags":[]},{"ancestorTitles":["Phase A.12B.2C-3: Offline Canonical Replay & Fallback Regression","10. DeepSeek Pricing Window Schedule Replay"],"fullName":"Phase A.12B.2C-3: Offline Canonical Replay & Fallback Regression 10. DeepSeek Pricing Window Schedule Replay certifies weekend peak-clock-equivalent timestamps as OFF_PEAK_CERTIFIED","status":"passed","title":"certifies weekend peak-clock-equivalent timestamps as OFF_PEAK_CERTIFIED","duration":0.13857600000000048,"failureMessages":[],"meta":{},"tags":[]},{"ancestorTitles":["Phase A.12B.2C-3: Offline Canonical Replay & Fallback Regression","11. Non-Interference Invariants"],"fullName":"Phase A.12B.2C-3: Offline Canonical Replay & Fallback Regression 11. Non-Interference Invariants verifies aiRouter does not import certified adapters or replay harness","status":"passed","title":"verifies aiRouter does not import certified adapters or replay harness","duration":0.3517909999999915,"failureMessages":[],"meta":{},"tags":[]}],"startTime":1788360639396,"endTime":1788360639483.3518,"status":"passed","message":"","name":"/app/applet/tests/ai/phaseA12B2C3OfflineReplay.test.ts"},{"assertionResults":[{"ancestorTitles":["Phase A.12B.2C-2B: Certified Provider Parity & Contract Suite","1. Exact DeepSeek Request Contract & Verification"],"fullName":"Phase A.12B.2C-2B: Certified Provider Parity & Contract Suite 1. Exact DeepSeek Request Contract & Verification sends the exact certified DeepSeek request contract with 2048 token bound","status":"passed","title":"sends the exact certified DeepSeek request contract with 2048 token bound","duration":6.716791000000001,"failureMessages":[],"meta":{},"tags":[]},{"ancestorTitles":["Phase A.12B.2C-2B: Certified Provider Parity & Contract Suite","1. Exact DeepSeek Request Contract & Verification"],"fullName":"Phase A.12B.2C-2B: Certified Provider Parity & Contract Suite 1. Exact DeepSeek Request Contract & Verification enforces that envelope.maxTokens cannot override the sealed 2048 token bound for DeepSeek","status":"passed","title":"enforces that envelope.maxTokens cannot override the sealed 2048 token bound for DeepSeek","duration":0.5176209999999912,"failureMessages":[],"meta":{},"tags":[]},{"ancestorTitles":["Phase A.12B.2C-2B: Certified Provider Parity & Contract Suite","1. Exact DeepSeek Request Contract & Verification"],"fullName":"Phase A.12B.2C-2B: Certified Provider Parity & Contract Suite 1. Exact DeepSeek Request Contract & Verification rejects unapproved base URLs for DeepSeek","status":"passed","title":"rejects unapproved base URLs for DeepSeek","duration":0.9761570000000006,"failureMessages":[],"meta":{},"tags":[]},{"ancestorTitles":["Phase A.12B.2C-2B: Certified Provider Parity & Contract Suite","2. Exact Gemini Interactions/Flex Request Contract & Verification"],"fullName":"Phase A.12B.2C-2B: Certified Provider Parity & Contract Suite 2. Exact Gemini Interactions/Flex Request Contract & Verification sends the exact certified Gemini Interactions Flex request contract with 2048 token bound","status":"passed","title":"sends the exact certified Gemini Interactions Flex request contract with 2048 token bound","duration":2.006311000000011,"failureMessages":[],"meta":{},"tags":[]},{"ancestorTitles":["Phase A.12B.2C-2B: Certified Provider Parity & Contract Suite","2. Exact Gemini Interactions/Flex Request Contract & Verification"],"fullName":"Phase A.12B.2C-2B: Certified Provider Parity & Contract Suite 2. Exact Gemini Interactions/Flex Request Contract & Verification enforces that envelope.maxTokens cannot override the sealed 2048 token bound for Gemini","status":"passed","title":"enforces that envelope.maxTokens cannot override the sealed 2048 token bound for Gemini","duration":0.5833189999999888,"failureMessages":[],"meta":{},"tags":[]},{"ancestorTitles":["Phase A.12B.2C-2B: Certified Provider Parity & Contract Suite","2. Exact Gemini Interactions/Flex Request Contract & Verification"],"fullName":"Phase A.12B.2C-2B: Certified Provider Parity & Contract Suite 2. Exact Gemini Interactions/Flex Request Contract & Verification returns cacheStatus NOT_VERIFIED for Gemini when total_cached_tokens is omitted","status":"passed","title":"returns cacheStatus NOT_VERIFIED for Gemini when total_cached_tokens is omitted","duration":0.5276450000000352,"failureMessages":[],"meta":{},"tags":[]},{"ancestorTitles":["Phase A.12B.2C-2B: Certified Provider Parity & Contract Suite","3. Task Certification Scope Gate (7 Canonical Tasks)"],"fullName":"Phase A.12B.2C-2B: Certified Provider Parity & Contract Suite 3. Task Certification Scope Gate (7 Canonical Tasks) verifies canonical list contains exactly the 7 certified tasks","status":"passed","title":"verifies canonical list contains exactly the 7 certified tasks","duration":0.4329839999999763,"failureMessages":[],"meta":{},"tags":[]},{"ancestorTitles":["Phase A.12B.2C-2B: Certified Provider Parity & Contract Suite","3. Task Certification Scope Gate (7 Canonical Tasks)"],"fullName":"Phase A.12B.2C-2B: Certified Provider Parity & Contract Suite 3. Task Certification Scope Gate (7 Canonical Tasks) allows certified task type LEAD_INTENT_CLASSIFICATION for DeepSeek & Gemini","status":"passed","title":"allows certified task type LEAD_INTENT_CLASSIFICATION for DeepSeek & Gemini","duration":0.4516570000000115,"failureMessages":[],"meta":{},"tags":[]},{"ancestorTitles":["Phase A.12B.2C-2B: Certified Provider Parity & Contract Suite","3. Task Certification Scope Gate (7 Canonical Tasks)"],"fullName":"Phase A.12B.2C-2B: Certified Provider Parity & Contract Suite 3. Task Certification Scope Gate (7 Canonical Tasks) allows certified task type LEAK_EXPLANATION for DeepSeek & Gemini","status":"passed","title":"allows certified task type LEAK_EXPLANATION for DeepSeek & Gemini","duration":0.6588089999999625,"failureMessages":[],"meta":{},"tags":[]},{"ancestorTitles":["Phase A.12B.2C-2B: Certified Provider Parity & Contract Suite","3. Task Certification Scope Gate (7 Canonical Tasks)"],"fullName":"Phase A.12B.2C-2B: Certified Provider Parity & Contract Suite 3. Task Certification Scope Gate (7 Canonical Tasks) allows certified task type GROWTH_ACTION_DRAFT for DeepSeek & Gemini","status":"passed","title":"allows certified task type GROWTH_ACTION_DRAFT for DeepSeek & Gemini","duration":0.3907780000000116,"failureMessages":[],"meta":{},"tags":[]},{"ancestorTitles":["Phase A.12B.2C-2B: Certified Provider Parity & Contract Suite","3. Task Certification Scope Gate (7 Canonical Tasks)"],"fullName":"Phase A.12B.2C-2B: Certified Provider Parity & Contract Suite 3. Task Certification Scope Gate (7 Canonical Tasks) allows certified task type BUSINESS_TWIN_SUMMARY for DeepSeek & Gemini","status":"passed","title":"allows certified task type BUSINESS_TWIN_SUMMARY for DeepSeek & Gemini","duration":0.6041809999999828,"failureMessages":[],"meta":{},"tags":[]},{"ancestorTitles":["Phase A.12B.2C-2B: Certified Provider Parity & Contract Suite","3. Task Certification Scope Gate (7 Canonical Tasks)"],"fullName":"Phase A.12B.2C-2B: Certified Provider Parity & Contract Suite 3. Task Certification Scope Gate (7 Canonical Tasks) allows certified task type FUNNEL_DIAGNOSTIC_EXPLANATION for DeepSeek & Gemini","status":"passed","title":"allows certified task type FUNNEL_DIAGNOSTIC_EXPLANATION for DeepSeek & Gemini","duration":0.4702100000000087,"failureMessages":[],"meta":{},"tags":[]},{"ancestorTitles":["Phase A.12B.2C-2B: Certified Provider Parity & Contract Suite","3. Task Certification Scope Gate (7 Canonical Tasks)"],"fullName":"Phase A.12B.2C-2B: Certified Provider Parity & Contract Suite 3. Task Certification Scope Gate (7 Canonical Tasks) allows certified task type SEO_CONTENT_SUGGESTION for DeepSeek & Gemini","status":"passed","title":"allows certified task type SEO_CONTENT_SUGGESTION for DeepSeek & Gemini","duration":0.285316000000023,"failureMessages":[],"meta":{},"tags":[]},{"ancestorTitles":["Phase A.12B.2C-2B: Certified Provider Parity & Contract Suite","3. Task Certification Scope Gate (7 Canonical Tasks)"],"fullName":"Phase A.12B.2C-2B: Certified Provider Parity & Contract Suite 3. Task Certification Scope Gate (7 Canonical Tasks) allows certified task type ANOMALY_TRIAGE for DeepSeek & Gemini","status":"passed","title":"allows certified task type ANOMALY_TRIAGE for DeepSeek & Gemini","duration":0.36780399999997826,"failureMessages":[],"meta":{},"tags":[]},{"ancestorTitles":["Phase A.12B.2C-2B: Certified Provider Parity & Contract Suite","3. Task Certification Scope Gate (7 Canonical Tasks)"],"fullName":"Phase A.12B.2C-2B: Certified Provider Parity & Contract Suite 3. Task Certification Scope Gate (7 Canonical Tasks) fails closed with TASK_NOT_CERTIFIED and zero network fetch on non-certified tasks","status":"passed","title":"fails closed with TASK_NOT_CERTIFIED and zero network fetch on non-certified tasks","duration":1.5537510000000339,"failureMessages":[],"meta":{},"tags":[]},{"ancestorTitles":["Phase A.12B.2C-2B: Certified Provider Parity & Contract Suite","4. Model Substitution & Wrong Model Fail-Closed Enforcement"],"fullName":"Phase A.12B.2C-2B: Certified Provider Parity & Contract Suite 4. Model Substitution & Wrong Model Fail-Closed Enforcement DeepSeek fails closed when provider returns a substituted model","status":"passed","title":"DeepSeek fails closed when provider returns a substituted model","duration":0.7221440000000143,"failureMessages":[],"meta":{},"tags":[]},{"ancestorTitles":["Phase A.12B.2C-2B: Certified Provider Parity & Contract Suite","4. Model Substitution & Wrong Model Fail-Closed Enforcement"],"fullName":"Phase A.12B.2C-2B: Certified Provider Parity & Contract Suite 4. Model Substitution & Wrong Model Fail-Closed Enforcement Gemini fails closed when provider returns a substituted model","status":"passed","title":"Gemini fails closed when provider returns a substituted model","duration":0.5365689999999859,"failureMessages":[],"meta":{},"tags":[]},{"ancestorTitles":["Phase A.12B.2C-2B: Certified Provider Parity & Contract Suite","5. Gemini Non-Flex Fail-Closed Enforcement"],"fullName":"Phase A.12B.2C-2B: Certified Provider Parity & Contract Suite 5. Gemini Non-Flex Fail-Closed Enforcement Gemini fails closed when provider returns standard or non-flex service tier","status":"passed","title":"Gemini fails closed when provider returns standard or non-flex service tier","duration":0.512773999999979,"failureMessages":[],"meta":{},"tags":[]},{"ancestorTitles":["Phase A.12B.2
[...]
ystem should default to dark theme when no preference stored","status":"passed","title":"should default to dark theme when no preference stored","duration":2.100595999999996,"failureMessages":[],"meta":{},"tags":[]},{"ancestorTitles":["Central Semantic Theme System"],"fullName":"Central Semantic Theme System should persist theme preference to storage","status":"passed","title":"should persist theme preference to storage","duration":0.47549399999999764,"failureMessages":[],"meta":{},"tags":[]},{"ancestorTitles":["Central Semantic Theme System"],"fullName":"Central Semantic Theme System should resolve system mode based on matchMedia","status":"passed","title":"should resolve system mode based on matchMedia","duration":0.48374199999997813,"failureMessages":[],"meta":{},"tags":[]},{"ancestorTitles":["Central Semantic Theme System"],"fullName":"Central Semantic Theme System should toggle theme cleanly between dark and light","status":"passed","title":"should toggle theme cleanly between dark and light","duration":0.5022010000000137,"failureMessages":[],"meta":{},"tags":[]}],"startTime":1788360647684,"endTime":1788360647687.5022,"status":"passed","message":"","name":"/app/applet/tests/theme/themeSystem.test.ts"},{"assertionResults":[{"ancestorTitles":["Cloudflare Worker API Boundary Integration","GET /api/health environment matrix and secret safety"],"fullName":"Cloudflare Worker API Boundary Integration GET /api/health environment matrix and secret safety development without secret reports vaultConfigured = true","status":"passed","title":"development without secret reports vaultConfigured = true","duration":52.745045000000005,"failureMessages":[],"meta":{},"tags":[]},{"ancestorTitles":["Cloudflare Worker API Boundary Integration","GET /api/health environment matrix and secret safety"],"fullName":"Cloudflare Worker API Boundary Integration GET /api/health environment matrix and secret safety test without secret reports vaultConfigured = true","status":"passed","title":"test without secret reports vaultConfigured = true","duration":0.9976419999999848,"failureMessages":[],"meta":{},"tags":[]},{"ancestorTitles":["Cloudflare Worker API Boundary Integration","GET /api/health environment matrix and secret safety"],"fullName":"Cloudflare Worker API Boundary Integration GET /api/health environment matrix and secret safety preview without secret reports vaultConfigured = false","status":"passed","title":"preview without secret reports vaultConfigured = false","duration":0.8726350000000025,"failureMessages":[],"meta":{},"tags":[]},{"ancestorTitles":["Cloudflare Worker API Boundary Integration","GET /api/health environment matrix and secret safety"],"fullName":"Cloudflare Worker API Boundary Integration GET /api/health environment matrix and secret safety preview with valid secret reports vaultConfigured = true","status":"passed","title":"preview with valid secret reports vaultConfigured = true","duration":0.7257339999999886,"failureMessages":[],"meta":{},"tags":[]},{"ancestorTitles":["Cloudflare Worker API Boundary Integration","GET /api/health environment matrix and secret safety"],"fullName":"Cloudflare Worker API Boundary Integration GET /api/health environment matrix and secret safety production without secret reports vaultConfigured = false","status":"passed","title":"production without secret reports vaultConfigured = false","duration":1.0213150000000155,"failureMessages":[],"meta":{},"tags":[]},{"ancestorTitles":["Cloudflare Worker API Boundary Integration","GET /api/health environment matrix and secret safety"],"fullName":"Cloudflare Worker API Boundary Integration GET /api/health environment matrix and secret safety production with valid secret reports vaultConfigured = true","status":"passed","title":"production with valid secret reports vaultConfigured = true","duration":0.6686760000000049,"failureMessages":[],"meta":{},"tags":[]},{"ancestorTitles":["Cloudflare Worker API Boundary Integration","GET /api/health environment matrix and secret safety"],"fullName":"Cloudflare Worker API Boundary Integration GET /api/health environment matrix and secret safety never exposes VELNAR_MASTER_KMS_SECRET or key material in /api/health response body or headers","status":"passed","title":"never exposes VELNAR_MASTER_KMS_SECRET or key material in /api/health response body or headers","duration":1.3801520000000096,"failureMessages":[],"meta":{},"tags":[]},{"ancestorTitles":["Cloudflare Worker API Boundary Integration"],"fullName":"Cloudflare Worker API Boundary Integration Protected routes should fail-closed with 401 when Authorization header is missing","status":"passed","title":"Protected routes should fail-closed with 401 when Authorization header is missing","duration":3.442676000000006,"failureMessages":[],"meta":{},"tags":[]},{"ancestorTitles":["Cloudflare Worker API Boundary Integration"],"fullName":"Cloudflare Worker API Boundary Integration Protected routes should fail-closed with 401 in production when mock token is provided","status":"passed","title":"Protected routes should fail-closed with 401 in production when mock token is provided","duration":1.89674500000001,"failureMessages":[],"meta":{},"tags":[]},{"ancestorTitles":["Cloudflare Worker API Boundary Integration"],"fullName":"Cloudflare Worker API Boundary Integration Protected routes in production should fail-closed with 503 when DB is missing","status":"passed","title":"Protected routes in production should fail-closed with 503 when DB is missing","duration":1.141732999999988,"failureMessages":[],"meta":{},"tags":[]},{"ancestorTitles":["Cloudflare Worker API Boundary Integration","Strict Tenant ID Isolation & Zero Fallbacks across Route Handlers"],"fullName":"Cloudflare Worker API Boundary Integration Strict Tenant ID Isolation & Zero Fallbacks across Route Handlers returns 400 TENANT_ID_REQUIRED for /api/leads when orgId query parameter and header are omitted","status":"passed","title":"returns 400 TENANT_ID_REQUIRED for /api/leads when orgId query parameter and header are omitted","duration":1.5601389999999924,"failureMessages":[],"meta":{},"tags":[]},{"ancestorTitles":["Cloudflare Worker API Boundary Integration","Strict Tenant ID Isolation & Zero Fallbacks across Route Handlers"],"fullName":"Cloudflare Worker API Boundary Integration Strict Tenant ID Isolation & Zero Fallbacks across Route Handlers returns 400 TENANT_ID_REQUIRED for /api/appointments when orgId query parameter and header are omitted","status":"passed","title":"returns 400 TENANT_ID_REQUIRED for /api/appointments when orgId query parameter and header are omitted","duration":1.8635620000000017,"failureMessages":[],"meta":{},"tags":[]},{"ancestorTitles":["Cloudflare Worker API Boundary Integration","Strict Tenant ID Isolation & Zero Fallbacks across Route Handlers"],"fullName":"Cloudflare Worker API Boundary Integration Strict Tenant ID Isolation & Zero Fallbacks across Route Handlers returns 400 TENANT_ID_REQUIRED for /api/actions when orgId query parameter and header are omitted","status":"passed","title":"returns 400 TENANT_ID_REQUIRED for /api/actions when orgId query parameter and header are omitted","duration":1.3217050000000086,"failureMessages":[],"meta":{},"tags":[]},{"ancestorTitles":["Cloudflare Worker API Boundary Integration","Strict Tenant ID Isolation & Zero Fallbacks across Route Handlers"],"fullName":"Cloudflare Worker API Boundary Integration Strict Tenant ID Isolation & Zero Fallbacks across Route Handlers returns 400 TENANT_ID_REQUIRED for /api/leaks when orgId query parameter and header are omitted","status":"passed","title":"returns 400 TENANT_ID_REQUIRED for /api/leaks when orgId query parameter and header are omitted","duration":0.8761499999999955,"failureMessages":[],"meta":{},"tags":[]},{"ancestorTitles":["Cloudflare Worker API Boundary Integration","Strict Tenant ID Isolation & Zero Fallbacks across Route Handlers"],"fullName":"Cloudflare Worker API Boundary Integration Strict Tenant ID Isolation & Zero Fallbacks across Route Handlers returns 400 TENANT_ID_REQUIRED for /api/attribution when orgId query parameter and header are omitted","status":"passed","title":"returns 400 TENANT_ID_REQUIRED for /api/attribution when orgId query parameter and header are omitted","duration":0.9133570000000191,"failureMessages":[],"meta":{},"tags":[]},{"ancestorTitles":["Cloudflare Worker API Boundary Integration","Strict Tenant ID Isolation & Zero Fallbacks across Route Handlers"],"fullName":"Cloudflare Worker API Boundary Integration Strict Tenant ID Isolation & Zero Fallbacks across Route Handlers returns 400 TENANT_ID_REQUIRED for /api/audit when orgId query parameter and header are omitted","status":"passed","title":"returns 400 TENANT_ID_REQUIRED for /api/audit when orgId query parameter and header are omitted","duration":0.9261119999999892,"failureMessages":[],"meta":{},"tags":[]},{"ancestorTitles":["Cloudflare Worker API Boundary Integration","Strict Tenant ID Isolation & Zero Fallbacks across Route Handlers"],"fullName":"Cloudflare Worker API Boundary Integration Strict Tenant ID Isolation & Zero Fallbacks across Route Handlers returns 400 TENANT_ID_REQUIRED for /api/security/events when orgId query parameter and header are omitted","status":"passed","title":"returns 400 TENANT_ID_REQUIRED for /api/security/events when orgId query parameter and header are omitted","duration":0.8498470000000111,"failureMessages":[],"meta":{},"tags":[]},{"ancestorTitles":["Cloudflare Worker API Boundary Integration","Strict Tenant ID Isolation & Zero Fallbacks across Route Handlers"],"fullName":"Cloudflare Worker API Boundary Integration Strict Tenant ID Isolation & Zero Fallbacks across Route Handlers returns 400 TENANT_ID_REQUIRED for /api/vault when orgId query parameter and header are omitted","status":"passed","title":"returns 400 TENANT_ID_REQUIRED for /api/vault when orgId query parameter and header are omitted","duration":1.054474999999968,"failureMessages":[],"meta":{},"tags":[]},{"ancestorTitles":["Cloudflare Worker API Boundary Integration","Strict Tenant ID Isolation & Zero Fallbacks across Route Handlers"],"fullName":"Cloudflare Worker API Boundary Integration Strict Tenant ID Isolation & Zero Fallbacks across Route Handlers returns 400 TENANT_ID_REQUIRED for /api/ai/status when orgId query parameter and header are omitted","status":"passed","title":"returns 400 TENANT_ID_REQUIRED for /api/ai/status when orgId query parameter and header are omitted","duration":1.392673000000002,"failureMessages":[],"meta":{},"tags":[]},{"ancestorTitles":["Cloudflare Worker API Boundary Integration","Strict Tenant ID Isolation & Zero Fallbacks across Route Handlers"],"fullName":"Cloudflare Worker API Boundary Integration Strict Tenant ID Isolation & Zero Fallbacks across Route Handlers /api/vault/dev-demo returns 404 DEV_ENDPOINT_DISABLED in production environment","status":"passed","title":"/api/vault/dev-demo returns 404 DEV_ENDPOINT_DISABLED in production environment","duration":0.6974050000000034,"failureMessages":[],"meta":{},"tags":[]},{"ancestorTitles":["Cloudflare Worker API Boundary Integration","Strict Tenant ID Isolation & Zero Fallbacks across Route Handlers"],"fullName":"Cloudflare Worker API Boundary Integration Strict Tenant ID Isolation & Zero Fallbacks across Route Handlers /api/vault/dev-demo returns 400 PLAINTEXT_REQUIRED in dev if plaintext is empty","status":"passed","title":"/api/vault/dev-demo returns 400 PLAINTEXT_REQUIRED in dev if plaintext is empty","duration":1.0231600000000185,"failureMessages":[],"meta":{},"tags":[]},{"ancestorTitles":["Cloudflare Worker API Boundary Integration","CORS Enforcement & ALLOWED_ORIGINS single source of truth"],"fullName":"Cloudflare Worker API Boundary Integration CORS Enforcement & ALLOWED_ORIGINS single source of truth Production CORS allows valid configured origins","status":"passed","title":"Production CORS allows valid configured origins","duration":0.620964000000015,"failureMessages":[],"meta":{},"tags":[]},{"ancestorTitles":["Cloudflare Worker API Boundary Integration","CORS Enforcement & ALLOWED_ORIGINS single source of truth"],"fullName":"Cloudflare Worker API Boundary Integration CORS Enforcement & ALLOWED_ORIGINS single source of truth Production CORS blocks malicious origins and does not use substring matching","status":"passed","title":"Production CORS blocks malicious origins and does not use substring matching","duration":1.1569240000000036,"failureMessages":[],"meta":{},"tags":[]},{"ancestorTitles":["Cloudflare Worker API Boundary Integration","CORS Enforcement & ALLOWED_ORIGINS single source of truth"],"fullName":"Cloudflare Worker API Boundary Integration CORS Enforcement & ALLOWED_ORIGINS single source of truth Preview configured origin is allowed when explicitly in ALLOWED_ORIGINS","status":"passed","title":"Preview configured origin is allowed when explicitly in ALLOWED_ORIGINS","duration":0.31159600000000864,"failureMessages":[],"meta":{},"tags":[]},{"ancestorTitles":["Cloudflare Worker API Boundary Integration","CORS Enforcement & ALLOWED_ORIGINS single source of truth"],"fullName":"Cloudflare Worker API Boundary Integration CORS Enforcement & ALLOWED_ORIGINS single source of truth Unknown preview origin is strictly denied","status":"passed","title":"Unknown preview origin is strictly denied","duration":0.3496470000000045,"failureMessages":[],"meta":{},"tags":[]},{"ancestorTitles":["Cloudflare Worker API Boundary Integration","CORS Enforcement & ALLOWED_ORIGINS single source of truth"],"fullName":"Cloudflare Worker API Boundary Integration CORS Enforcement & ALLOWED_ORIGINS single source of truth getValidatedCorsOrigin unit tests verify exact matching without reflection","status":"passed","title":"getValidatedCorsOrigin unit tests verify exact matching without reflection","duration":0.33703800000000683,"failureMessages":[],"meta":{},"tags":[]},{"ancestorTitles":["Cloudflare Worker API Boundary Integration","POST /api/actions Worker Authority & Policy Validation"],"fullName":"Cloudflare Worker API Boundary Integration POST /api/actions Worker Authority & Policy Validation successfully approves action when guardrails pass and records audit log","status":"passed","title":"successfully approves action when guardrails pass and records audit log","duration":4.616202000000044,"failureMessages":[],"meta":{},"tags":[]},{"ancestorTitles":["Cloudflare Worker API Boundary Integration","POST /api/actions Worker Authority & Policy Validation"],"fullName":"Cloudflare Worker API Boundary Integration POST /api/actions Worker Authority & Policy Validation rejects action approval when client attempts to substitute execution payload (400 BAD_REQUEST)","status":"passed","title":"rejects action approval when client attempts to substitute execution payload (400 BAD_REQUEST)","duration":1.058492000000001,"failureMessages":[],"meta":{},"tags":[]},{"ancestorTitles":["Cloudflare Worker API Boundary Integration","POST /api/actions Worker Authority & Policy Validation"],"fullName":"Cloudflare Worker API Boundary Integration POST /api/actions Worker Authority & Policy Validation rejects action approval with 422 GUARDRAIL_VIOLATION when stored action discount exceeds tenant policy limit","status":"passed","title":"rejects action approval with 422 GUARDRAIL_VIOLATION when stored action discount exceeds tenant policy limit","duration":1.1303490000000238,"failureMessages":[],"meta":{},"tags":[]},{"ancestorTitles":["Cloudflare Worker API Boundary Integration","POST /api/actions Worker Authority & Policy Validation"],"fullName":"Cloudflare Worker API Boundary Integration POST /api/actions Worker Authority & Policy Validation successfully rejects action","status":"passed","title":"successfully rejects action","duration":1.2030979999999545,"failureMessages":[],"meta":{},"tags":[]},{"ancestorTitles":["Cloudflare Worker API Boundary Integration","POST /api/actions Worker Authority & Policy Validation"],"fullName":"Cloudflare Worker API Boundary Integration POST /api/actions Worker Authority & Policy Validation successfully defers action","status":"passed","title":"successfully defers action","duration":1.1252779999999802,"failureMessages":[],"meta":{},"tags":[]},{"ancestorTitles":["Cloudflare Worker API Boundary Integration","POST /api/actions Worker Authority & Policy Validation"],"fullName":"Cloudflare Worker API Boundary Integration POST /api/actions Worker Authority & Policy Validation returns 400 when status is invalid or actionId is missing","status":"passed","title":"returns 400 when status is invalid or actionId is missing","duration":0.8023759999999811,"failureMessages":[],"meta":{},"tags":[]},{"ancestorTitles":["Cloudflare Worker API Boundary Integration","/api/action-policy authenticated CRUD and invariants"],"fullName":"Cloudflare Worker API Boundary Integration /api/action-policy authenticated CRUD and invariants GET /api/action-policy allows settings.read role and returns policy","status":"passed","title":"GET /api/action-policy allows settings.read role and returns policy","duration":1.145103000000006,"failureMessages":[],"meta":{},"tags":[]},{"ancestorTitles":["Cloudflare Worker API Boundary Integration","/api/action-policy authenticated CRUD and invariants"],"fullName":"Cloudflare Worker API Boundary Integration /api/action-policy authenticated CRUD and invariants GET /api/action-policy rejects unauthorized roles or missing auth","status":"passed","title":"GET /api/action-policy rejects unauthorized roles or missing auth","duration":1.4450570000000198,"failureMessages":[],"meta":{},"tags":[]},{"ancestorTitles":["Cloudflare Worker API Boundary Integration","/api/action-policy authenticated CRUD and invariants"],"fullName":"Cloudflare Worker API Boundary Integration /api/action-policy authenticated CRUD and invariants PATCH /api/action-policy allows settings.edit to update policy","status":"passed","title":"PATCH /api/action-policy allows settings.edit to update policy","duration":1.0071179999999913,"failureMessages":[],"meta":{},"tags":[]},{"ancestorTitles":["Cloudflare Worker API Boundary Integration","/api/action-policy authenticated CRUD and invariants"],"fullName":"Cloudflare Worker API Boundary Integration /api/action-policy authenticated CRUD and invariants PATCH /api/action-policy rejects attempts to disable human approval or enable auto execution","status":"passed","title":"PATCH /api/action-policy rejects attempts to disable human approval or enable auto execution","duration":0.9080440000000181,"failureMessages":[],"meta":{},"tags":[]},{"ancestorTitles":["Cloudflare Worker API Boundary Integration","/api/action-policy authenticated CRUD and invariants"],"fullName":"Cloudflare Worker API Boundary Integration /api/action-policy authenticated CRUD and invariants PATCH /api/action-policy rejects unknown fields","status":"passed","title":"PATCH /api/action-policy rejects unknown fields","duration":0.7703040000000101,"failureMessages":[],"meta":{},"tags":[]},{"ancestorTitles":["Cloudflare Worker API Boundary Integration","GET /api/session & /api/bootstrap"],"fullName":"Cloudflare Worker API Boundary Integration GET /api/session & /api/bootstrap returns server-derived identity context without trusting client input","status":"passed","title":"returns server-derived identity context without trusting client input","duration":0.8043779999999856,"failureMessages":[],"meta":{},"tags":[]},{"ancestorTitles":["Cloudflare Worker API Boundary Integration","GET /api/session & /api/bootstrap"],"fullName":"Cloudflare Worker API Boundary Integration GET /api/session & /api/bootstrap returns null activeOrganizationId and null role when orgId is omitted","status":"passed","title":"returns null activeOrganizationId and null role when orgId is omitted","duration":0.837065999999993,"failureMessages":[],"meta":{},"tags":[]}],"startTime":1788360641326,"endTime":1788360641426.8372,"status":"passed","message":"","name":"/app/applet/tests/worker/apiRoutes.test.ts"}]}