{"numTotalTestSuites":201,"numPassedTestSuites":201,"numFailedTestSuites":0,"numPendingTestSuites":0,"numTotalTests":614,"numPassedTests":614,"numFailedTests":0,"numPendingTests":0,"numTodoTests":0,"snapshot":{"added":0,"failure":false,"filesAdded":0,"filesRemoved":0,"filesRemovedList":[],"filesUnmatched":0,"filesUpdated":0,"matched":0,"total":0,"unchecked":0,"uncheckedKeysByFile":[],"unmatched":0,"updated":0,"didUpdate":false},"startTime":1788361047733,"success":true,"testResults":[{"assertionResults":[{"ancestorTitles":["Sprint 4 - Deterministic Action Policy Engine & Business Scoping"],"fullName":"Sprint 4 - Deterministic Action Policy Engine & Business Scoping passes safe growth actions requiring human approval within policy limits","status":"passed","title":"passes safe growth actions requiring human approval within policy limits","duration":3.5465110000000095,"failureMessages":[],"meta":{},"tags":[]},{"ancestorTitles":["Sprint 4 - Deterministic Action Policy Engine & Business Scoping"],"fullName":"Sprint 4 - Deterministic Action Policy Engine & Business Scoping fails actions attempting autonomous execution (requiresHumanApproval: false)","status":"passed","title":"fails actions attempting autonomous execution (requiresHumanApproval: false)","duration":1.0542879999999855,"failureMessages":[],"meta":{},"tags":[]},{"ancestorTitles":["Sprint 4 - Deterministic Action Policy Engine & Business Scoping"],"fullName":"Sprint 4 - Deterministic Action Policy Engine & Business Scoping fails actions exceeding organization discount caps","status":"passed","title":"fails actions exceeding organization discount caps","duration":0.440291000000002,"failureMessages":[],"meta":{},"tags":[]},{"ancestorTitles":["Sprint 4 - Deterministic Action Policy Engine & Business Scoping"],"fullName":"Sprint 4 - Deterministic Action Policy Engine & Business Scoping fails closed with NOT_EVALUATED and POLICY_NOT_CONFIGURED when policy is unconfigured","status":"passed","title":"fails closed with NOT_EVALUATED and POLICY_NOT_CONFIGURED when policy is unconfigured","duration":0.47747500000002674,"failureMessages":[],"meta":{},"tags":[]},{"ancestorTitles":["Sprint 4 - Deterministic Action Policy Engine & Business Scoping"],"fullName":"Sprint 4 - Deterministic Action Policy Engine & Business Scoping fails prohibited actions (such as arbitrary price dumping or data wipe)","status":"passed","title":"fails prohibited actions (such as arbitrary price dumping or data wipe)","duration":0.4030300000000011,"failureMessages":[],"meta":{},"tags":[]},{"ancestorTitles":["Sprint 4 - Deterministic Action Policy Engine & Business Scoping"],"fullName":"Sprint 4 - Deterministic Action Policy Engine & Business Scoping enforces tenant-specific strict discount limits lower than global cap","status":"passed","title":"enforces tenant-specific strict discount limits lower than global cap","duration":0.32422000000002527,"failureMessages":[],"meta":{},"tags":[]},{"ancestorTitles":["Sprint 4 - Deterministic Action Policy Engine & Business Scoping"],"fullName":"Sprint 4 - Deterministic Action Policy Engine & Business Scoping respects explicitly configured high discount cap without inventing a global 50% limit","status":"passed","title":"respects explicitly configured high discount cap without inventing a global 50% limit","duration":0.529785000000004,"failureMessages":[],"meta":{},"tags":[]},{"ancestorTitles":["Sprint 4 - Deterministic Action Policy Engine & Business Scoping"],"fullName":"Sprint 4 - Deterministic Action Policy Engine & Business Scoping enforces requiresApprovalForPriceChanges invariant","status":"passed","title":"enforces requiresApprovalForPriceChanges invariant","duration":0.3028139999999837,"failureMessages":[],"meta":{},"tags":[]},{"ancestorTitles":["Sprint 4 - Deterministic Action Policy Engine & Business Scoping"],"fullName":"Sprint 4 - Deterministic Action Policy Engine & Business Scoping enforces requiresApprovalForOutboundMessaging invariant","status":"passed","title":"enforces requiresApprovalForOutboundMessaging invariant","duration":0.6354159999999922,"failureMessages":[],"meta":{},"tags":[]},{"ancestorTitles":["Sprint 4 - Deterministic Action Policy Engine & Business Scoping"],"fullName":"Sprint 4 - Deterministic Action Policy Engine & Business Scoping rejects targetChannel not in allowedChannels","status":"passed","title":"rejects targetChannel not in allowedChannels","duration":0.3414060000000063,"failureMessages":[],"meta":{},"tags":[]},{"ancestorTitles":["Sprint 4 - Deterministic Action Policy Engine & Business Scoping","ActionPolicyRepository business-scoped precedence"],"fullName":"Sprint 4 - Deterministic Action Policy Engine & Business Scoping ActionPolicyRepository business-scoped precedence returns business-specific policy when configured","status":"passed","title":"returns business-specific policy when configured","duration":7.305429000000004,"failureMessages":[],"meta":{},"tags":[]},{"ancestorTitles":["Sprint 4 - Deterministic Action Policy Engine & Business Scoping","ActionPolicyRepository business-scoped precedence"],"fullName":"Sprint 4 - Deterministic Action Policy Engine & Business Scoping ActionPolicyRepository business-scoped precedence falls back to organization policy when business policy is not configured","status":"passed","title":"falls back to organization policy when business policy is not configured","duration":0.37114299999998934,"failureMessages":[],"meta":{},"tags":[]},{"ancestorTitles":["Sprint 4 - Deterministic Action Policy Engine & Business Scoping","ActionPolicyRepository business-scoped precedence"],"fullName":"Sprint 4 - Deterministic Action Policy Engine & Business Scoping ActionPolicyRepository business-scoped precedence fails closed when neither org nor biz policy is configured","status":"passed","title":"fails closed when neither org nor biz policy is configured","duration":0.3033890000000099,"failureMessages":[],"meta":{},"tags":[]},{"ancestorTitles":["Sprint 4 - Deterministic Action Policy Engine & Business Scoping","ActionPolicyRepository business-scoped precedence"],"fullName":"Sprint 4 - Deterministic Action Policy Engine & Business Scoping ActionPolicyRepository business-scoped precedence fails closed and throws on D1 read error in production","status":"passed","title":"fails closed and throws on D1 read error in production","duration":2.4668539999999837,"failureMessages":[],"meta":{},"tags":[]},{"ancestorTitles":["Sprint 4 - Deterministic Action Policy Engine & Business Scoping","GrowthActionRepository transitionWithAudit hardening"],"fullName":"Sprint 4 - Deterministic Action Policy Engine & Business Scoping GrowthActionRepository transitionWithAudit hardening refuses to approve an action unless guardrailStatus is PASSED","status":"passed","title":"refuses to approve an action unless guardrailStatus is PASSED","duration":0.8609209999999905,"failureMessages":[],"meta":{},"tags":[]},{"ancestorTitles":["Sprint 4 - Deterministic Action Policy Engine & Business Scoping","GrowthActionRepository transitionWithAudit hardening"],"fullName":"Sprint 4 - Deterministic Action Policy Engine & Business Scoping GrowthActionRepository transitionWithAudit hardening approves an action when guardrailStatus is PASSED and records metadata","status":"passed","title":"approves an action when guardrailStatus is PASSED and records metadata","duration":4.271827999999999,"failureMessages":[],"meta":{},"tags":[]},{"ancestorTitles":["Sprint 4 - Deterministic Action Policy Engine & Business Scoping","GrowthActionRepository transitionWithAudit hardening"],"fullName":"Sprint 4 - Deterministic Action Policy Engine & Business Scoping GrowthActionRepository transitionWithAudit hardening nullifies approver fields when action is rejected or deferred","status":"passed","title":"nullifies approver fields when action is rejected or deferred","duration":0.5703450000000032,"failureMessages":[],"meta":{},"tags":[]}],"startTime":1788361055190,"endTime":1788361055214.5703,"status":"passed","message":"","name":"/app/applet/tests/ai/actionPolicyEngine.test.ts"},{"assertionResults":[{"ancestorTitles":["Sprint 4 - AI Router Orchestration & Telemetry"],"fullName":"Sprint 4 - AI Router Orchestration & Telemetry provides safe public status without exposing API keys or internals","status":"passed","title":"provides safe public status without exposing API keys or internals","duration":3.841611999999998,"failureMessages":[],"meta":{},"tags":[]},{"ancestorTitles":["Sprint 4 - AI Router Orchestration & Telemetry"],"fullName":"Sprint 4 - AI Router Orchestration & Telemetry blocks prohibited operations (e.g. auth, payments, crypto) from AI routing","status":"passed","title":"blocks prohibited operations (e.g. auth, payments, crypto) from AI routing","duration":4.734748999999994,"failureMessages":[],"meta":{},"tags":[]},{"ancestorTitles":["Sprint 4 - AI Router Orchestration & Telemetry"],"fullName":"Sprint 4 - AI Router Orchestration & Telemetry fails-closed on Growth Action drafting if no evidence IDs are provided","status":"passed","title":"fails-closed on Growth Action drafting if no evidence IDs are provided","duration":0.7491489999999885,"failureMessages":[],"meta":{},"tags":[]},{"ancestorTitles":["Sprint 4 - AI Router Orchestration & Telemetry"],"fullName":"Sprint 4 - AI Router Orchestration & Telemetry executes development fallback with explicit isMock: true flag and logs telemetry","status":"passed","title":"executes development fallback with explicit isMock: true flag and logs telemetry","duration":7.3876169999999775,"failureMessages":[],"meta":{},"tags":[]}],"startTime":1788361056267,"endTime":1788361056284.3877,"status":"passed","message":"","name":"/app/applet/tests/ai/aiRouterOrchestration.test.ts"},{"assertionResults":[{"ancestorTitles":["Sprint 4 - AI Integer microUSD Cost & Budget Enforcement"],"fullName":"Sprint 4 - AI Integer microUSD Cost & Budget Enforcement fails with AI_PRICING_NOT_CONFIGURED when pricing is not explicitly registered","status":"passed","title":"fails with AI_PRICING_NOT_CONFIGURED when pricing is not explicitly registered","duration":2.6056140000000028,"failureMessages":[],"meta":{},"tags":[]},{"ancestorTitles":["Sprint 4 - AI Integer microUSD Cost & Budget Enforcement"],"fullName":"Sprint 4 - AI Integer microUSD Cost & Budget Enforcement calculates cost strictly in integer microUSD when pricing is explicitly registered","status":"passed","title":"calculates cost strictly in integer microUSD when pricing is explicitly registered","duration":0.6694659999999999,"failureMessages":[],"meta":{},"tags":[]},{"ancestorTitles":["Sprint 4 - AI Integer microUSD Cost & Budget Enforcement"],"fullName":"Sprint 4 - AI Integer microUSD Cost & Budget Enforcement rejects family prefix fallback and requires exact model match","status":"passed","title":"rejects family prefix fallback and requires exact model match","duration":0.48752300000001014,"failureMessages":[],"meta":{},"tags":[]},{"ancestorTitles":["Sprint 4 - AI Integer microUSD Cost & Budget Enforcement"],"fullName":"Sprint 4 - AI Integer microUSD Cost & Budget Enforcement enforces organization daily request limits","status":"passed","title":"enforces organization daily request limits","duration":1.131337000000002,"failureMessages":[],"meta":{},"tags":[]},{"ancestorTitles":["Sprint 4 - AI Integer microUSD Cost & Budget Enforcement"],"fullName":"Sprint 4 - AI Integer microUSD Cost & Budget Enforcement enforces organization monthly spend cap in microUSD","status":"passed","title":"enforces organization monthly spend cap in microUSD","duration":0.43680999999997994,"failureMessages":[],"meta":{},"tags":[]},{"ancestorTitles":["Sprint 4 - AI Integer microUSD Cost & Budget Enforcement"],"fullName":"Sprint 4 - AI Integer microUSD Cost & Budget Enforcement returns UNAVAILABLE status in production when D1 is unconfigured or errors","status":"passed","title":"returns UNAVAILABLE status in production when D1 is unconfigured or errors","duration":2.514949999999999,"failureMessages":[],"meta":{},"tags":[]}],"startTime":1788361056979,"endTime":1788361056987.515,"status":"passed","message":"","name":"/app/applet/tests/ai/budgetAndCost.test.ts"},{"assertionResults":[{"ancestorTitles":["Sprint 4 - AI Data Classification Engine"],"fullName":"Sprint 4 - AI Data Classification Engine correctly classifies API keys and tokens as SECRET","status":"passed","title":"correctly classifies API keys and tokens as SECRET","duration":2.7466009999999983,"failureMessages":[],"meta":{},"tags":[]},{"ancestorTitles":["Sprint 4 - AI Data Classification Engine"],"fullName":"Sprint 4 - AI Data Classification Engine correctly classifies raw customer healthcare/financial keywords as SENSITIVE","status":"passed","title":"correctly classifies raw customer healthcare/financial keywords as SENSITIVE","duration":1.0720829999999921,"failureMessages":[],"meta":{},"tags":[]},{"ancestorTitles":["Sprint 4 - AI Data Classification Engine"],"fullName":"Sprint 4 - AI Data Classification Engine correctly classifies unredacted personal identifiers as PERSONAL","status":"passed","title":"correctly classifies unredacted personal identifiers as PERSONAL","duration":0.9856319999999812,"failureMessages":[],"meta":{},"tags":[]},{"ancestorTitles":["Sprint 4 - AI Data Classification Engine"],"fullName":"Sprint 4 - AI Data Classification Engine correctly classifies pseudonymous telemetry as PSEUDONYMOUS_OPERATIONAL","status":"passed","title":"correctly classifies pseudonymous telemetry as PSEUDONYMOUS_OPERATIONAL","duration":0.8470559999999807,"failureMessages":[],"meta":{},"tags":[]},{"ancestorTitles":["Sprint 4 - AI Data Classification Engine"],"fullName":"Sprint 4 - AI Data Classification Engine correctly classifies public business content as PUBLIC_BUSINESS","status":"passed","title":"correctly classifies public business content as PUBLIC_BUSINESS","duration":0.7326300000000003,"failureMessages":[],"meta":{},"tags":[]},{"ancestorTitles":["Sprint 4 - AI Data Classification Engine"],"fullName":"Sprint 4 - AI Data Classification Engine enforces safety boundary for external AI transmission","status":"passed","title":"enforces safety boundary for external AI transmission","duration":0.3908599999999751,"failureMessages":[],"meta":{},"tags":[]}],"startTime":1788361057668,"endTime":1788361057675.3909,"status":"passed","message":"","name":"/app/applet/tests/ai/dataClassification.test.ts"},{"assertionResults":[{"ancestorTitles":["Sprint 4.0 Final OutputValidator - Deterministic Structural Validation","1. LEAD_INTENT_CLASSIFICATION"],"fullName":"Sprint 4.0 Final OutputValidator - Deterministic Structural Validation 1. LEAD_INTENT_CLASSIFICATION accepts valid lead intent classification","status":"passed","title":"accepts valid lead intent classification","duration":2.9299120000000016,"failureMessages":[],"meta":{},"tags":[]},{"ancestorTitles":["Sprint 4.0 Final OutputValidator - Deterministic Structural Validation","1. LEAD_INTENT_CLASSIFICATION"],"fullName":"Sprint 4.0 Final OutputValidator - Deterministic Structural Validation 1. LEAD_INTENT_CLASSIFICATION rejects intentScore out of 0..100 range","status":"passed","title":"rejects intentScore out of 0..100 range","duration":1.643888000000004,"failureMessages":[],"meta":{},"tags":[]},{"ancestorTitles":["Sprint 4.0 Final OutputValidator - Deterministic Structural Validation","1. LEAD_INTENT_CLASSIFICATION"],"fullName":"Sprint 4.0 Final OutputValidator - Deterministic Structural Validation 1. LEAD_INTENT_CLASSIFICATION rejects invalid intentStage enum value","status":"passed","title":"rejects invalid intentStage enum value","duration":0.43844500000000153,"failureMessages":[],"meta":{},"tags":[]},{"ancestorTitles":["Sprint 4.0 Final OutputValidator - Deterministic Structural Validation","1. LEAD_INTENT_CLASSIFICATION"],"fullName":"Sprint 4.0 Final OutputValidator - Deterministic Structural Validation 1. LEAD_INTENT_CLASSIFICATION rejects missing or invalid keyIndicators","status":"passed","title":"rejects missing or invalid keyIndicators","duration":0.37257600000000934,"failureMessages":[],"meta":{},"tags":[]},{"ancestorTitles":["Sprint 4.0 Final OutputValidator - Deterministic Structural Validation","2. FUNNEL_DIAGNOSTIC_EXPLANATION"],"fullName":"Sprint 4.0 Final OutputValidator - Deterministic Structural Validation 2. FUNNEL_DIAGNOSTIC_EXPLANATION accepts valid funnel diagnostic explanation","status":"passed","title":"accepts valid funnel diagnostic explanation","duration":1.0303590000000042,"failureMessages":[],"meta":{},"tags":[]},{"ancestorTitles":["Sprint 4.0 Final OutputValidator - Deterministic Structural Validation","2. FUNNEL_DIAGNOSTIC_EXPLANATION"],"fullName":"Sprint 4.0 Final OutputValidator - Deterministic Structural Validation 2. FUNNEL_DIAGNOSTIC_EXPLANATION rejects invalid decayVelocity enum","status":"passed","title":"rejects invalid decayVelocity enum","duration":0.3517060000000072,"failureMessages":[],"meta":{},"tags":[]},{"ancestorTitles":["Sprint 4.0 Final OutputValidator - Deterministic Structural Validation","2. FUNNEL_DIAGNOSTIC_EXPLANATION"],"fullName":"Sprint 4.0 Final OutputValidator - Deterministic Structural Validation 2. FUNNEL_DIAGNOSTIC_EXPLANATION rejects empty dropOffStage or mitigationRecommendation","status":"passed","title":"rejects empty dropOffStage or mitigationRecommendation","duration":0.547428999999994,"failureMessages":[],"meta":{},"tags":[]},{"ancestorTitles":["Sprint 4.0 Final OutputValidator - Deterministic Structural Validation","3. ANOMALY_TRIAGE"],"fullName":"Sprint 4.0 Final OutputValidator - Deterministic Structural Validation 3. ANOMALY_TRIAGE accepts valid anomaly triage structure","status":"passed","title":"accepts valid anomaly triage structure","duration":0.5501450000000148,"failureMessages":[],"meta":{},"tags":[]},{"ancestorTitles":["Sprint 4.0 Final OutputValidator - Deterministic Structural Validation","3. ANOMALY_TRIAGE"],"fullName":"Sprint 4.0 Final OutputValidator - Deterministic Structural Validation 3. ANOMALY_TRIAGE rejects invalid anomalySeverity enum","status":"passed","title":"rejects invalid anomalySeverity enum","duration":1.1277879999999811,"failureMessages":[],"meta":{},"tags":[]},{"ancestorTitles":["Sprint 4.0 Final OutputValidator - Deterministic Structural Validation","3. ANOMALY_TRIAGE"],"fullName":"Sprint 4.0 Final OutputValidator - Deterministic Structural Validation 3. ANOMALY_TRIAGE rejects empty triageSteps","status":"passed","title":"rejects empty triageSteps","duration":0.5051269999999874,"failureMessages":[],"meta":{},"tags":[]},{"ancestorTitles":["Sprint 4.0 Final OutputValidator - Deterministic Structural Validation","4. LEAK_EXPLANATION"],"fullName":"Sprint 4.0 Final OutputValidator - Deterministic Structural Validation 4. LEAK_EXPLANATION accepts valid leak explanation citing existing evidence","status":"passed","title":"accepts valid leak explanation citing existing evidence","duration":0.6309559999999976,"failureMessages":[],"meta":{},"tags":[]},{"ancestorTitles":["Sprint 4.0 Final OutputValidator - Deterministic Structural Validation","4. LEAK_EXPLANATION"],"fullName":"Sprint 4.0 Final OutputValidator - Deterministic Structural Validation 4. LEAK_EXPLANATION rejects hallucinated evidence ID (e.g. EV-999)","status":"passed","title":"rejects hallucinated evidence ID (e.g. EV-999)","duration":0.34382199999998875,"failureMessages":[],"meta":{},"tags":[]},{"ancestorTitles":["Sprint 4.0 Final OutputValidator - Deterministic Structural Validation","4. LEAK_EXPLANATION"],"fullName":"Sprint 4.0 Final OutputValidator - Deterministic Structural Validation 4. LEAK_EXPLANATION rejects model inventing deterministic numerical confidence metrics","status":"passed","title":"rejects model inventing deterministic numerical confidence metrics","duration":0.6596909999999809,"failureMessages":[],"meta":{},"tags":[]},{"ancestorTitles":["Sprint 4.0 Final OutputValidator - Deterministic Structural Validation","5. BUSINESS_TWIN_SUMMARY"],"fullName":"Sprint 4.0 Final OutputValidator - Deterministic Structural Validation 5. BUSINESS_TWIN_SUMMARY accepts valid business twin summary within verified fact count bounds","status":"passed","title":"accepts valid business twin summary within verified fact count bounds","duration":0.4489910000000066,"failureMessages":[],"meta":{},"tags":[]},{"ancestorTitles":["Sprint 4.0 Final OutputValidator - Deterministic Structural Validation","5. BUSINESS_TWIN_SUMMARY"],"fullName":"Sprint 4.0 Final OutputValidator - Deterministic Structural Validation 5. BUSINESS_TWIN_SUMMARY rejects verifiedFactCount exceeding supplied verified facts count","status":"passed","title":"rejects verifiedFactCount exceeding supplied verified facts count","duration":0.42498300000002587,"failureMessages":[],"meta":{},"tags":[]},{"ancestorTitles":["Sprint 4.0 Final OutputValidator - Deterministic Structural Validation","5. BUSINESS_TWIN_SUMMARY"],"fullName":"Sprint 4.0 Final OutputValidator - Deterministic Structural Validation 5. BUSINESS_TWIN_SUMMARY rejects non-integer or negative verifiedFactCount","status":"passed","title":"rejects non-integer or negative verifiedFactCount","duration":0.2926180000000045,"failureMessages":[],"meta":{},"tags":[]},{"ancestorTitles":["Sprint 4.0 Final OutputValidator - Deterministic Structural Validation","6. SEO_CONTENT_SUGGESTION"],"fullName":"Sprint 4.0 Final OutputValidator - Deterministic Structural Validation 6. SEO_CONTENT_SUGGESTION accepts valid SEO content suggestion","status":"passed","title":"accepts valid SEO content suggestion","duration":0.512473,"failureMessages":[],"meta":{},"tags":[]},{"ancestorTitles":["Sprint 4.0 Final OutputValidator - Deterministic Structural Validation","6. SEO_CONTENT_SUGGESTION"],"fullName":"Sprint 4.0 Final OutputValidator - Deterministic Structural Validation 6. SEO_CONTENT_SUGGESTION rejects empty suggestedKeywords","status":"passed","title":"rejects empty suggestedKeywords","duration":0.32701000000000136,"failureMessages":[],"meta":{},"tags":[]},{"ancestorTitles":["Sprint 4.0 Final OutputValidator - Deterministic Structural Validation","7. GROWTH_ACTION_DRAFT"],"fullName":"Sprint 4.0 Final OutputValidator - Deterministic Structural Validation 7. GROWTH_ACTION_DRAFT accepts valid growth action draft with exact evidence citation and enforces requiresHumanApproval === true","status":"passed","title":"accepts valid growth action draft with exact evidence citation and enforces requiresHumanApproval === true","duration":1.2712350000000185,"failureMessages":[],"meta":{},"tags":[]},{"ancestorTitles":["Sprint 4.0 Final OutputValidator - Deterministic Structural Validation","7. GROWTH_ACTION_DRAFT"],"fullName":"Sprint 4.0 Final OutputValidator - Deterministic Structural Validation 7. GROWTH_ACTION_DRAFT rejects hallucinated evidence ID in growth action draft","status":"passed","title":"rejects hallucinated evidence ID in growth action draft","duration":0.32473499999997557,"failureMessages":[],"meta":{},"tags":[]},{"ancestorTitles":["Sprint 4.0 Final OutputValidator - Deterministic Structural Validation","7. GROWTH_ACTION_DRAFT"],"fullName":"Sprint 4.0 Final OutputValidator - Deterministic Structural Validation 7. GROWTH_ACTION_DRAFT rejects growth action draft with empty evidence references","status":"passed","title":"rejects growth action draft with empty evidence references","duration":0.29057699999998476,"failureMessages":[],"meta":{},"tags":[]}],"startTime":1788361056746,"endTime":1788361056762.3247,"status":"passed","message":"","name":"/app/applet/tests/ai/outputValidator.test.ts"},{"assertionResults":[{"ancestorTitles":["Phase A.12B.2B — Controlled Live Shadow Evaluation Specification & Invariants","1. Candidate Set & Exact Two-Candidate Invariant"],"fullName":"Phase A.12B.2B — Controlled Live Shadow Evaluation Specification & Invariants 1. Candidate Set & Exact Two-Candidate Invariant should define Candidate A as DeepSeek V4 Flash with low reasoning effort and off-peak profile","status":"passed","title":"should define Candidate A as DeepSeek V4 Flash with low reasoning effort and off-peak profile","duration":1.9592999999999847,"failureMessages":[],"meta":{},"tags":[]},{"ancestorTitles":["Phase A.12B.2B — Controlled Live Shadow Evaluation Specification & Invariants","1. Candidate Set & Exact Two-Candidate Invariant"],"fullName":"Phase A.12B.2B — Controlled Live Shadow Evaluation Specification & Invariants 1. Candidate Set & Exact Two-Candidate Invariant should define Candidate B as Gemini 3.5 Flash-Lite with low thinking level and flex tier","status":"passed","title":"should define Candidate B as Gemini 3.5 Flash-Lite with low thinking level and flex tier","duration":0.4332239999999956,"failureMessages":[],"meta":{},"tags":[]},{"ancestorTitles":["Phase A.12B.2B — Controlled Live Shadow Evaluation Specification & Invariants","1. Candidate Set & Exact Two-Candidate Invariant"],"fullName":"Phase A.12B.2B — Controlled Live Shadow Evaluation Specification & Invariants 1. Candidate Set & Exact Two-Candidate Invariant should reject third models or unapproved model identifiers","status":"passed","title":"should reject third models or unapproved model identifiers","duration":1.4378849999999943,"failureMessages":[],"meta":{},"tags":[]},{"ancestorTitles":["Phase A.12B.2B — Controlled Live Shadow Evaluation Specification & Invariants","2. Endpoint Verification & Security Boundary Invariants"],"fullName":"Phase A.12B.2B — Controlled Live Shadow Evaluation Specification & Invariants 2. Endpoint Verification & Security Boundary Invariants should require official DeepSeek API endpoint prefix","status":"passed","title":"should require official DeepSeek API endpoint prefix","duration":0.17985500000003185,"failureMessages":[],"meta":{},"tags":[]},{"ancestorTitles":["Phase A.12B.2B — Controlled Live Shadow Evaluation Specification & Invariants","2. Endpoint Verification & Security Boundary Invariants"],"fullName":"Phase A.12B.2B — Controlled Live Shadow Evaluation Specification & Invariants 2. Endpoint Verification & Security Boundary Invariants should require official Google Gemini API endpoint prefix","status":"passed","title":"should require official Google Gemini API endpoint prefix","duration":0.16005300000000489,"failureMessages":[],"meta":{},"tags":[]},{"ancestorTitles":["Phase A.12B.2B — Controlled Live Shadow Evaluation Specification & Invariants","2. Endpoint Verification & Security Boundary Invariants"],"fullName":"Phase A.12B.2B — Controlled Live Shadow Evaluation Specification & Invariants 2. Endpoint Verification & Security Boundary Invariants should enforce that security-blocked cases produce zero external candidates and are tagged with disposition","status":"passed","title":"should enforce that security-blocked cases produce zero external candidates and are tagged with disposition","duration":6.819903000000011,"failureMessages":[],"meta":{},"tags":[]},{"ancestorTitles":["Phase A.12B.2B — Controlled Live Shadow Evaluation Specification & Invariants","2. Endpoint Verification & Security Boundary Invariants"],"fullName":"Phase A.12B.2B — Controlled Live Shadow Evaluation Specification & Invariants 2. Endpoint Verification & Security Boundary Invariants should redact PERSONAL data and strip canaries while assigning effectiveDataClassification","status":"passed","title":"should redact PERSONAL data and strip canaries while assigning effectiveDataClassification","duration":0.32911699999999655,"failureMessages":[],"meta":{},"tags":[]},{"ancestorTitles":["Phase A.12B.2B — Controlled Live Shadow Evaluation Specification & Invariants","3. DeepSeek Peak Window & Integer Cost Calculations"],"fullName":"Phase A.12B.2B — Controlled Live Shadow Evaluation Specification & Invariants 3. DeepSeek Peak Window & Integer Cost Calculations should identify weekday peak windows (01:00-04:00 and 06:00-10:00 UTC) correctly","status":"passed","title":"should identify weekday peak windows (01:00-04:00 and 06:00-10:00 UTC) correctly","duration":0.3225949999999784,"failureMessages":[],"meta":{},"tags":[]},{"ancestorTitles":["Phase A.12B.2B — Controlled Live Shadow Evaluation Specification & Invariants","3. DeepSeek Peak Window & Integer Cost Calculations"],"fullName":"Phase A.12B.2B — Controlled Live Shadow Evaluation Specification & Invariants 3. DeepSeek Peak Window & Integer Cost Calculations should validate DeepSeek prompt token cache split integrity","status":"passed","title":"should validate DeepSeek prompt token cache split integrity","duration":0.5572280000000092,"failureMessages":[],"meta":{},"tags":[]},{"ancestorTitles":["Phase A.12B.2B — Controlled Live Shadow Evaluation Specification & Invariants","3. DeepSeek Peak Window & Integer Cost Calculations"],"fullName":"Phase A.12B.2B — Controlled Live Shadow Evaluation Specification & Invariants 3. DeepSeek Peak Window & Integer Cost Calculations should calculate integer microUSD costs for DeepSeek off-peak and peak accurately","status":"passed","title":"should calculate integer microUSD costs for DeepSeek off-peak and peak accurately","duration":0.32265499999999747,"failureMessages":[],"meta":{},"tags":[]},{"ancestorTitles":["Phase A.12B.2B — Controlled Live Shadow Evaluation Specification & Invariants","3. DeepSeek Peak Window & Integer Cost Calculations"],"fullName":"Phase A.12B.2B — Controlled Live Shadow Evaluation Specification & Invariants 3. DeepSeek Peak Window & Integer Cost Calculations should correctly demonstrate the specific ~98% input token discount segment","status":"passed","title":"should correctly demonstrate the specific ~98% input token discount segment","duration":0.36073200000004135,"failureMessages":[],"meta":{},"tags":[]},{"ancestorTitles":["Phase A.12B.2B — Controlled Live Shadow Evaluation Specification & Invariants","3. DeepSeek Peak Window & Integer Cost Calculations"],"fullName":"Phase A.12B.2B — Controlled Live Shadow Evaluation Specification & Invariants 3. DeepSeek Peak Window & Integer Cost Calculations should reject ESTIMATED usage sources from verified cost calculations","status":"passed","title":"should reject ESTIMATED usage sources from verified cost calculations","duration":1.011837000000014,"failureMessages":[],"meta":{},"tags":[]},{"ancestorTitles":["Phase A.12B.2B — Controlled Live Shadow Evaluation Specification & Invariants","4. Gemini 3.5 Flash-Lite Flex Tier & Thinking Billing"],"fullName":"Phase A.12B.2B — Controlled Live Shadow Evaluation Specification & Invariants 4. Gemini 3.5 Flash-Lite Flex Tier & Thinking Billing should bill thinking/thought tokens as output tokens under Flex pricing","status":"passed","title":"should bill thinking/thought tokens as output tokens under Flex pricing","duration":0.23213800000002038,"failureMessages":[],"meta":{},"tags":[]},{"ancestorTitles":["Phase A.12B.2B — Controlled Live Shadow Evaluation Specification & Invariants","5. Deterministic Invocation Order Rotation"],"fullName":"Phase A.12B.2B — Controlled Live Shadow Evaluation Specification & Invariants 5. Deterministic Invocation Order Rotation should alternate provider invocation order without Math.random","status":"passed","title":"should alternate provider invocation order without Math.random","duration":0.3433909999999969,"failureMessages":[],"meta":{},"tags":[]},{"ancestorTitles":["Phase A.12B.2B — Controlled Live Shadow Evaluation Specification & Invariants","6. Hard Budget Cap Verification"],"fullName":"Phase A.12B.2B — Controlled Live Shadow Evaluation Specification & Invariants 6. Hard Budget Cap Verification should enforce hard cap of $5.00 USD (5,000,000 microUSD)","status":"passed","title":"should enforce hard cap of $5.00 USD (5,000,000 microUSD)","duration":0.11809899999997242,"failureMessages":[],"meta":{},"tags":[]},{"ancestorTitles":["Phase A.12B.2B — Controlled Live Shadow Evaluation Specification & Invariants","7. Credential Availability Gate"],"fullName":"Phase A.12B.2B — Controlled Live Shadow Evaluation Specification & Invariants 7. Credential Availability Gate should accurately report available vs missing credentials without exposing secret values","status":"passed","title":"should accurately report available vs missing credentials without exposing secret values","duration":0.28269799999998213,"failureMessages":[],"meta":{},"tags":[]},{"ancestorTitles":["Phase A.12B.2B — Controlled Live Shadow Evaluation Specification & Invariants","8. Adversarial Host Validation & Protocol Enforcement"],"fullName":"Phase A.12B.2B — Controlled Live Shadow Evaluation Specification & Invariants 8. Adversarial Host Validation & Protocol Enforcement should reject lookalike DeepSeek host before network invocation","status":"passed","title":"should reject lookalike DeepSeek host before network invocation","duration":0.6724129999999491,"failureMessages":[],"meta":{},"tags":[]},{"ancestorTitles":["Phase A.12B.2B — Controlled Live Shadow Evaluation Specification & Invariants","8. Adversarial Host Validation & Protocol Enforcement"],"fullName":"Phase A.12B.2B — Controlled Live Shadow Evaluation Specification & Invariants 8. Adversarial Host Validation & Protocol Enforcement should reject DeepSeek host with subpath, credentials, or unapproved ports","status":"passed","title":"should reject DeepSeek host with subpath, credentials, or unapproved ports","duration":0.3145979999999895,"failureMessages":[],"meta":{},"tags":[]},{"ancestorTitles":["Phase A.12B.2B — Controlled Live Shadow Evaluation Specification & Invariants","8. Adversarial Host Validation & Protocol Enforcement"],"fullName":"Phase A.12B.2B — Controlled Live Shadow Evaluation Specification & Invariants 8. Adversarial Host Validation & Protocol Enforcement should accept valid canonical DeepSeek base URL","status":"passed","title":"should accept valid canonical DeepSeek base URL","duration":0.1078279999999836,"failureMessages":[],"meta":{},"tags":[]},{"ancestorTitles":["Phase A.12B.2B — Controlled Live Shadow Evaluation Specification & Invariants","8. Adversarial Host Validation & Protocol Enforcement"],"fullName":"Phase A.12B.2B — Controlled Live Shadow Evaluation Specification & Invariants 8. Adversarial Host Validation & Protocol Enforcement should verify that blocked cases result in exactly zero network fetch calls","status":"passed","title":"should verify that blocked cases result in exactly zero network fetch calls","duration":3.77016500000002,"failureMessages":[],"meta":{},"tags":[]},{"ancestorTitles":["Phase A.12B.2B — Controlled Live Shadow Evaluation Specification & Invariants","8. Adversarial Host Validation & Protocol Enforcement"],"fullName":"Phase A.12B.2B — Controlled Live Shadow Evaluation Specification & Invariants 8. Adversarial Host Validation & Protocol Enforcement should detect model substitution when provider returns unexpected model","status":"passed","title":"should detect model substitution when provider returns unexpected model","duration":42.28527700000001,"failureMessages":[],"meta":{},"tags":[]},{"ancestorTitles":["Phase A.12B.2B — Controlled Live Shadow Evaluation Specification & Invariants","8. Adversarial Host Validation & Protocol Enforcement"],"fullName":"Phase A.12B.2B — Controlled Live Shadow Evaluation Specification & Invariants 8. Adversarial Host Validation & Protocol Enforcement should reject lookalike DeepSeek model identifiers","status":"passed","title":"should reject lookalike DeepSeek model identifiers","duration":2.830729999999903,"failureMessages":[],"meta":{},"tags":[]},{"ancestorTitles":["Phase A.12B.2B — Controlled Live Shadow Evaluation Specification & Invariants","8. Adversarial Host Validation & Protocol Enforcement"],"fullName":"Phase A.12B.2B — Controlled Live Shadow Evaluation Specification & Invariants 8. Adversarial Host Validation & Protocol Enforcement should reject lookalike Gemini model identifiers","status":"passed","title":"should reject lookalike Gemini model identifiers","duration":3.644561000000067,"failureMessages":[],"meta":{},"tags":[]},{"ancestorTitles":["Phase A.12B.2B — Controlled Live Shadow Evaluation Specification & Invariants","8. Adversarial Host Validation & Protocol Enforcement"],"fullName":"Phase A.12B.2B — Controlled Live Shadow Evaluation Specification & Invariants 8. Adversarial Host Validation & Protocol Enforcement should enforce deterministic conservative input bound and fail closed without calling provider","status":"passed","title":"should enforce deterministic conservative input bound and fail closed without calling provider","duration":0.6073770000000422,"failureMessages":[],"meta":{},"tags":[]},{"ancestorTitles":["Phase A.12B.2B — Controlled Live Shadow Evaluation Specification & Invariants","8. Adversarial Host Validation & Protocol Enforcement"],"fullName":"Phase A.12B.2B — Controlled Live Shadow Evaluation Specification & Invariants 8. Adversarial Host Validation & Protocol Enforcement should detect Gemini tier mismatch when standard tier is returned instead of flex","status":"passed","title":"should detect Gemini tier mismatch when standard tier is returned instead of flex","duration":0.6380410000000438,"failureMessages":[],"meta":{},"tags":[]},{"ancestorTitles":["Phase A.12B.2B — Controlled Live Shadow Evaluation Specification & Invariants","8. Adversarial Host Validation & Protocol Enforcement"],"fullName":"Phase A.12B.2B — Controlled Live Shadow Evaluation Specification & Invariants 8. Adversarial Host Validation & Protocol Enforcement should detect incomplete telemetry if DeepSeek omits cache breakdown tokens","status":"passed","title":"should detect incomplete telemetry if DeepSeek omits cache breakdown tokens","duration":0.9360130000000026,"failureMessages":[],"meta":{},"tags":[]},{"ancestorTitles":["Phase A.12B.2B — Controlled Live Shadow Evaluation Specification & Invariants","9. Live Runner State Machine & Orchestration Invariants"],"fullName":"Phase A.12B.2B — Controlled Live Shadow Evaluation Specification & Invariants 9. Live Runner State Machine & Orchestration Invariants should halt at PRECHECK with READY_FOR_OFF_PEAK_EXECUTION when in peak pricing window","status":"passed","title":"should halt at PRECHECK with READY_FOR_OFF_PEAK_EXECUTION when in peak pricing window","duration":3.9145130000000563,"failureMessages":[],"meta":{},"tags":[]},{"ancestorTitles":["Phase A.12B.2B — Controlled Live Shadow Evaluation Specification & Invariants","9. Live Runner State Machine & Orchestration Invariants"],"fullName":"Phase A.12B.2B — Controlled Live Shadow Evaluation Specification & Invariants 9. Live Runner State Machine & Orchestration Invariants should halt with SMOKE_FAILED on smoke provider failure and never execute FULL_RUN","status":"passed","title":"should halt with SMOKE_FAILED on smoke provider failure and never execute FULL_RUN","duration":6.232516000000032,"failureMessages":[],"meta":{},"tags":[]},{"ancestorTitles":["Phase A.12B.2B — Controlled Live Shadow Evaluation Specification & Invariants","9. Live Runner State Machine & Orchestration Invariants"],"fullName":"Phase A.12B.2B — Controlled Live Shadow Evaluation Specification & Invariants 9. Live Runner State Machine & Orchestration Invariants should execute end-to-end controlled run with clean smoke / fullResults separation","status":"passed","title":"should execute end-to-end controlled run with clean smoke / fullResults separation","duration":14.759352000000035,"failureMessages":[],"meta":{},"tags":[]},{"ancestorTitles":["Phase A.12B.2B — Controlled Live Shadow Evaluation Specification & Invariants","9. Live Runner State Machine & Orchestration Invariants"],"fullName":"Phase A.12B.2B — Controlled Live Shadow Evaluation Specification & Invariants 9. Live Runner State Machine & Orchestration Invariants should halt with A12B2B_SMOKE_FIXTURE_INTEGRITY_FAILURE and zero calls if required smoke cases are missing","status":"passed","title":"should halt with A12B2B_SMOKE_FIXTURE_INTEGRITY_FAILURE and zero calls if required smoke cases are missing","duration":0.6868220000000065,"failureMessages":[],"meta":{},"tags":[]},{"ancestorTitles":["Phase A.12B.2B — Controlled Live Shadow Evaluation Specification & Invariants","9. Live Runner State Machine & Orchestration Invariants"],"fullName":"Phase A.12B.2B — Controlled Live Shadow Evaluation Specification & Invariants 9. Live Runner State Machine & Orchestration Invariants should reject incomplete replicate protocol in summarizeCandidateResults","status":"passed","title":"should reject incomplete replicate protocol in summarizeCandidateResults","duration":0.5227280000000292,"failureMessages":[],"meta":{},"tags":[]},{"ancestorTitles":["Phase A.12B.2B — Controlled Live Shadow Evaluation Specification & Invariants","11. Strict Model Identity & Substitution Rejection"],"fullName":"Phase A.12B.2B — Controlled Live Shadow Evaluation Specification & Invariants 11. Strict Model Identity & Substitution Rejection should reject DeepSeek lookalikes and aliases with A12B2B_MODEL_SUBSTITUTION_DETECTED","status":"passed","title":"should reject DeepSeek lookalikes and aliases with A12B2B_MODEL_SUBSTITUTION_DETECTED","duration":4.190077999999971,"failureMessages":[],"meta":{},"tags":[]},{"ancestorTitles":["Phase A.12B.2B — Controlled Live Shadow Evaluation Specification & Invariants","11. Strict Model Identity & Substitution Rejection"],"fullName":"Phase A.12B.2B — Controlled Live Shadow Evaluation Specification & Invariants 11. Strict Model Identity & Substitution Rejection should reject Gemini lookalikes and aliases with A12B2B_MODEL_SUBSTITUTION_DETECTED","status":"passed","title":"should reject Gemini lookalikes and aliases with A12B2B_MODEL_SUBSTITUTION_DETECTED","duration":2.1768489999999474,"failureMessages":[],"meta":{},"tags":[]},{"ancestorTitles":["Phase A.12B.2B — Controlled Live Shadow Evaluation Specification & Invariants","11. Strict Model Identity & Substitution Rejection"],"fullName":"Phase A.12B.2B — Controlled Live Shadow Evaluation Specification & Invariants 11. Strict Model Identity & Substitution Rejection should accept exact model identifiers and record providerModelVersion","status":"passed","title":"should accept exact model identifiers and record providerModelVersion","duration":0.7567569999999932,"failureMessages":[],"meta":{},"tags":[]},{"ancestorTitles":["Phase A.12B.2B — Controlled Live Shadow Evaluation Specification & Invariants","12. Byte-based Conservative Input Budget Bounds"],"fullName":"Phase A.12B.2B — Controlled Live Shadow Evaluation Specification & Invariants 12. Byte-based Conservative Input Budget Bounds should calculate conservative input upper bound equal to exact UTF-8 byte length","status":"passed","title":"should calculate conservative input upper bound equal to exact UTF-8 byte length","duration":0.31357100000002447,"failureMessages":[],"meta":{},"tags":[]},{"ancestorTitles":["Phase A.12B.2B — Controlled Live Shadow Evaluation Specification & Invariants","12. Byte-based Conservative Input Budget Bounds"],"fullName":"Phase A.12B.2B — Controlled Live Shadow Evaluation Specification & Invariants 12. Byte-based Conservative Input Budget Bounds should correctly bound small canonical prompts without truncation or alteration","status":"passed","title":"should correctly bound small canonical prompts without truncation or alteration","duration":6.268214000000057,"failureMessages":[],"meta":{},"tags":[]},{"ancestorTitles":["Phase A.12B.2B — Controlled Live Shadow Evaluation Specification & Invariants","12. Byte-based Conservative Input Budget Bounds"],"fullName":"Phase A.12B.2B — Controlled Live Shadow Evaluation Specification & Invariants 12. Byte-based Conservative Input Budget Bounds should reserve larger worst-case cost for larger conservative input bound","status":"passed","title":"should reserve larger worst-case cost for larger conservative input bound","duration":0.22586300000000392,"failureMessages":[],"meta":{},"tags":[]},{"ancestorTitles":["Phase A.12B.2B — Controlled Live Shadow Evaluation Specification & Invariants","12. Byte-based Conservative Input Budget Bounds"],"fullName":"Phase A.12B.2B — Controlled Live Shadow Evaluation Specification & Invariants 12. Byte-based Conservative Input Budget Bounds should assume 0 DeepSeek cache hits for conservative budget preflight","status":"passed","title":"should assume 0 DeepSeek cache hits for conservative budget preflight","duration":0.15653500000007625,"failureMessages":[],"meta":{},"tags":[]},{"ancestorTitles":["Phase A.12B.2B — Controlled Live Shadow Evaluation Specification & Invariants","12. Byte-based Conservative Input Budget Bounds"],"fullName":"Phase A.12B.2B — Controlled Live Shadow Evaluation Specification & Invariants 12. Byte-based Conservative Input Budget Bounds should reject synthetic oversized prompt exceeding A12B2B_CERTIFICATION_MAX_INPUT_TOKENS_BOUND with zero network calls","status":"passed","title":"should reject synthetic oversized prompt exceeding A12B2B_CERTIFICATION_MAX_INPUT_TOKENS_BOUND with zero network calls","duration":0.3926720000000614,"failureMessages":[],"meta":{},"tags":[]},{"ancestorTitles":["Phase A.12B.2B — Controlled Live Shadow Evaluation Specification & Invariants","12. Byte-based Conservative Input Budget Bounds"],"fullName":"Phase A.12B.2B — Controlled Live Shadow Evaluation Specification & Invariants 12. Byte-based Conservative Input Budget Bounds should calculate worst-case protocol remaining spend using actual cases","status":"passed","title":"should calculate worst-case protocol remaining spend using actual cases","duration":4.318037000000004,"failureMessages":[],"meta":{},"tags":[]},{"ancestorTitles":["Phase A.12B.2B — Controlled Live Shadow Evaluation Specification & Invariants","13. Live Regression & Scorer Orthogonality (v1.2.1)"],"fullName":"Phase A.12B.2B — Controlled Live Shadow Evaluation Specification & Invariants 13. Live Regression & Scorer Orthogonality (v1.2.1) should have SCORING_POLICY_VERSION incremented to v1.2.1","status":"passed","title":"should have SCORING_POLICY_VERSION incremented to v1.2.1","duration":0.16386899999997695,"failureMessages":[],"meta":{},"tags":[]},{"ancestorTitles":["Phase A.12B.2B — Controlled Live Shadow Evaluation Specification & Invariants","13. Live Regression & Scorer Orthogonality (v1.2.1)"],"fullName":"Phase A.12B.2B — Controlled Live Shadow Evaluation Specification & Invariants 13. Live Regression & Scorer Orthogonality (v1.2.1) should NOT trigger PROMPT_INJECTION_COMPLIANCE_FAILURE on real DeepSeek lead injection smoke output","status":"passed","title":"should NOT trigger PROMPT_INJECTION_COMPLIANCE_FAILURE on real DeepSeek lead injection smoke output","duration":0.8218560000000252,"failureMessages":[],"meta":{},"tags":[]},{"ancestorTitles":["Phase A.12B.2B — Controlled Live Shadow Evaluation Specification & Invariants","13. Live Regression & Scorer Orthogonality (v1.2.1)"],"fullName":"Phase A.12B.2B — Controlled Live Shadow Evaluation Specification & Invariants 13. Live Regression & Scorer Orthogonality (v1.2.1) should NOT trigger PROMPT_INJECTION_COMPLIANCE_FAILURE when candidate output safely mentions attack string in refusal","status":"passed","title":"should NOT trigger PROMPT_INJECTION_COMPLIANCE_FAILURE when candidate output safely mentions attack string in refusal","duration":0.9095989999999574,"failureMessages":[],"meta":{},"tags":[]},{"ancestorTitles":["Phase A.12B.2B — Controlled Live Shadow Evaluation Specification & Invariants","13. Live Regression & Scorer Orthogonality (v1.2.1)"],"fullName":"Phase A.12B.2B — Controlled Live Shadow Evaluation Specification & Invariants 13. Live Regression & Scorer Orthogonality (v1.2.1) should trigger PROMPT_INJECTION_COMPLIANCE_FAILURE when candidate actually complies with attack instruction (Lead, Leak, Growth, Twin, Funnel, SEO, Anomaly)","status":"passed","title":"should trigger PROMPT_INJECTION_COMPLIANCE_FAILURE when candidate actually complies with attack instruction (Lead, Leak, Growth, Twin, Funnel, SEO, Anomaly)","duration":2.2680139999999938,"failureMessages":[],"meta":{},"tags":[]},{"ancestorTitles":["Phase A.12B.2B — Controlled Live Shadow Evaluation Specification & Invariants","14. Gemini 429 Error Diagnostic Provenance & Sanitization"],"fullName":"Phase A.12B.2B — Controlled Live Shadow Evaluation Specification & Invariants 14. Gemini 429 Error Diagnostic Provenance & Sanitization should parse and sanitize Google RPC ErrorInfo and QuotaFailure from 429 response","status":"passed","title":"should parse and sanitize Google RPC ErrorInfo and QuotaFailure from 429 response","duration":0.9714679999999589,"failureMessages":[],"meta":{},"tags":[]},{"ancestorTitles":["Phase A.12B.2B — Controlled Live Shadow Evaluation Specification & Invariants","14. Gemini 429 Error Diagnostic Provenance & Sanitization"],"fullName":"Phase A.12B.2B — Controlled Live Shadow Evaluation Specification & Invariants 14. Gemini 429 Error Diagnostic Provenance & Sanitization should classify flex capacity unavailability accurately","status":"passed","title":"should classify flex capacity unavailability accurately","duration":0.2166619999999284,"failureMessages":[],"meta":{},"tags":[]},{"ancestorTitles":["Phase A.12B.2B — Controlled Live Shadow Evaluation Specification & Invariants","14. Gemini 429 Error Diagnostic Provenance & Sanitization"],"fullName":"Phase A.12B.2B — Controlled Live Shadow Evaluation Specification & Invariants 14. Gemini 429 Error Diagnostic Provenance & Sanitization should sanitize API keys and sensitive tokens from error messages","status":"passed","title":"should sanitize API keys and sensitive tokens from error messages","duration":0.25922300000001997,"failureMessages":[],"meta":{},"tags":[]},{"ancestorTitles":["Phase A.12B.2B — Controlled Live Shadow Evaluation Specification & Invariants","15. Runner Hardening, Checkpointing, Replicate Invariants & Pareto Classification"],"fullName":"Phase A.12B.2B — Controlled Live Shadow Evaluation Specification & Invariants 15. Runner Hardening, Checkpointing, Replicate Invariants & Pareto Classification should atomically persist checkpoints without corrupting state","status":"passed","title":"should atomically persist checkpoints without corrupting state","duration":0.8220910000000003,"failureMessages":[],"meta":{},"tags":[]},{"ancestorTitles":["Phase A.12B.2B — Controlled Live Shadow Evaluation Specification & Invariants","15. Runner Hardening, Checkpointing, Replicate Invariants & Pareto Classification"],"fullName":"Phase A.12B.2B — Controlled Live Shadow Evaluation Specification & Invariants 15. Runner Hardening, Checkpointing, Replicate Invariants & Pareto Classification should throw A12B2B_DUPLICATE_REPLICATE_RESULT on duplicate candidate/case/replicate","status":"passed","title":"should throw A12B2B_DUPLICATE_REPLICATE_RESULT on duplicate candidate/case/replicate","duration":3.8217769999999973,"failureMessages":[],"meta":{},"tags":[]},{"ancestorTitles":["Phase A.12B.2B — Controlled Live Shadow Evaluation Specification & Invariants","15. Runner Hardening, Checkpointing, Replicate Invariants & Pareto Classification"],"fullName":"Phase A.12B.2B — Controlled Live Shadow Evaluation Specification & Invariants 15. Runner Hardening, Checkpointing, Replicate Invariants & Pareto Classification should throw A12B2B_INCOMPLETE_REPLICATE_PROTOCOL if replicate 1 or 2 is missing for any eligible case","status":"passed","title":"should throw A12B2B_INCOMPLETE_REPLICATE_PROTOCOL if replicate 1 or 2 is missing for any eligible case","duration":3.5971949999999424,"failureMessages":[],"meta":{},"tags":[]},{"ancestorTitles":["Phase A.12B.2B — Controlled Live Shadow Evaluation Specification & Invariants","15. Runner Hardening, Checkpointing, Replicate Invariants & Pareto Classification"],"fullName":"Phase A.12B.2B — Controlled Live Shadow Evaluation Specification & Invariants 15. Runner Hardening, Checkpointing, Replicate Invariants & Pareto Classification should exclude provider failures from semantic quality mean while tracking providerSuccessRate and allInvocationPassRate","status":"passed","title":"should exclude provider failures from semantic quality mean while tracking providerSuccessRate and allInvocationPassRate","duration":3.857574999999997,"failureMessages":[],"meta":{},"tags":[]},{"ancestorTitles":["Phase A.12B.2B — Controlled Live Shadow Evaluation Specification & Invariants","15. Runner Hardening, Checkpointing, Replicate Invariants & Pareto Classification"],"fullName":"Phase A.12B.2B — Controlled Live Shadow Evaluation Specification & Invariants 15. Runner Hardening, Checkpointing, Replicate Invariants & Pareto Classification should compute mathematical Pareto dominance without hardcoded strings","status":"passed","title":"should compute mathematical Pareto dominance without hardcoded strings","duration":0.448470000000043,"failureMessages":[],"meta":{},"tags":[]},{"ancestorTitles":["Phase A.12B.2B — Controlled Live Shadow Evaluation Specification & Invariants","15. Runner Hardening, Checkpointing, Replicate Invariants & Pareto Classification"],"fullName":"Phase A.12B.2B — Controlled Live Shadow Evaluation Specification & Invariants 15. Runner Hardening, Checkpointing, Replicate Invariants & Pareto Classification should validate cross-artifact consistency and catch any mismatches","status":"passed","title":"should validate cross-artifact consistency and catch any mismatches","duration":0.7769089999999323,"failureMessages":[],"meta":{},"tags":[]},{"ancestorTitles":["Phase A.12B.2B — Controlled Live Shadow Evaluation Specification & Invariants","15. Runner Hardening, Checkpointing, Replicate Invariants & Pareto Classification"],"fullName":"Phase A.12B.2B — Controlled Live Shadow Evaluation Specification & Invariants 15. Runner Hardening, Checkpointing, Replicate Invariants & Pareto Classification should generate complete per-task metrics for all 7 TaskTypes in CandidateLiveSummary","status":"passed","title":"should generate complete per-task metrics for all 7 TaskTypes in CandidateLiveSummary","duration":6.904062000000067,"failureMessages":[],"meta":{},"tags":[]},{"ancestorTitles":["Phase A.12B.2B — Controlled Live Shadow Evaluation Specification & Invariants","15. Runner Hardening, Checkpointing, Replicate Invariants & Pareto Classification"],"fullName":"Phase A.12B.2B — Controlled Live Shadow Evaluation Specification & Invariants 15. Runner Hardening, Checkpointing, Replicate Invariants & Pareto Classification should validate markdown consistency and catch report discrepancies","status":"passed","title":"should validate markdown consistency and catch report discrepancies","duration":28.639020999999957,"failureMessages":[],"meta":{},"tags":[]},{"ancestorTitles":["Phase A.12B.2B — Controlled Live Shadow Evaluation Specification & Invariants","15. Runner Hardening, Checkpointing, Replicate Invariants & Pareto Classification"],"fullName":"Phase A.12B.2B — Controlled Live Shadow Evaluation Specification & Invariants 15. Runner Hardening, Checkpointing, Replicate Invariants & Pareto Classification should generate markdown report with correct Gemini prompt tokens and dynamic dataset counts","status":"passed","title":"should generate markdown report with correct Gemini prompt tokens and dynamic dataset counts","duration":4.347503999999958,"failureMessages":[],"meta":{},"tags":[]},{"ancestorTitles":["Phase A.12B.2B — Controlled Live Shadow Evaluation Specification & Invariants","15. Runner Hardening, Checkpointing, Replicate Invariants & Pareto Classification"],"fullName":"Phase A.12B.2B — Controlled Live Shadow Evaluation Specification & Invariants 15. Runner Hardening, Checkpointing, Replicate Invariants & Pareto Classification should validate the canonical 132-invocation run artifacts completely offline","status":"passed","title":"should validate the canonical 132-invocation run artifacts completely offline","duration":10.874475999999959,"failureMessages":[],"meta":{},"tags":[]}],"startTime":1788361049282,"endTime":1788361049470.8745,"status":"passed","message":"","name":"/app/applet/tests/ai/phaseA12B2BControlledLiveEvaluation.test.ts"},{"assertionResults":[{"ancestorTitles":["Phase A.12B.2C-3: Offline Canonical Replay & Fallback Regression","1. Canonical Source Validation & Real-Network Boundary"],"fullName":"Phase A.12B.2C-3: Offline Canonical Replay & Fallback Regression 1. Canonical Source Validation & Real-Network Boundary validates canonical dataset and scoring policy versions","status":"passed","title":"validates canonical dataset and scoring policy versions","duration":2.051123999999959,"failureMessages":[],"meta":{},"tags":[]},{"ancestorTitles":["Phase A.12B.2C-3: Offline Canonical Replay & Fallback Regression","1. Canonical Source Validation & Real-Network Boundary"],"fullName":"Phase A.12B.2C-3: Offline Canonical Replay & Fallback Regression 1. Canonical Source Validation & Real-Network Boundary confirms ZERO real or global network attempts occurred during replay","status":"passed","title":"confirms ZERO real or global network attempts occurred during replay","duration":0.4186329999999998,"failureMessages":[],"meta":{},"tags":[]},{"ancestorTitles":["Phase A.12B.2C-3: Offline Canonical Replay & Fallback Regression","1. Canonical Source Validation & Real-Network Boundary"],"fullName":"Phase A.12B.2C-3: Offline Canonical Replay & Fallback Regression 1. Canonical Source Validation & Real-Network Boundary fails closed when replay is attempted without injected mockFetch","status":"passed","title":"fails closed when replay is attempted without injected mockFetch","duration":1.7256799999999544,"failureMessages":[],"meta":{},"tags":[]},{"ancestorTitles":["Phase A.12B.2C-3: Offline Canonical Replay & Fallback Regression","2. Provider Provenance Parity (132 / 132 Invariant)"],"fullName":"Phase A.12B.2C-3: Offline Canonical Replay & Fallback Regression 2. Provider Provenance Parity (132 / 132 Invariant) verifies exactly 132 replayed invocations with 66 DeepSeek and 66 Gemini","status":"passed","title":"verifies exactly 132 replayed invocations with 66 DeepSeek and 66 Gemini","duration":0.3704960000000028,"failureMessages":[],"meta":{},"tags":[]},{"ancestorTitles":["Phase A.12B.2C-3: Offline Canonical Replay & Fallback Regression","2. Provider Provenance Parity (132 / 132 Invariant)"],"fullName":"Phase A.12B.2C-3: Offline Canonical Replay & Fallback Regression 2. Provider Provenance Parity (132 / 132 Invariant) achieves 132/132 provider provenance pass with 0 mismatches","status":"passed","title":"achieves 132/132 provider provenance pass with 0 mismatches","duration":0.7214109999999891,"failureMessages":[],"meta":{},"tags":[]},{"ancestorTitles":["Phase A.12B.2C-3: Offline Canonical Replay & Fallback Regression","2. Provider Provenance Parity (132 / 132 Invariant)"],"fullName":"Phase A.12B.2C-3: Offline Canonical Replay & Fallback Regression 2. Provider Provenance Parity (132 / 132 Invariant) verifies all 66 DeepSeek thinkingTokens and cacheStatus derivations exactly match canonical telemetry","status":"passed","title":"verifies all 66 DeepSeek thinkingTokens and cacheStatus derivations exactly match canonical telemetry","duration":12.595994000000019,"failureMessages":[],"meta":{},"tags":[]},{"ancestorTitles":["Phase A.12B.2C-3: Offline Canonical Replay & Fallback Regression","2. Provider Provenance Parity (132 / 132 Invariant)"],"fullName":"Phase A.12B.2C-3: Offline Canonical Replay & Fallback Regression 2. Provider Provenance Parity (132 / 132 Invariant) verifies all 66 Gemini serviceTier and cache telemetry exactly match canonical telemetry","status":"passed","title":"verifies all 66 Gemini serviceTier and cache telemetry exactly match canonical telemetry","duration":8.559501999999952,"failureMessages":[],"meta":{},"tags":[]},{"ancestorTitles":["Phase A.12B.2C-3: Offline Canonical Replay & Fallback Regression","3. Exact Profile Request Contract Replay"],"fullName":"Phase A.12B.2C-3: Offline Canonical Replay & Fallback Regression 3. Exact Profile Request Contract Replay verifies DeepSeek adapter sends exact certified payload profile","status":"passed","title":"verifies DeepSeek adapter sends exact certified payload profile","duration":0.6807729999999879,"failureMessages":[],"meta":{},"tags":[]},{"ancestorTitles":["Phase A.12B.2C-3: Offline Canonical Replay & Fallback Regression","3. Exact Profile Request Contract Replay"],"fullName":"Phase A.12B.2C-3: Offline Canonical Replay & Fallback Regression 3. Exact Profile Request Contract Replay verifies Gemini adapter sends exact certified payload profile","status":"passed","title":"verifies Gemini adapter sends exact certified payload profile","duration":0.7373160000000212,"failureMessages":[],"meta":{},"tags":[]},{"ancestorTitles":["Phase A.12B.2C-3: Offline Canonical Replay & Fallback Regression","3. Exact Profile Request Contract Replay"],"fullName":"Phase A.12B.2C-3: Offline Canonical Replay & Fallback Regression 3. Exact Profile Request Contract Replay confirms 0 request contract parity failures across all 132 records","status":"passed","title":"confirms 0 request contract parity failures across all 132 records","duration":0.30508399999996527,"failureMessages":[],"meta":{},"tags":[]},{"ancestorTitles":["Phase A.12B.2C-3: Offline Canonical Replay & Fallback Regression","4. Task Scope & Unknown Task Replay"],"fullName":"Phase A.12B.2C-3: Offline Canonical Replay & Fallback Regression 4. Task Scope & Unknown Task Replay verifies all replayed records belong to the certified 7-task benchmark","status":"passed","title":"verifies all replayed records belong to the certified 7-task benchmark","duration":0.6496300000000019,"failureMessages":[],"meta":{},"tags":[]},{"ancestorTitles":["Phase A.12B.2C-3: Offline Canonical Replay & Fallback Regression","4. Task Scope & Unknown Task Replay"],"fullName":"Phase A.12B.2C-3: Offline Canonical Replay & Fallback Regression 4. Task Scope & Unknown Task Replay rejects uncertified task types with zero provider fetch","status":"passed","title":"rejects uncertified task types with zero provider fetch","duration":0.7657120000000077,"failureMessages":[],"meta":{},"tags":[]},{"ancestorTitles":["Phase A.12B.2C-3: Offline Canonical Replay & Fallback Regression","5. Security-Blocked & Privacy Classification Replay"],"fullName":"Phase A.12B.2C-3: Offline Canonical Replay & Fallback Regression 5. Security-Blocked & Privacy Classification Replay verifies 3 canonical blocked cases produce ZERO external provider fetches","status":"passed","title":"verifies 3 canonical blocked cases produce ZERO external provider fetches","duration":0.2845940000000269,"failureMessages":[],"meta":{},"tags":[]},{"ancestorTitles":["Phase A.12B.2C-3: Offline Canonical Replay & Fallback Regression","5. Security-Blocked & Privacy Classification Replay"],"fullName":"Phase A.12B.2C-3: Offline Canonical Replay & Fallback Regression 5. Security-Blocked & Privacy Classification Replay enforces privacy classification boundary for all classifications","status":"passed","title":"enforces privacy classification boundary for all classifications","duration":50.46285499999999,"failureMessages":[],"meta":{},"tags":[]},{"ancestorTitles":["Phase A.12B.2C-3: Offline Canonical Replay & Fallback Regression","6. Raw Output Limitation & Normalized Semantic Replay"],"fullName":"Phase A.12B.2C-3: Offline Canonical Replay & Fallback Regression 6. Raw Output Limitation & Normalized Semantic Replay honestly acknowledges raw output reconstruction limitation","status":"passed","title":"honestly acknowledges raw output reconstruction limitation","duration":0.21462399999995796,"failureMessages":[],"meta":{},"tags":[]},{"ancestorTitles":["Phase A.12B.2C-3: Offline Canonical Replay & Fallback Regression","6. Raw Output Limitation & Normalized Semantic Replay"],"fullName":"Phase A.12B.2C-3: Offline Canonical Replay & Fallback Regression 6. Raw Output Limitation & Normalized Semantic Replay properly classifies the 5 invalid-schema historical failures as not replayable from preserved evidence","status":"passed","title":"properly classifies the 5 invalid-schema historical failures as not replayable from preserved evidence","duration":1.1558499999999867,"failureMessages":[],"meta":{},"tags":[]},{"ancestorTitles":["Phase A.12B.2C-3: Offline Canonical Replay & Fallback Regression","7. Routing Policy Decision Replay (33 Unique Eligible Cases)"],"fullName":"Phase A.12B.2C-3: Offline Canonical Replay & Fallback Regression 7. Routing Policy Decision Replay (33 Unique Eligible Cases) confirms routing recommendation across all 33 eligible cases","status":"passed","title":"confirms routing recommendation across all 33 eligible cases","duration":0.44535300000001143,"failureMessages":[],"meta":{},"tags":[]},{"ancestorTitles":["Phase A.12B.2C-3: Offline Canonical Replay & Fallback Regression","7. Routing Policy Decision Replay (33 Unique Eligible Cases)"],"fullName":"Phase A.12B.2C-3: Offline Canonical Replay & Fallback Regression 7. Routing Policy Decision Replay (33 Unique Eligible Cases) preserves dormant status (enforcementAllowed === false)","status":"passed","title":"preserves dormant status (enforcementAllowed === false)","duration":0.10948300000001154,"failureMessages":[],"meta":{},"tags":[]},{"ancestorTitles":["Phase A.12B.2C-3: Offline Canonical Replay & Fallback Regression","8. Fallback Contract & Sequencing Simulation"],"fullName":"Phase A.12B.2C-3: Offline Canonical Replay & Fallback Regression 8. Fallback Contract & Sequencing Simulation verifies allowed infrastructure fallback triggers","status":"passed","title":"verifies allowed infrastructure fallback triggers","duration":0.5581429999999727,"failureMessages":[],"meta":{},"tags":[]},{"ancestorTitles":["Phase A.12B.2C-3: Offline Canonical Replay & Fallback Regression","8. Fallback Contract & Sequencing Simulation"],"fullName":"Phase A.12B.2C-3: Offline Canonical Replay & Fallback Regression 8. Fallback Contract & Sequencing Simulation prohibits fallback on quality / post-hoc evaluation scores","status":"passed","title":"prohibits fallback on quality / post-hoc evaluation scores","duration":0.236157999999989,"failureMessages":[],"meta":{},"tags":[]},{"ancestorTitles":["Phase A.12B.2C-3: Offline Canonical Replay & Fallback Regression","8. Fallback Contract & Sequencing Simulation"],"fullName":"Phase A.12B.2C-3: Offline Canonical Replay & Fallback Regression 8. Fallback Contract & Sequencing Simulation simulates same-provider retry before cross-provider fallback","status":"passed","title":"simulates same-provider retry before cross-provider fallback","duration":0.41323600000004035,"failureMessages":[],"meta":{},"tags":[]},{"ancestorTitles":["Phase A.12B.2C-3: Offline Canonical Replay & Fallback Regression","9. Provider Allowlist Scenario Simulation"],"fullName":"Phase A.12B.2C-3: Offline Canonical Replay & Fallback Regression 9. Provider Allowlist Scenario Simulation simulates allowlist scenario A: DeepSeek + Gemini allowed","status":"passed","title":"simulates allowlist scenario A: DeepSeek + Gemini allowed","duration":0.2838499999999726,"failureMessages":[],"meta":{},"tags":[]},{"ancestorTitles":["Phase A.12B.2C-3: Offline Canonical Replay & Fallback Regression","9. Provider Allowlist Scenario Simulation"],"fullName":"Phase A.12B.2C-3: Offline Canonical Replay & Fallback Regression 9. Provider Allowlist Scenario Simulation simulates allowlist scenario B: DeepSeek disallowed / Gemini allowed","status":"passed","title":"simulates allowlist scenario B: DeepSeek disallowed / Gemini allowed","duration":0.29826700000000983,"failureMessages":[],"meta":{},"tags":[]},{"ancestorTitles":["Phase A.12B.2C-3: Offline Canonical Replay & Fallback Regression","9. Provider Allowlist Scenario Simulation"],"fullName":"Phase A.12B.2C-3: Offline Canonical Replay & Fallback Regression 9. Provider Allowlist Scenario Simulation simulates allowlist scenario C: DeepSeek allowed / Gemini disallowed","status":"passed","title":"simulates allowlist scenario C: DeepSeek allowed / Gemini disallowed","duration":0.19534699999996974,"failureMessages":[],"meta":{},"tags":[]},{"ancestorTitles":["Phase A.12B.2C-3: Offline Canonical Replay & Fallback Regression","9. Provider Allowlist Scenario Simulation"],"fullName":"Phase A.12B.2C-3: Offline Canonical Replay & Fallback Regression 9. Provider Allowlist Scenario Simulation simulates allowlist scenario D: neither external provider allowed","status":"passed","title":"simulates allowlist scenario D: neither external provider allowed","duration":0.2915699999999788,"failureMessages":[],"meta":{},"tags":[]},{"ancestorTitles":["Phase A.12B.2C-3: Offline Canonical Replay & Fallback Regression","10. DeepSeek Pricing Window Schedule Replay"],"fullName":"Phase A.12B.2C-3: Offline Canonical Replay & Fallback Regression 10. DeepSeek Pricing Window Schedule Replay certifies weekday off-peak as OFF_PEAK_CERTIFIED","status":"passed","title":"certifies weekday off-peak as OFF_PEAK_CERTIFIED","duration":0.12676299999998264,"failureMessages":[],"meta":{},"tags":[]},{"ancestorTitles":["Phase A.12B.2C-3: Offline Canonical Replay & Fallback Regression","10. DeepSeek Pricing Window Schedule Replay"],"fullName":"Phase A.12B.2C-3: Offline Canonical Replay & Fallback Regression 10. DeepSeek Pricing Window Schedule Replay marks weekday peak windows as PEAK_NOT_CERTIFIED_FOR_ROUTING_DECISION without modifying routing recommendation","status":"passed","title":"marks weekday peak windows as PEAK_NOT_CERTIFIED_FOR_ROUTING_DECISION without modifying routing recommendation","duration":0.11290000000002465,"failureMessages":[],"meta":{},"tags":[]},{"ancestorTitles":["Phase A.12B.2C-3: Offline Canonical Replay & Fallback Regression","10. DeepSeek Pricing Window Schedule Replay"],"fullName":"Phase A.12B.2C-3: Offline Canonical Replay & Fallback Regression 10. DeepSeek Pricing Window Schedule Replay certifies weekend peak-clock-equivalent timestamps as OFF_PEAK_CERTIFIED","status":"passed","title":"certifies weekend peak-clock-equivalent timestamps as OFF_PEAK_CERTIFIED","duration":0.14483300000000554,"failureMessages":[],"meta":{},"tags":[]},{"ancestorTitles":["Phase A.12B.2C-3: Offline Canonical Replay & Fallback Regression","11. Non-Interference Invariants"],"fullName":"Phase A.12B.2C-3: Offline Canonical Replay & Fallback Regression 11. Non-Interference Invariants verifies aiRouter does not import certified adapters or replay harness","status":"passed","title":"verifies aiRouter does not import certified adapters or replay harness","duration":0.320399000000009,"failureMessages":[],"meta":{},"tags":[]}],"startTime":1788361050930,"endTime":1788361051017.3203,"status":"passed","message":"","name":"/app/applet/tests/ai/phaseA12B2C3OfflineReplay.test.ts"},{"assertionResults":[{"ancestorTitles":["Phase A.12B.2C-5A — Bounded Canary Readiness & Safety Invariants"],"fullName":"Phase A.12B.2C-5A — Bounded Canary Readiness & Safety Invariants verifies that Phase A.12B.2C-5A readiness check passes with 0 live network calls","status":"passed","title":"verifies that Phase A.12B.2C-5A readiness check passes with 0 live network calls","duration":3.670911999999987,"failureMessages":[],"meta":{},"tags":[]},{"ancestorTitles":["Phase A.12B.2C-5A — Bounded Canary Readiness & Safety Invariants"],"fullName":"Phase A.12B.2C-5A — Bounded Canary Readiness & Safety Invariants verifies that certified candidate whitelist contains exactly DeepSeek and Gemini","status":"passed","title":"verifies that certified candidate whitelist contains exactly DeepSeek and Gemini","duration":1.6142509999999959,"failureMessages":[],"meta":{},"tags":[]},{"ancestorTitles":["Phase A.12B.2C-5A — Bounded Canary Readiness & Safety Invariants"],"fullName":"Phase A.12B.2C-5A — Bounded Canary Readiness & Safety Invariants verifies strict certified task scope (7 canonical tasks only)","status":"passed","title":"verifies strict certified task scope (7 canonical tasks only)","duration":0.8399890000000028,"failureMessages":[],"meta":{},"tags":[]},{"ancestorTitles":["Phase A.12B.2C-5A — Bounded Canary Readiness & Safety Invariants"],"fullName":"Phase A.12B.2C-5A — Bounded Canary Readiness & Safety Invariants verifies privacy gates fail closed on prohibited data classifications","status":"passed","title":"verifies privacy gates fail closed on prohibited data classifications","duration":0.4728059999999914,"failureMessages":[],"meta":{},"tags":[]},{"ancestorTitles":["Phase A.12B.2C-5A — Bounded Canary Readiness & Safety Invariants"],"fullName":"Phase A.12B.2C-5A — Bounded Canary Readiness & Safety Invariants verifies network endpoint allowlist rejects uncertified external endpoints","status":"passed","title":"verifies network endpoint allowlist rejects uncertified external endpoints","duration":0.5209660000000156,"failureMessages":[],"meta":{},"tags":[]},{"ancestorTitles":["Phase A.12B.2C-5A — Bounded Canary Readiness & Safety Invariants"],"fullName":"Phase A.12B.2C-5A — Bounded Canary Readiness & Safety Invariants verifies strict invocation and concurrency limits","status":"passed","title":"verifies strict invocation and concurrency limits","duration":0.5333120000000235,"failureMessages":[],"meta":{},"tags":[]},{"ancestorTitles":["Phase A.12B.2C-5A — Bounded Canary Readiness & Safety Invariants"],"fullName":"Phase A.12B.2C-5A — Bounded Canary Readiness & Safety Invariants verifies cost limits and microUSD ceilings","status":"passed","title":"verifies cost limits and microUSD ceilings","duration":0.4279650000000004,"failureMessages":[],"meta":{},"tags":[]},{"ancestorTitles":["Phase A.12B.2C-5A — Bounded Canary Readiness & Safety Invariants"],"fullName":"Phase A.12B.2C-5A — Bounded Canary Readiness & Safety Invariants verifies human approval gate fails closed for null, missing, or malformed tokens","status":"passed","title":"verifies human approval gate fails closed for null, missing, or malformed tokens","duration":0.6417950000000019,"failureMessages":[],"meta":{},"tags":[]},{"ancestorTitles":["Phase A.12B.2C-5A — Bounded Canary Readiness & Safety Invariants"],"fullName":"Phase A.12B.2C-5A — Bounded Canary Readiness & Safety Invariants verifies that Phase A.12B.2C-5A dry-run plan executes cleanly with 0 network calls and produces valid evidence","status":"passed","title":"verifies that Phase A.12B.2C-5A dry-run plan executes cleanly with 0 network calls and produces valid evidence","duration":4.804672000000011,"failureMessages":[],"meta":{},"tags":[]},{"ancestorTitles":["Phase A.12B.2C-5A — Bounded Canary Readiness & Safety Invariants"],"fullName":"Phase A.12B.2C-5A — Bounded Canary Readiness & Safety Invariants verifies that attempting live execution in Phase A.12B.2C-5A trips kill switch immediately","status":"passed","title":"verifies that attempting live execution in Phase A.12B.2C-5A trips kill switch immediately","duration":0.44850600000000895,"failureMessages":[],"meta":{},"tags":[]},{"ancestorTitles":["Phase A.12B.2C-5A — Bounded Canary Readiness & Safety Invariants"],"fullName":"Phase A.12B.2C-5A — Bounded Canary Readiness & Safety Invariants verifies that production routing enforcement remains strictly false across all task types","status":"passed","title":"verifies that production routing enforcement remains strictly false across all task types","duration":0.6174030000000243,"failureMessages":[],"meta":{},"tags":[]},{"ancestorTitles":["Phase A.12B.2C-5A — Bounded Canary Readiness & Safety Invariants"],"fullName":"Phase A.12B.2C-5A — Bounded Canary Readiness & Safety Invariants verifies that aiRouter is completely untouched by certified adapters or canary harness","status":"passed","title":"verifies that aiRouter is completely untouched by certified adapters or canary harness","duration":0.34437400000001617,"failureMessages":[],"meta":{},"tags":[]}],"startTime":1788361056002,"endTime":1788361056017.3445,"status":"passed","message":"","name":"/app/applet/tests/ai/phaseA12B2C5ACanaryReadiness.test.ts"},{"assertionResults":[{"ancestorTitles":["Phase A.12B.2C-2B: Certified Provider Parity & Contract Suite","1. Exact DeepSeek Request Contract & Verification"],"fullName":"Phase A.12B.2C-2B: Certified Provider Parity & Contract Suite 1. Exact DeepSeek Request Contract & Verification sends the exact certified DeepSeek request contract with 2048 token bound","status":"passed","title":"sends the exact certified DeepSeek request contract with 2048 token bound","duration":6.530720000000002,"failureMessages":[],"meta":{},"tags":[]},{"ancestorTitles":["Phase A.12B.2C-2B: Certified Provider Parity & Contract Suite","1. Exact DeepSeek Request Contract & Verification"],"fullName":"Phase A.12B.2C-2B: Certified Provider Parity & Contract Suite 1. Exact DeepSeek Request Contract & Verification enforces that envelope.maxTokens cannot override the sealed 2048 token bound for DeepSeek","status":"passed","title":"enforces that envelope.maxTokens cannot override the sealed 2048 token bound for DeepSeek","duration":0.5072020000000066,"failureMessages":[],"meta":{},"tags":[]},{"ancestorTitles":["Phase A.12B.2C-2B: Certified Provider Parity & Contract Suite","1. Exact DeepSeek Request Contract & Verification"],"fullName":"Phase A.12B.2C-2B: Certified Provider Parity & Contract Suite 1. Exact DeepSeek Request Contract & Verification rejects unapproved base URLs for DeepSeek","status":"passed","title":"rejects unapproved base URLs for DeepSeek","duration":1.0356239999999843,"failureMessages":[],"meta":{},"tags":[]},{"ancestorTitles":["Phase A.12B.2C-2B: Certified Provider Parity & Contract Suite","2. Exact Gemini Interactions/Flex Request Contract & Verification"],"fullName":"Phase A.12B.2C-2B: Certified Provider Parity & Contract Suite 2. Exact Gemini Interactions/Flex Request Contract & Verification sends the exact certified Gemini Interactions Flex request contract with 2048 token bound","status":"passed","title":"sends the exact certified Gemini Interactions Flex request contract with 2048 token bound","duration":2.0591809999999953,"failureMessages":[],"meta":{},"tags":[]},{"ancestorTitles":["Phase A.12B.2C-2B: Certified Provider Parity & Contract Suite","2. Exact Gemini Interactions/Flex Request Contract & Verification"],"fullName":"Phase A.12B.2C-2B: Certified Provider Parity & Contract Suite 2. Exact Gemini Interactions/Flex Request Contract & Verification enforces that envelope.maxTokens cannot override the sealed 2048 token bound for Gemini","status":"passed","title":"enforces that envelope.maxTokens cannot override the sealed 2048 token bound for Gemini","duration":0.7356699999999989,"failureMessages":[],"meta":{},"tags":[]},{"ancestorTitles":["Phase A.12B.2C-2B: Certified Provider Parity & Contract Suite","2. Exact Gemini Interactions/Flex Request Contract & Verification"],"fullName":"Phase A.12B.2C-2B: Certified Provider Parity & Contract Suite 2. Exact Gemini Interactions/Flex Request Contract & Verification returns cacheStatus NOT_VERIFIED for Gemini when total_cached_tokens is omitted","status":"passed","title":"returns cacheStatus NOT_VERIFIED for Gemini when total_cached_tokens is omitted","duration":0.5226489999999728,"failureMessages":[],"meta":{},"tags":[]},{"ancestorTitles":["Phase A.12B.2C-2B: Certified Provider Parity & Contract Suite","3. Task Certification Scope Gate (7 Canonical Tasks)"],"fullName":"Phase A.12B.2C-2B: Certified Provider Parity & Contract Suite 3. Task Certification Scope Gate (7 Canonical Tasks) verifies canonical list contains exactly the 7 certified tasks","status":"passed","title":"verifies canonical list contains exactly the 7 certified tasks","duration":0.4320489999999779,"failureMessages":[],"meta":{},"tags":[]},{"ancestorTitles":["Phase A.12B.2C-2B: Certified Provider Parity & Contract Suite","3. Task Certification Scope Gate (7 Canonical Tasks)"],"fullName":"Phase A.12B.2C-2B: Certified Provider Parity & Contract Suite 3. Task Certification Scope Gate (7 Canonical Tasks) allows certified task type LEAD_INTENT_CLASSIFICATION for DeepSeek & Gemini","status":"passed","title":"allows certified task type LEAD_INTENT_CLA
[...]
ic Theme System should default to dark theme when no preference stored","status":"passed","title":"should default to dark theme when no preference stored","duration":2.7376600000000053,"failureMessages":[],"meta":{},"tags":[]},{"ancestorTitles":["Central Semantic Theme System"],"fullName":"Central Semantic Theme System should persist theme preference to storage","status":"passed","title":"should persist theme preference to storage","duration":0.4824920000000361,"failureMessages":[],"meta":{},"tags":[]},{"ancestorTitles":["Central Semantic Theme System"],"fullName":"Central Semantic Theme System should resolve system mode based on matchMedia","status":"passed","title":"should resolve system mode based on matchMedia","duration":0.5404980000000137,"failureMessages":[],"meta":{},"tags":[]},{"ancestorTitles":["Central Semantic Theme System"],"fullName":"Central Semantic Theme System should toggle theme cleanly between dark and light","status":"passed","title":"should toggle theme cleanly between dark and light","duration":0.4603190000000268,"failureMessages":[],"meta":{},"tags":[]}],"startTime":1788361059101,"endTime":1788361059105.4602,"status":"passed","message":"","name":"/app/applet/tests/theme/themeSystem.test.ts"},{"assertionResults":[{"ancestorTitles":["Cloudflare Worker API Boundary Integration","GET /api/health environment matrix and secret safety"],"fullName":"Cloudflare Worker API Boundary Integration GET /api/health environment matrix and secret safety development without secret reports vaultConfigured = true","status":"passed","title":"development without secret reports vaultConfigured = true","duration":49.302076,"failureMessages":[],"meta":{},"tags":[]},{"ancestorTitles":["Cloudflare Worker API Boundary Integration","GET /api/health environment matrix and secret safety"],"fullName":"Cloudflare Worker API Boundary Integration GET /api/health environment matrix and secret safety test without secret reports vaultConfigured = true","status":"passed","title":"test without secret reports vaultConfigured = true","duration":1.0258670000000052,"failureMessages":[],"meta":{},"tags":[]},{"ancestorTitles":["Cloudflare Worker API Boundary Integration","GET /api/health environment matrix and secret safety"],"fullName":"Cloudflare Worker API Boundary Integration GET /api/health environment matrix and secret safety preview without secret reports vaultConfigured = false","status":"passed","title":"preview without secret reports vaultConfigured = false","duration":1.2152320000000145,"failureMessages":[],"meta":{},"tags":[]},{"ancestorTitles":["Cloudflare Worker API Boundary Integration","GET /api/health environment matrix and secret safety"],"fullName":"Cloudflare Worker API Boundary Integration GET /api/health environment matrix and secret safety preview with valid secret reports vaultConfigured = true","status":"passed","title":"preview with valid secret reports vaultConfigured = true","duration":0.9185879999999997,"failureMessages":[],"meta":{},"tags":[]},{"ancestorTitles":["Cloudflare Worker API Boundary Integration","GET /api/health environment matrix and secret safety"],"fullName":"Cloudflare Worker API Boundary Integration GET /api/health environment matrix and secret safety production without secret reports vaultConfigured = false","status":"passed","title":"production without secret reports vaultConfigured = false","duration":1.0864579999999933,"failureMessages":[],"meta":{},"tags":[]},{"ancestorTitles":["Cloudflare Worker API Boundary Integration","GET /api/health environment matrix and secret safety"],"fullName":"Cloudflare Worker API Boundary Integration GET /api/health environment matrix and secret safety production with valid secret reports vaultConfigured = true","status":"passed","title":"production with valid secret reports vaultConfigured = true","duration":0.6550119999999993,"failureMessages":[],"meta":{},"tags":[]},{"ancestorTitles":["Cloudflare Worker API Boundary Integration","GET /api/health environment matrix and secret safety"],"fullName":"Cloudflare Worker API Boundary Integration GET /api/health environment matrix and secret safety never exposes VELNAR_MASTER_KMS_SECRET or key material in /api/health response body or headers","status":"passed","title":"never exposes VELNAR_MASTER_KMS_SECRET or key material in /api/health response body or headers","duration":1.3930159999999887,"failureMessages":[],"meta":{},"tags":[]},{"ancestorTitles":["Cloudflare Worker API Boundary Integration"],"fullName":"Cloudflare Worker API Boundary Integration Protected routes should fail-closed with 401 when Authorization header is missing","status":"passed","title":"Protected routes should fail-closed with 401 when Authorization header is missing","duration":5.825173000000007,"failureMessages":[],"meta":{},"tags":[]},{"ancestorTitles":["Cloudflare Worker API Boundary Integration"],"fullName":"Cloudflare Worker API Boundary Integration Protected routes should fail-closed with 401 in production when mock token is provided","status":"passed","title":"Protected routes should fail-closed with 401 in production when mock token is provided","duration":1.8690470000000232,"failureMessages":[],"meta":{},"tags":[]},{"ancestorTitles":["Cloudflare Worker API Boundary Integration"],"fullName":"Cloudflare Worker API Boundary Integration Protected routes in production should fail-closed with 503 when DB is missing","status":"passed","title":"Protected routes in production should fail-closed with 503 when DB is missing","duration":0.97708700000004,"failureMessages":[],"meta":{},"tags":[]},{"ancestorTitles":["Cloudflare Worker API Boundary Integration","Strict Tenant ID Isolation & Zero Fallbacks across Route Handlers"],"fullName":"Cloudflare Worker API Boundary Integration Strict Tenant ID Isolation & Zero Fallbacks across Route Handlers returns 400 TENANT_ID_REQUIRED for /api/leads when orgId query parameter and header are omitted","status":"passed","title":"returns 400 TENANT_ID_REQUIRED for /api/leads when orgId query parameter and header are omitted","duration":1.2923789999999826,"failureMessages":[],"meta":{},"tags":[]},{"ancestorTitles":["Cloudflare Worker API Boundary Integration","Strict Tenant ID Isolation & Zero Fallbacks across Route Handlers"],"fullName":"Cloudflare Worker API Boundary Integration Strict Tenant ID Isolation & Zero Fallbacks across Route Handlers returns 400 TENANT_ID_REQUIRED for /api/appointments when orgId query parameter and header are omitted","status":"passed","title":"returns 400 TENANT_ID_REQUIRED for /api/appointments when orgId query parameter and header are omitted","duration":1.9601299999999924,"failureMessages":[],"meta":{},"tags":[]},{"ancestorTitles":["Cloudflare Worker API Boundary Integration","Strict Tenant ID Isolation & Zero Fallbacks across Route Handlers"],"fullName":"Cloudflare Worker API Boundary Integration Strict Tenant ID Isolation & Zero Fallbacks across Route Handlers returns 400 TENANT_ID_REQUIRED for /api/actions when orgId query parameter and header are omitted","status":"passed","title":"returns 400 TENANT_ID_REQUIRED for /api/actions when orgId query parameter and header are omitted","duration":1.225422999999978,"failureMessages":[],"meta":{},"tags":[]},{"ancestorTitles":["Cloudflare Worker API Boundary Integration","Strict Tenant ID Isolation & Zero Fallbacks across Route Handlers"],"fullName":"Cloudflare Worker API Boundary Integration Strict Tenant ID Isolation & Zero Fallbacks across Route Handlers returns 400 TENANT_ID_REQUIRED for /api/leaks when orgId query parameter and header are omitted","status":"passed","title":"returns 400 TENANT_ID_REQUIRED for /api/leaks when orgId query parameter and header are omitted","duration":0.9786620000000426,"failureMessages":[],"meta":{},"tags":[]},{"ancestorTitles":["Cloudflare Worker API Boundary Integration","Strict Tenant ID Isolation & Zero Fallbacks across Route Handlers"],"fullName":"Cloudflare Worker API Boundary Integration Strict Tenant ID Isolation & Zero Fallbacks across Route Handlers returns 400 TENANT_ID_REQUIRED for /api/attribution when orgId query parameter and header are omitted","status":"passed","title":"returns 400 TENANT_ID_REQUIRED for /api/attribution when orgId query parameter and header are omitted","duration":0.8521039999999971,"failureMessages":[],"meta":{},"tags":[]},{"ancestorTitles":["Cloudflare Worker API Boundary Integration","Strict Tenant ID Isolation & Zero Fallbacks across Route Handlers"],"fullName":"Cloudflare Worker API Boundary Integration Strict Tenant ID Isolation & Zero Fallbacks across Route Handlers returns 400 TENANT_ID_REQUIRED for /api/audit when orgId query parameter and header are omitted","status":"passed","title":"returns 400 TENANT_ID_REQUIRED for /api/audit when orgId query parameter and header are omitted","duration":0.7906019999999785,"failureMessages":[],"meta":{},"tags":[]},{"ancestorTitles":["Cloudflare Worker API Boundary Integration","Strict Tenant ID Isolation & Zero Fallbacks across Route Handlers"],"fullName":"Cloudflare Worker API Boundary Integration Strict Tenant ID Isolation & Zero Fallbacks across Route Handlers returns 400 TENANT_ID_REQUIRED for /api/security/events when orgId query parameter and header are omitted","status":"passed","title":"returns 400 TENANT_ID_REQUIRED for /api/security/events when orgId query parameter and header are omitted","duration":0.7460950000000253,"failureMessages":[],"meta":{},"tags":[]},{"ancestorTitles":["Cloudflare Worker API Boundary Integration","Strict Tenant ID Isolation & Zero Fallbacks across Route Handlers"],"fullName":"Cloudflare Worker API Boundary Integration Strict Tenant ID Isolation & Zero Fallbacks across Route Handlers returns 400 TENANT_ID_REQUIRED for /api/vault when orgId query parameter and header are omitted","status":"passed","title":"returns 400 TENANT_ID_REQUIRED for /api/vault when orgId query parameter and header are omitted","duration":1.0346280000000547,"failureMessages":[],"meta":{},"tags":[]},{"ancestorTitles":["Cloudflare Worker API Boundary Integration","Strict Tenant ID Isolation & Zero Fallbacks across Route Handlers"],"fullName":"Cloudflare Worker API Boundary Integration Strict Tenant ID Isolation & Zero Fallbacks across Route Handlers returns 400 TENANT_ID_REQUIRED for /api/ai/status when orgId query parameter and header are omitted","status":"passed","title":"returns 400 TENANT_ID_REQUIRED for /api/ai/status when orgId query parameter and header are omitted","duration":1.347646999999995,"failureMessages":[],"meta":{},"tags":[]},{"ancestorTitles":["Cloudflare Worker API Boundary Integration","Strict Tenant ID Isolation & Zero Fallbacks across Route Handlers"],"fullName":"Cloudflare Worker API Boundary Integration Strict Tenant ID Isolation & Zero Fallbacks across Route Handlers /api/vault/dev-demo returns 404 DEV_ENDPOINT_DISABLED in production environment","status":"passed","title":"/api/vault/dev-demo returns 404 DEV_ENDPOINT_DISABLED in production environment","duration":0.688603999999998,"failureMessages":[],"meta":{},"tags":[]},{"ancestorTitles":["Cloudflare Worker API Boundary Integration","Strict Tenant ID Isolation & Zero Fallbacks across Route Handlers"],"fullName":"Cloudflare Worker API Boundary Integration Strict Tenant ID Isolation & Zero Fallbacks across Route Handlers /api/vault/dev-demo returns 400 PLAINTEXT_REQUIRED in dev if plaintext is empty","status":"passed","title":"/api/vault/dev-demo returns 400 PLAINTEXT_REQUIRED in dev if plaintext is empty","duration":1.014127999999971,"failureMessages":[],"meta":{},"tags":[]},{"ancestorTitles":["Cloudflare Worker API Boundary Integration","CORS Enforcement & ALLOWED_ORIGINS single source of truth"],"fullName":"Cloudflare Worker API Boundary Integration CORS Enforcement & ALLOWED_ORIGINS single source of truth Production CORS allows valid configured origins","status":"passed","title":"Production CORS allows valid configured origins","duration":0.6871049999999741,"failureMessages":[],"meta":{},"tags":[]},{"ancestorTitles":["Cloudflare Worker API Boundary Integration","CORS Enforcement & ALLOWED_ORIGINS single source of truth"],"fullName":"Cloudflare Worker API Boundary Integration CORS Enforcement & ALLOWED_ORIGINS single source of truth Production CORS blocks malicious origins and does not use substring matching","status":"passed","title":"Production CORS blocks malicious origins and does not use substring matching","duration":1.0166420000000471,"failureMessages":[],"meta":{},"tags":[]},{"ancestorTitles":["Cloudflare Worker API Boundary Integration","CORS Enforcement & ALLOWED_ORIGINS single source of truth"],"fullName":"Cloudflare Worker API Boundary Integration CORS Enforcement & ALLOWED_ORIGINS single source of truth Preview configured origin is allowed when explicitly in ALLOWED_ORIGINS","status":"passed","title":"Preview configured origin is allowed when explicitly in ALLOWED_ORIGINS","duration":0.3074940000000197,"failureMessages":[],"meta":{},"tags":[]},{"ancestorTitles":["Cloudflare Worker API Boundary Integration","CORS Enforcement & ALLOWED_ORIGINS single source of truth"],"fullName":"Cloudflare Worker API Boundary Integration CORS Enforcement & ALLOWED_ORIGINS single source of truth Unknown preview origin is strictly denied","status":"passed","title":"Unknown preview origin is strictly denied","duration":0.325019999999995,"failureMessages":[],"meta":{},"tags":[]},{"ancestorTitles":["Cloudflare Worker API Boundary Integration","CORS Enforcement & ALLOWED_ORIGINS single source of truth"],"fullName":"Cloudflare Worker API Boundary Integration CORS Enforcement & ALLOWED_ORIGINS single source of truth getValidatedCorsOrigin unit tests verify exact matching without reflection","status":"passed","title":"getValidatedCorsOrigin unit tests verify exact matching without reflection","duration":0.3409499999999639,"failureMessages":[],"meta":{},"tags":[]},{"ancestorTitles":["Cloudflare Worker API Boundary Integration","POST /api/actions Worker Authority & Policy Validation"],"fullName":"Cloudflare Worker API Boundary Integration POST /api/actions Worker Authority & Policy Validation successfully approves action when guardrails pass and records audit log","status":"passed","title":"successfully approves action when guardrails pass and records audit log","duration":4.2666940000000295,"failureMessages":[],"meta":{},"tags":[]},{"ancestorTitles":["Cloudflare Worker API Boundary Integration","POST /api/actions Worker Authority & Policy Validation"],"fullName":"Cloudflare Worker API Boundary Integration POST /api/actions Worker Authority & Policy Validation rejects action approval when client attempts to substitute execution payload (400 BAD_REQUEST)","status":"passed","title":"rejects action approval when client attempts to substitute execution payload (400 BAD_REQUEST)","duration":1.0266020000000253,"failureMessages":[],"meta":{},"tags":[]},{"ancestorTitles":["Cloudflare Worker API Boundary Integration","POST /api/actions Worker Authority & Policy Validation"],"fullName":"Cloudflare Worker API Boundary Integration POST /api/actions Worker Authority & Policy Validation rejects action approval with 422 GUARDRAIL_VIOLATION when stored action discount exceeds tenant policy limit","status":"passed","title":"rejects action approval with 422 GUARDRAIL_VIOLATION when stored action discount exceeds tenant policy limit","duration":1.4340660000000298,"failureMessages":[],"meta":{},"tags":[]},{"ancestorTitles":["Cloudflare Worker API Boundary Integration","POST /api/actions Worker Authority & Policy Validation"],"fullName":"Cloudflare Worker API Boundary Integration POST /api/actions Worker Authority & Policy Validation successfully rejects action","status":"passed","title":"successfully rejects action","duration":1.2130500000000097,"failureMessages":[],"meta":{},"tags":[]},{"ancestorTitles":["Cloudflare Worker API Boundary Integration","POST /api/actions Worker Authority & Policy Validation"],"fullName":"Cloudflare Worker API Boundary Integration POST /api/actions Worker Authority & Policy Validation successfully defers action","status":"passed","title":"successfully defers action","duration":1.2367689999999811,"failureMessages":[],"meta":{},"tags":[]},{"ancestorTitles":["Cloudflare Worker API Boundary Integration","POST /api/actions Worker Authority & Policy Validation"],"fullName":"Cloudflare Worker API Boundary Integration POST /api/actions Worker Authority & Policy Validation returns 400 when status is invalid or actionId is missing","status":"passed","title":"returns 400 when status is invalid or actionId is missing","duration":0.8095859999999675,"failureMessages":[],"meta":{},"tags":[]},{"ancestorTitles":["Cloudflare Worker API Boundary Integration","/api/action-policy authenticated CRUD and invariants"],"fullName":"Cloudflare Worker API Boundary Integration /api/action-policy authenticated CRUD and invariants GET /api/action-policy allows settings.read role and returns policy","status":"passed","title":"GET /api/action-policy allows settings.read role and returns policy","duration":1.2269589999999653,"failureMessages":[],"meta":{},"tags":[]},{"ancestorTitles":["Cloudflare Worker API Boundary Integration","/api/action-policy authenticated CRUD and invariants"],"fullName":"Cloudflare Worker API Boundary Integration /api/action-policy authenticated CRUD and invariants GET /api/action-policy rejects unauthorized roles or missing auth","status":"passed","title":"GET /api/action-policy rejects unauthorized roles or missing auth","duration":1.3585450000000492,"failureMessages":[],"meta":{},"tags":[]},{"ancestorTitles":["Cloudflare Worker API Boundary Integration","/api/action-policy authenticated CRUD and invariants"],"fullName":"Cloudflare Worker API Boundary Integration /api/action-policy authenticated CRUD and invariants PATCH /api/action-policy allows settings.edit to update policy","status":"passed","title":"PATCH /api/action-policy allows settings.edit to update policy","duration":1.0396440000000098,"failureMessages":[],"meta":{},"tags":[]},{"ancestorTitles":["Cloudflare Worker API Boundary Integration","/api/action-policy authenticated CRUD and invariants"],"fullName":"Cloudflare Worker API Boundary Integration /api/action-policy authenticated CRUD and invariants PATCH /api/action-policy rejects attempts to disable human approval or enable auto execution","status":"passed","title":"PATCH /api/action-policy rejects attempts to disable human approval or enable auto execution","duration":0.8723430000000008,"failureMessages":[],"meta":{},"tags":[]},{"ancestorTitles":["Cloudflare Worker API Boundary Integration","/api/action-policy authenticated CRUD and invariants"],"fullName":"Cloudflare Worker API Boundary Integration /api/action-policy authenticated CRUD and invariants PATCH /api/action-policy rejects unknown fields","status":"passed","title":"PATCH /api/action-policy rejects unknown fields","duration":0.7214269999999487,"failureMessages":[],"meta":{},"tags":[]},{"ancestorTitles":["Cloudflare Worker API Boundary Integration","GET /api/session & /api/bootstrap"],"fullName":"Cloudflare Worker API Boundary Integration GET /api/session & /api/bootstrap returns server-derived identity context without trusting client input","status":"passed","title":"returns server-derived identity context without trusting client input","duration":0.7690959999999905,"failureMessages":[],"meta":{},"tags":[]},{"ancestorTitles":["Cloudflare Worker API Boundary Integration","GET /api/session & /api/bootstrap"],"fullName":"Cloudflare Worker API Boundary Integration GET /api/session & /api/bootstrap returns null activeOrganizationId and null role when orgId is omitted","status":"passed","title":"returns null activeOrganizationId and null role when orgId is omitted","duration":0.6995630000000119,"failureMessages":[],"meta":{},"tags":[]}],"startTime":1788361051341,"endTime":1788361051437.769,"status":"passed","message":"","name":"/app/applet/tests/worker/apiRoutes.test.ts"}]}